2020-09-28 17:01:09.998  INFO 64916 --- [restartedMain] .e.DevToolsPropertyDefaultsPostProcessor : Devtools property defaults active! Set 'spring.devtools.add-properties' to 'false' to disable
2020-09-28 17:01:10.586  INFO 64916 --- [restartedMain] c.a.n.c.c.impl.LocalConfigInfoProcessor  : LOCAL_SNAPSHOT_PATH:C:\Users\Administrator\nacos\config
2020-09-28 17:01:10.610  INFO 64916 --- [restartedMain] c.a.nacos.client.config.impl.Limiter     : limitTime:5.0
2020-09-28 17:01:10.633  WARN 64916 --- [restartedMain] c.a.c.n.c.NacosPropertySourceBuilder     : Ignore the empty nacos configuration and get it based on dataId[user-service] & group[DEFAULT_GROUP]
2020-09-28 17:01:10.636  WARN 64916 --- [restartedMain] c.a.c.n.c.NacosPropertySourceBuilder     : Ignore the empty nacos configuration and get it based on dataId[user-service.properties] & group[DEFAULT_GROUP]
2020-09-28 17:01:10.637  INFO 64916 --- [restartedMain] b.c.PropertySourceBootstrapConfiguration : Located property source: [BootstrapPropertySource {name='bootstrapProperties-user-service.properties,DEFAULT_GROUP'}, BootstrapPropertySource {name='bootstrapProperties-user-service,DEFAULT_GROUP'}]
2020-09-28 17:01:10.652  INFO 64916 --- [restartedMain] c.x.user.XiaoYuUserServiceApplication    : No active profile set, falling back to default profiles: default
2020-09-28 17:01:11.726  INFO 64916 --- [restartedMain] .s.d.r.c.RepositoryConfigurationDelegate : Multiple Spring Data modules found, entering strict repository configuration mode!
2020-09-28 17:01:11.727  INFO 64916 --- [restartedMain] .s.d.r.c.RepositoryConfigurationDelegate : Bootstrapping Spring Data Redis repositories in DEFAULT mode.
2020-09-28 17:01:11.755  INFO 64916 --- [restartedMain] .s.d.r.c.RepositoryConfigurationDelegate : Finished Spring Data repository scanning in 17ms. Found 0 Redis repository interfaces.
2020-09-28 17:01:12.136  INFO 64916 --- [restartedMain] o.s.cloud.context.scope.GenericScope     : BeanFactory id=141af322-50c7-3329-8e87-8abbb66de72f
2020-09-28 17:01:12.595  INFO 64916 --- [restartedMain] trationDelegate$BeanPostProcessorChecker : Bean 'org.springframework.security.access.expression.method.DefaultMethodSecurityExpressionHandler@5c9a9def' of type [org.springframework.security.access.expression.method.DefaultMethodSecurityExpressionHandler] is not eligible for getting processed by all BeanPostProcessors (for example: not eligible for auto-proxying)
2020-09-28 17:01:12.605  INFO 64916 --- [restartedMain] trationDelegate$BeanPostProcessorChecker : Bean 'methodSecurityMetadataSource' of type [org.springframework.security.access.method.DelegatingMethodSecurityMetadataSource] is not eligible for getting processed by all BeanPostProcessors (for example: not eligible for auto-proxying)
2020-09-28 17:01:12.625  INFO 64916 --- [restartedMain] trationDelegate$BeanPostProcessorChecker : Bean 'com.xiaoyu.common.redis.config.RedisConfig' of type [com.xiaoyu.common.redis.config.RedisConfig$$EnhancerBySpringCGLIB$$db15b059] is not eligible for getting processed by all BeanPostProcessors (for example: not eligible for auto-proxying)
2020-09-28 17:01:12.711  INFO 64916 --- [restartedMain] trationDelegate$BeanPostProcessorChecker : Bean 'spring.cloud.sentinel-com.alibaba.cloud.sentinel.SentinelProperties' of type [com.alibaba.cloud.sentinel.SentinelProperties] is not eligible for getting processed by all BeanPostProcessors (for example: not eligible for auto-proxying)
2020-09-28 17:01:12.731  INFO 64916 --- [restartedMain] trationDelegate$BeanPostProcessorChecker : Bean 'com.alibaba.cloud.sentinel.custom.SentinelAutoConfiguration' of type [com.alibaba.cloud.sentinel.custom.SentinelAutoConfiguration] is not eligible for getting processed by all BeanPostProcessors (for example: not eligible for auto-proxying)
2020-09-28 17:01:14.026  INFO 64916 --- [restartedMain] o.s.b.w.embedded.tomcat.TomcatWebServer  : Tomcat initialized with port(s): 8888 (http)
2020-09-28 17:01:14.037  INFO 64916 --- [restartedMain] o.apache.catalina.core.StandardService   : Starting service [Tomcat]
2020-09-28 17:01:14.038  INFO 64916 --- [restartedMain] org.apache.catalina.core.StandardEngine  : Starting Servlet engine: [Apache Tomcat/9.0.37]
2020-09-28 17:01:14.222  INFO 64916 --- [restartedMain] o.a.c.c.C.[Tomcat].[localhost].[/]       : Initializing Spring embedded WebApplicationContext
2020-09-28 17:01:14.222  INFO 64916 --- [restartedMain] w.s.c.ServletWebServerApplicationContext : Root WebApplicationContext: initialization completed in 3545 ms
2020-09-28 17:01:14.274  WARN 64916 --- [restartedMain] o.s.s.o.p.t.s.JwtAccessTokenConverter    : Unable to create an RSA verifier from verifierKey (ignoreable if using MAC)
2020-09-28 17:01:14.721  INFO 64916 --- [restartedMain] c.a.d.s.b.a.DruidDataSourceAutoConfigure : Init DruidDataSource
2020-09-28 17:01:15.931  INFO 64916 --- [restartedMain] com.alibaba.druid.pool.DruidDataSource   : {dataSource-1} inited
2020-09-28 17:01:16.790  WARN 64916 --- [restartedMain] c.n.c.sources.URLConfigurationSource     : No URLs will be polled as dynamic configuration sources.
2020-09-28 17:01:16.790  INFO 64916 --- [restartedMain] c.n.c.sources.URLConfigurationSource     : To enable URLs as dynamic configuration sources, define System property archaius.configurationSource.additionalUrls or make config.properties available on classpath.
2020-09-28 17:01:16.794  WARN 64916 --- [restartedMain] c.n.c.sources.URLConfigurationSource     : No URLs will be polled as dynamic configuration sources.
2020-09-28 17:01:16.794  INFO 64916 --- [restartedMain] c.n.c.sources.URLConfigurationSource     : To enable URLs as dynamic configuration sources, define System property archaius.configurationSource.additionalUrls or make config.properties available on classpath.
2020-09-28 17:01:17.113  INFO 64916 --- [restartedMain] o.s.s.concurrent.ThreadPoolTaskExecutor  : Initializing ExecutorService 'applicationTaskExecutor'
2020-09-28 17:01:17.183  INFO 64916 --- [restartedMain] c.a.c.s.SentinelWebAutoConfiguration     : [Sentinel Starter] register SentinelWebInterceptor with urlPatterns: [/**].
2020-09-28 17:01:17.425  INFO 64916 --- [restartedMain] o.s.s.c.ThreadPoolTaskScheduler          : Initializing ExecutorService 'Nacso-Watch-Task-Scheduler'
2020-09-28 17:01:17.432  INFO 64916 --- [restartedMain] com.alibaba.nacos.client.naming          : initializer namespace from System Property :null
2020-09-28 17:01:17.432  INFO 64916 --- [restartedMain] com.alibaba.nacos.client.naming          : initializer namespace from System Environment :null
2020-09-28 17:01:17.433  INFO 64916 --- [restartedMain] com.alibaba.nacos.client.naming          : initializer namespace from System Property :null
2020-09-28 17:01:18.119  INFO 64916 --- [restartedMain] .s.s.UserDetailsServiceAutoConfiguration : 

Using generated security password: 338aae08-448b-4398-a62c-18191b57a263

2020-09-28 17:01:18.320  INFO 64916 --- [restartedMain] o.s.s.web.DefaultSecurityFilterChain     : Creating filter chain: any request, [org.springframework.security.web.context.request.async.WebAsyncManagerIntegrationFilter@56354dda, org.springframework.security.web.context.SecurityContextPersistenceFilter@46660da6, org.springframework.security.web.header.HeaderWriterFilter@2a48d10, org.springframework.security.web.authentication.logout.LogoutFilter@4f45171b, org.springframework.security.oauth2.provider.authentication.OAuth2AuthenticationProcessingFilter@56a9e97c, org.springframework.security.web.savedrequest.RequestCacheAwareFilter@7de94ef0, org.springframework.security.web.servletapi.SecurityContextHolderAwareRequestFilter@517c4ac8, org.springframework.security.web.authentication.AnonymousAuthenticationFilter@1a87a56e, org.springframework.security.web.session.SessionManagementFilter@4e5be33f, org.springframework.security.web.access.ExceptionTranslationFilter@4f55cf2, org.springframework.security.web.access.intercept.FilterSecurityInterceptor@109758fa]
2020-09-28 17:01:18.410  INFO 64916 --- [restartedMain] o.s.b.d.a.OptionalLiveReloadServer       : LiveReload server is running on port 35729
2020-09-28 17:01:18.713  INFO 64916 --- [restartedMain] o.s.b.w.embedded.tomcat.TomcatWebServer  : Tomcat started on port(s): 8888 (http) with context path ''
2020-09-28 17:01:18.716  INFO 64916 --- [restartedMain] com.alibaba.nacos.client.naming          : [BEAT] adding beat: {"cluster":"DEFAULT","ip":"192.168.2.212","metadata":{"preserved.register.source":"SPRING_CLOUD"},"period":5000,"port":8888,"scheduled":false,"serviceName":"DEFAULT_GROUP@@user-service","stopped":false,"weight":1.0} to beat map.
2020-09-28 17:01:18.802  INFO 64916 --- [restartedMain] com.alibaba.nacos.client.naming          : [REGISTER-SERVICE] public registering service DEFAULT_GROUP@@user-service with instance: {"clusterName":"DEFAULT","enabled":true,"ephemeral":true,"healthy":true,"instanceHeartBeatInterval":5000,"instanceHeartBeatTimeOut":15000,"ip":"192.168.2.212","ipDeleteTimeout":30000,"metadata":{"preserved.register.source":"SPRING_CLOUD"},"port":8888,"weight":1.0}
2020-09-28 17:01:18.837  INFO 64916 --- [restartedMain] c.a.c.n.registry.NacosServiceRegistry    : nacos registry, DEFAULT_GROUP user-service 192.168.2.212:8888 register finished
2020-09-28 17:01:18.930  INFO 64916 --- [restartedMain] c.x.user.XiaoYuUserServiceApplication    : Started XiaoYuUserServiceApplication in 9.829 seconds (JVM running for 11.061)
2020-09-28 17:01:18.936  INFO 64916 --- [restartedMain] c.x.c.core.handler.NacosConfigHandler    : 
##############################   Nacos 配置参数打印开始   ##############################
null
##############################   Nacos 配置参数打印结束   ##############################

2020-09-28 17:01:18.939  INFO 64916 --- [restartedMain] c.a.n.client.config.impl.ClientWorker    : [fixed-localhost_8848] [subscribe] user-service.properties+DEFAULT_GROUP
2020-09-28 17:01:18.940  INFO 64916 --- [restartedMain] c.a.nacos.client.config.impl.CacheData   : [fixed-localhost_8848] [add-listener] ok, tenant=, dataId=user-service.properties, group=DEFAULT_GROUP, cnt=1
2020-09-28 17:01:18.941  INFO 64916 --- [restartedMain] c.a.n.client.config.impl.ClientWorker    : [fixed-localhost_8848] [subscribe] user-service+DEFAULT_GROUP
2020-09-28 17:01:18.941  INFO 64916 --- [restartedMain] c.a.nacos.client.config.impl.CacheData   : [fixed-localhost_8848] [add-listener] ok, tenant=, dataId=user-service, group=DEFAULT_GROUP, cnt=1
2020-09-28 17:01:18.954  INFO 64916 --- [com.alibaba.nacos.client.Worker.longPolling.fixed-localhost_8848] c.a.n.client.config.impl.ClientWorker    : get changedGroupKeys:[]
