2020-09-23 16:51:06.605  INFO 16264 --- [restartedMain] .e.DevToolsPropertyDefaultsPostProcessor : Devtools property defaults active! Set 'spring.devtools.add-properties' to 'false' to disable
2020-09-23 16:51:07.480  INFO 16264 --- [restartedMain] c.a.n.c.c.impl.LocalConfigInfoProcessor  : LOCAL_SNAPSHOT_PATH:C:\Users\Administrator\nacos\config
2020-09-23 16:51:07.600  INFO 16264 --- [restartedMain] c.a.nacos.client.config.impl.Limiter     : limitTime:5.0
2020-09-23 16:51:07.768  WARN 16264 --- [restartedMain] c.a.c.n.c.NacosPropertySourceBuilder     : Ignore the empty nacos configuration and get it based on dataId[user-service] & group[DEFAULT_GROUP]
2020-09-23 16:51:07.774  WARN 16264 --- [restartedMain] c.a.c.n.c.NacosPropertySourceBuilder     : Ignore the empty nacos configuration and get it based on dataId[user-service.properties] & group[DEFAULT_GROUP]
2020-09-23 16:51:07.776  INFO 16264 --- [restartedMain] b.c.PropertySourceBootstrapConfiguration : Located property source: [BootstrapPropertySource {name='bootstrapProperties-user-service.properties,DEFAULT_GROUP'}, BootstrapPropertySource {name='bootstrapProperties-user-service,DEFAULT_GROUP'}]
2020-09-23 16:51:07.796  INFO 16264 --- [restartedMain] c.x.user.XiaoYuUserServiceApplication    : No active profile set, falling back to default profiles: default
2020-09-23 16:51:10.606  INFO 16264 --- [restartedMain] .s.d.r.c.RepositoryConfigurationDelegate : Multiple Spring Data modules found, entering strict repository configuration mode!
2020-09-23 16:51:10.611  INFO 16264 --- [restartedMain] .s.d.r.c.RepositoryConfigurationDelegate : Bootstrapping Spring Data Redis repositories in DEFAULT mode.
2020-09-23 16:51:10.694  INFO 16264 --- [restartedMain] .s.d.r.c.RepositoryConfigurationDelegate : Finished Spring Data repository scanning in 35ms. Found 0 Redis repository interfaces.
2020-09-23 16:51:11.366  INFO 16264 --- [restartedMain] o.s.cloud.context.scope.GenericScope     : BeanFactory id=d6b60db1-8840-3758-a3e9-440d857bf053
2020-09-23 16:51:11.589  INFO 16264 --- [restartedMain] trationDelegate$BeanPostProcessorChecker : Bean 'RedisConfig' of type [RedisConfig$$EnhancerBySpringCGLIB$$6af101ec] is not eligible for getting processed by all BeanPostProcessors (for example: not eligible for auto-proxying)
2020-09-23 16:51:11.682  INFO 16264 --- [restartedMain] trationDelegate$BeanPostProcessorChecker : Bean 'org.springframework.security.access.expression.method.DefaultMethodSecurityExpressionHandler@11ef5090' of type [org.springframework.security.access.expression.method.DefaultMethodSecurityExpressionHandler] is not eligible for getting processed by all BeanPostProcessors (for example: not eligible for auto-proxying)
2020-09-23 16:51:11.689  INFO 16264 --- [restartedMain] trationDelegate$BeanPostProcessorChecker : Bean 'methodSecurityMetadataSource' of type [org.springframework.security.access.method.DelegatingMethodSecurityMetadataSource] is not eligible for getting processed by all BeanPostProcessors (for example: not eligible for auto-proxying)
2020-09-23 16:51:12.481  INFO 16264 --- [restartedMain] o.s.b.w.embedded.tomcat.TomcatWebServer  : Tomcat initialized with port(s): 8888 (http)
2020-09-23 16:51:12.571  INFO 16264 --- [restartedMain] o.apache.catalina.core.StandardService   : Starting service [Tomcat]
2020-09-23 16:51:12.571  INFO 16264 --- [restartedMain] org.apache.catalina.core.StandardEngine  : Starting Servlet engine: [Apache Tomcat/9.0.37]
2020-09-23 16:51:12.728  INFO 16264 --- [restartedMain] o.a.c.c.C.[Tomcat].[localhost].[/]       : Initializing Spring embedded WebApplicationContext
2020-09-23 16:51:12.728  INFO 16264 --- [restartedMain] w.s.c.ServletWebServerApplicationContext : Root WebApplicationContext: initialization completed in 4832 ms
2020-09-23 16:51:12.789  WARN 16264 --- [restartedMain] o.s.s.o.p.t.s.JwtAccessTokenConverter    : Unable to create an RSA verifier from verifierKey (ignoreable if using MAC)
2020-09-23 16:51:13.301  INFO 16264 --- [restartedMain] c.a.d.s.b.a.DruidDataSourceAutoConfigure : Init DruidDataSource
2020-09-23 16:51:14.612  INFO 16264 --- [restartedMain] com.alibaba.druid.pool.DruidDataSource   : {dataSource-1} inited
2020-09-23 16:51:15.808  WARN 16264 --- [restartedMain] c.n.c.sources.URLConfigurationSource     : No URLs will be polled as dynamic configuration sources.
2020-09-23 16:51:15.808  INFO 16264 --- [restartedMain] c.n.c.sources.URLConfigurationSource     : To enable URLs as dynamic configuration sources, define System property archaius.configurationSource.additionalUrls or make config.properties available on classpath.
2020-09-23 16:51:15.835  WARN 16264 --- [restartedMain] c.n.c.sources.URLConfigurationSource     : No URLs will be polled as dynamic configuration sources.
2020-09-23 16:51:15.835  INFO 16264 --- [restartedMain] c.n.c.sources.URLConfigurationSource     : To enable URLs as dynamic configuration sources, define System property archaius.configurationSource.additionalUrls or make config.properties available on classpath.
2020-09-23 16:51:16.332  INFO 16264 --- [restartedMain] o.s.s.concurrent.ThreadPoolTaskExecutor  : Initializing ExecutorService 'applicationTaskExecutor'
2020-09-23 16:51:16.686  INFO 16264 --- [restartedMain] o.s.s.c.ThreadPoolTaskScheduler          : Initializing ExecutorService 'Nacso-Watch-Task-Scheduler'
2020-09-23 16:51:16.705  INFO 16264 --- [restartedMain] com.alibaba.nacos.client.naming          : initializer namespace from System Property :null
2020-09-23 16:51:16.706  INFO 16264 --- [restartedMain] com.alibaba.nacos.client.naming          : initializer namespace from System Environment :null
2020-09-23 16:51:16.706  INFO 16264 --- [restartedMain] com.alibaba.nacos.client.naming          : initializer namespace from System Property :null
2020-09-23 16:51:18.266  INFO 16264 --- [restartedMain] .s.s.UserDetailsServiceAutoConfiguration : 

Using generated security password: fbc8a6ca-aea8-4f0a-9436-3e798c22aed0

2020-09-23 16:51:18.668  INFO 16264 --- [restartedMain] o.s.s.web.DefaultSecurityFilterChain     : Creating filter chain: any request, [org.springframework.security.web.context.request.async.WebAsyncManagerIntegrationFilter@75142e1a, org.springframework.security.web.context.SecurityContextPersistenceFilter@5034a9ca, org.springframework.security.web.header.HeaderWriterFilter@7293c0f4, org.springframework.security.web.authentication.logout.LogoutFilter@87b0fe8, org.springframework.security.oauth2.provider.authentication.OAuth2AuthenticationProcessingFilter@10c6d985, org.springframework.security.web.savedrequest.RequestCacheAwareFilter@6a49a35, org.springframework.security.web.servletapi.SecurityContextHolderAwareRequestFilter@3aefd1db, org.springframework.security.web.authentication.AnonymousAuthenticationFilter@71c3963f, org.springframework.security.web.session.SessionManagementFilter@49d258b1, org.springframework.security.web.access.ExceptionTranslationFilter@552cb8f0, org.springframework.security.web.access.intercept.FilterSecurityInterceptor@30e2ee34]
2020-09-23 16:51:18.782  INFO 16264 --- [restartedMain] o.s.b.d.a.OptionalLiveReloadServer       : LiveReload server is running on port 35729
2020-09-23 16:51:19.258  INFO 16264 --- [restartedMain] o.s.b.w.embedded.tomcat.TomcatWebServer  : Tomcat started on port(s): 8888 (http) with context path ''
2020-09-23 16:51:19.262  INFO 16264 --- [restartedMain] com.alibaba.nacos.client.naming          : [BEAT] adding beat: {"cluster":"DEFAULT","ip":"192.168.2.212","metadata":{"preserved.register.source":"SPRING_CLOUD"},"period":5000,"port":8888,"scheduled":false,"serviceName":"DEFAULT_GROUP@@user-service","stopped":false,"weight":1.0} to beat map.
2020-09-23 16:51:19.433  INFO 16264 --- [restartedMain] com.alibaba.nacos.client.naming          : [REGISTER-SERVICE] public registering service DEFAULT_GROUP@@user-service with instance: {"clusterName":"DEFAULT","enabled":true,"ephemeral":true,"healthy":true,"instanceHeartBeatInterval":5000,"instanceHeartBeatTimeOut":15000,"ip":"192.168.2.212","ipDeleteTimeout":30000,"metadata":{"preserved.register.source":"SPRING_CLOUD"},"port":8888,"weight":1.0}
2020-09-23 16:51:19.524  INFO 16264 --- [restartedMain] c.a.c.n.registry.NacosServiceRegistry    : nacos registry, DEFAULT_GROUP user-service 192.168.2.212:8888 register finished
2020-09-23 16:51:19.616  INFO 16264 --- [restartedMain] c.x.user.XiaoYuUserServiceApplication    : Started XiaoYuUserServiceApplication in 14.209 seconds (JVM running for 18.229)
2020-09-23 16:51:19.620  INFO 16264 --- [restartedMain] c.a.n.client.config.impl.ClientWorker    : [fixed-localhost_8848] [subscribe] user-service.properties+DEFAULT_GROUP
2020-09-23 16:51:19.622  INFO 16264 --- [restartedMain] c.a.nacos.client.config.impl.CacheData   : [fixed-localhost_8848] [add-listener] ok, tenant=, dataId=user-service.properties, group=DEFAULT_GROUP, cnt=1
2020-09-23 16:51:19.622  INFO 16264 --- [restartedMain] c.a.n.client.config.impl.ClientWorker    : [fixed-localhost_8848] [subscribe] user-service+DEFAULT_GROUP
2020-09-23 16:51:19.622  INFO 16264 --- [restartedMain] c.a.nacos.client.config.impl.CacheData   : [fixed-localhost_8848] [add-listener] ok, tenant=, dataId=user-service, group=DEFAULT_GROUP, cnt=1
2020-09-23 16:51:19.645  INFO 16264 --- [com.alibaba.nacos.client.Worker.longPolling.fixed-localhost_8848] c.a.n.client.config.impl.ClientWorker    : get changedGroupKeys:[]
2020-09-23 16:51:19.661  INFO 16264 --- [com.alibaba.nacos.client.Worker.longPolling.fixed-localhost_8848] c.a.n.client.config.impl.ClientWorker    : get changedGroupKeys:[]
2020-09-23 16:51:49.352  INFO 16264 --- [com.alibaba.nacos.client.Worker.longPolling.fixed-localhost_8848] c.a.n.client.config.impl.ClientWorker    : get changedGroupKeys:[]
2020-09-23 16:52:18.857  INFO 16264 --- [com.alibaba.nacos.client.Worker.longPolling.fixed-localhost_8848] c.a.n.client.config.impl.ClientWorker    : get changedGroupKeys:[]
2020-09-23 16:52:20.342  INFO 16264 --- [http-nio-8888-exec-2] o.a.c.c.C.[Tomcat].[localhost].[/]       : Initializing Spring DispatcherServlet 'dispatcherServlet'
2020-09-23 16:52:20.342  INFO 16264 --- [http-nio-8888-exec-2] o.s.web.servlet.DispatcherServlet        : Initializing Servlet 'dispatcherServlet'
2020-09-23 16:52:20.355  INFO 16264 --- [http-nio-8888-exec-2] o.s.web.servlet.DispatcherServlet        : Completed initialization in 13 ms
2020-09-23 16:55:50.339  INFO 16264 --- [com.alibaba.nacos.client.Worker.longPolling.fixed-localhost_8848] c.a.n.client.config.impl.ClientWorker    : get changedGroupKeys:[]
2020-09-23 16:55:50.347  INFO 16264 --- [com.alibaba.nacos.naming.beat.sender] com.alibaba.nacos.client.naming          : [REGISTER-SERVICE] public registering service DEFAULT_GROUP@@user-service with instance: {"clusterName":"DEFAULT","enabled":true,"ephemeral":true,"healthy":true,"instanceHeartBeatInterval":5000,"instanceHeartBeatTimeOut":15000,"ip":"192.168.2.212","ipDeleteTimeout":30000,"metadata":{"preserved.register.source":"SPRING_CLOUD"},"port":8888,"serviceName":"DEFAULT_GROUP@@user-service","weight":1.0}
