2020-09-27 16:40:35.684  INFO 39404 --- [restartedMain] .e.DevToolsPropertyDefaultsPostProcessor : Devtools property defaults active! Set 'spring.devtools.add-properties' to 'false' to disable
2020-09-27 16:40:36.569  INFO 39404 --- [restartedMain] c.a.n.c.c.impl.LocalConfigInfoProcessor  : LOCAL_SNAPSHOT_PATH:C:\Users\Administrator\nacos\config
2020-09-27 16:40:36.603  INFO 39404 --- [restartedMain] c.a.nacos.client.config.impl.Limiter     : limitTime:5.0
2020-09-27 16:40:36.748  WARN 39404 --- [restartedMain] c.a.c.n.c.NacosPropertySourceBuilder     : Ignore the empty nacos configuration and get it based on dataId[user-service] & group[DEFAULT_GROUP]
2020-09-27 16:40:36.798  WARN 39404 --- [restartedMain] c.a.c.n.c.NacosPropertySourceBuilder     : Ignore the empty nacos configuration and get it based on dataId[user-service.properties] & group[DEFAULT_GROUP]
2020-09-27 16:40:36.799  INFO 39404 --- [restartedMain] b.c.PropertySourceBootstrapConfiguration : Located property source: [BootstrapPropertySource {name='bootstrapProperties-user-service.properties,DEFAULT_GROUP'}, BootstrapPropertySource {name='bootstrapProperties-user-service,DEFAULT_GROUP'}]
2020-09-27 16:40:36.815  INFO 39404 --- [restartedMain] c.x.user.XiaoYuUserServiceApplication    : No active profile set, falling back to default profiles: default
2020-09-27 16:40:38.264  INFO 39404 --- [restartedMain] .s.d.r.c.RepositoryConfigurationDelegate : Multiple Spring Data modules found, entering strict repository configuration mode!
2020-09-27 16:40:38.266  INFO 39404 --- [restartedMain] .s.d.r.c.RepositoryConfigurationDelegate : Bootstrapping Spring Data Redis repositories in DEFAULT mode.
2020-09-27 16:40:38.304  INFO 39404 --- [restartedMain] .s.d.r.c.RepositoryConfigurationDelegate : Finished Spring Data repository scanning in 26ms. Found 0 Redis repository interfaces.
2020-09-27 16:40:38.664  INFO 39404 --- [restartedMain] o.s.cloud.context.scope.GenericScope     : BeanFactory id=73bed18d-9296-346a-8ab5-f3332a071899
2020-09-27 16:40:39.957  INFO 39404 --- [restartedMain] trationDelegate$BeanPostProcessorChecker : Bean 'RedisConfig' of type [RedisConfig$$EnhancerBySpringCGLIB$$6e82e0dd] is not eligible for getting processed by all BeanPostProcessors (for example: not eligible for auto-proxying)
2020-09-27 16:40:40.136  INFO 39404 --- [restartedMain] trationDelegate$BeanPostProcessorChecker : Bean 'org.springframework.security.access.expression.method.DefaultMethodSecurityExpressionHandler@3ebd8ea0' of type [org.springframework.security.access.expression.method.DefaultMethodSecurityExpressionHandler] is not eligible for getting processed by all BeanPostProcessors (for example: not eligible for auto-proxying)
2020-09-27 16:40:40.149  INFO 39404 --- [restartedMain] trationDelegate$BeanPostProcessorChecker : Bean 'methodSecurityMetadataSource' of type [org.springframework.security.access.method.DelegatingMethodSecurityMetadataSource] is not eligible for getting processed by all BeanPostProcessors (for example: not eligible for auto-proxying)
2020-09-27 16:40:40.175  INFO 39404 --- [restartedMain] trationDelegate$BeanPostProcessorChecker : Bean 'spring.cloud.sentinel-com.alibaba.cloud.sentinel.SentinelProperties' of type [com.alibaba.cloud.sentinel.SentinelProperties] is not eligible for getting processed by all BeanPostProcessors (for example: not eligible for auto-proxying)
2020-09-27 16:40:40.180  INFO 39404 --- [restartedMain] trationDelegate$BeanPostProcessorChecker : Bean 'com.alibaba.cloud.sentinel.custom.SentinelAutoConfiguration' of type [com.alibaba.cloud.sentinel.custom.SentinelAutoConfiguration] is not eligible for getting processed by all BeanPostProcessors (for example: not eligible for auto-proxying)
2020-09-27 16:40:41.049  INFO 39404 --- [restartedMain] o.s.b.w.embedded.tomcat.TomcatWebServer  : Tomcat initialized with port(s): 8888 (http)
2020-09-27 16:40:41.061  INFO 39404 --- [restartedMain] o.apache.catalina.core.StandardService   : Starting service [Tomcat]
2020-09-27 16:40:41.062  INFO 39404 --- [restartedMain] org.apache.catalina.core.StandardEngine  : Starting Servlet engine: [Apache Tomcat/9.0.37]
2020-09-27 16:40:41.249  INFO 39404 --- [restartedMain] o.a.c.c.C.[Tomcat].[localhost].[/]       : Initializing Spring embedded WebApplicationContext
2020-09-27 16:40:41.249  INFO 39404 --- [restartedMain] w.s.c.ServletWebServerApplicationContext : Root WebApplicationContext: initialization completed in 4412 ms
2020-09-27 16:40:41.315  WARN 39404 --- [restartedMain] o.s.s.o.p.t.s.JwtAccessTokenConverter    : Unable to create an RSA verifier from verifierKey (ignoreable if using MAC)
2020-09-27 16:40:41.632  INFO 39404 --- [restartedMain] c.a.d.s.b.a.DruidDataSourceAutoConfigure : Init DruidDataSource
2020-09-27 16:40:42.608  INFO 39404 --- [restartedMain] com.alibaba.druid.pool.DruidDataSource   : {dataSource-1} inited
2020-09-27 16:40:44.607  WARN 39404 --- [restartedMain] c.n.c.sources.URLConfigurationSource     : No URLs will be polled as dynamic configuration sources.
2020-09-27 16:40:44.608  INFO 39404 --- [restartedMain] c.n.c.sources.URLConfigurationSource     : To enable URLs as dynamic configuration sources, define System property archaius.configurationSource.additionalUrls or make config.properties available on classpath.
2020-09-27 16:40:44.615  WARN 39404 --- [restartedMain] c.n.c.sources.URLConfigurationSource     : No URLs will be polled as dynamic configuration sources.
2020-09-27 16:40:44.615  INFO 39404 --- [restartedMain] c.n.c.sources.URLConfigurationSource     : To enable URLs as dynamic configuration sources, define System property archaius.configurationSource.additionalUrls or make config.properties available on classpath.
2020-09-27 16:40:45.205  INFO 39404 --- [restartedMain] o.s.s.concurrent.ThreadPoolTaskExecutor  : Initializing ExecutorService 'applicationTaskExecutor'
2020-09-27 16:40:45.321  INFO 39404 --- [restartedMain] c.a.c.s.SentinelWebAutoConfiguration     : [Sentinel Starter] register SentinelWebInterceptor with urlPatterns: [/**].
2020-09-27 16:40:45.822  INFO 39404 --- [restartedMain] o.s.s.c.ThreadPoolTaskScheduler          : Initializing ExecutorService 'Nacso-Watch-Task-Scheduler'
2020-09-27 16:40:45.835  INFO 39404 --- [restartedMain] com.alibaba.nacos.client.naming          : initializer namespace from System Property :null
2020-09-27 16:40:45.836  INFO 39404 --- [restartedMain] com.alibaba.nacos.client.naming          : initializer namespace from System Environment :null
2020-09-27 16:40:45.837  INFO 39404 --- [restartedMain] com.alibaba.nacos.client.naming          : initializer namespace from System Property :null
2020-09-27 16:40:47.356  INFO 39404 --- [restartedMain] .s.s.UserDetailsServiceAutoConfiguration : 

Using generated security password: df05a2c1-6735-4859-a76a-4b46cc3608a5

2020-09-27 16:40:47.852  INFO 39404 --- [restartedMain] o.s.s.web.DefaultSecurityFilterChain     : Creating filter chain: any request, [org.springframework.security.web.context.request.async.WebAsyncManagerIntegrationFilter@6fbc1ba, org.springframework.security.web.context.SecurityContextPersistenceFilter@168651aa, org.springframework.security.web.header.HeaderWriterFilter@1c2dd581, org.springframework.security.web.authentication.logout.LogoutFilter@6f173019, org.springframework.security.oauth2.provider.authentication.OAuth2AuthenticationProcessingFilter@3c642ab8, org.springframework.security.web.savedrequest.RequestCacheAwareFilter@1b326bd2, org.springframework.security.web.servletapi.SecurityContextHolderAwareRequestFilter@7ee7c0c2, org.springframework.security.web.authentication.AnonymousAuthenticationFilter@314433a2, org.springframework.security.web.session.SessionManagementFilter@5f02e026, org.springframework.security.web.access.ExceptionTranslationFilter@1d2d7c24, org.springframework.security.web.access.intercept.FilterSecurityInterceptor@39a363c4]
2020-09-27 16:40:48.021  INFO 39404 --- [restartedMain] o.s.b.d.a.OptionalLiveReloadServer       : LiveReload server is running on port 35729
2020-09-27 16:40:48.743  INFO 39404 --- [restartedMain] o.s.b.w.embedded.tomcat.TomcatWebServer  : Tomcat started on port(s): 8888 (http) with context path ''
2020-09-27 16:40:48.747  INFO 39404 --- [restartedMain] com.alibaba.nacos.client.naming          : [BEAT] adding beat: {"cluster":"DEFAULT","ip":"192.168.2.212","metadata":{"preserved.register.source":"SPRING_CLOUD"},"period":5000,"port":8888,"scheduled":false,"serviceName":"DEFAULT_GROUP@@user-service","stopped":false,"weight":1.0} to beat map.
2020-09-27 16:40:48.882  INFO 39404 --- [restartedMain] com.alibaba.nacos.client.naming          : [REGISTER-SERVICE] public registering service DEFAULT_GROUP@@user-service with instance: {"clusterName":"DEFAULT","enabled":true,"ephemeral":true,"healthy":true,"instanceHeartBeatInterval":5000,"instanceHeartBeatTimeOut":15000,"ip":"192.168.2.212","ipDeleteTimeout":30000,"metadata":{"preserved.register.source":"SPRING_CLOUD"},"port":8888,"weight":1.0}
2020-09-27 16:40:49.011  INFO 39404 --- [restartedMain] c.a.c.n.registry.NacosServiceRegistry    : nacos registry, DEFAULT_GROUP user-service 192.168.2.212:8888 register finished
2020-09-27 16:40:49.270  INFO 39404 --- [restartedMain] c.x.user.XiaoYuUserServiceApplication    : Started XiaoYuUserServiceApplication in 14.849 seconds (JVM running for 16.444)
2020-09-27 16:40:49.275  INFO 39404 --- [restartedMain] c.a.n.client.config.impl.ClientWorker    : [fixed-localhost_8848] [subscribe] user-service.properties+DEFAULT_GROUP
2020-09-27 16:40:49.277  INFO 39404 --- [restartedMain] c.a.nacos.client.config.impl.CacheData   : [fixed-localhost_8848] [add-listener] ok, tenant=, dataId=user-service.properties, group=DEFAULT_GROUP, cnt=1
2020-09-27 16:40:49.277  INFO 39404 --- [restartedMain] c.a.n.client.config.impl.ClientWorker    : [fixed-localhost_8848] [subscribe] user-service+DEFAULT_GROUP
2020-09-27 16:40:49.278  INFO 39404 --- [restartedMain] c.a.nacos.client.config.impl.CacheData   : [fixed-localhost_8848] [add-listener] ok, tenant=, dataId=user-service, group=DEFAULT_GROUP, cnt=1
2020-09-27 16:40:49.290  INFO 39404 --- [com.alibaba.nacos.client.Worker.longPolling.fixed-localhost_8848] c.a.n.client.config.impl.ClientWorker    : get changedGroupKeys:[]
2020-09-27 16:40:55.688  INFO 39404 --- [http-nio-8888-exec-2] o.a.c.c.C.[Tomcat].[localhost].[/]       : Initializing Spring DispatcherServlet 'dispatcherServlet'
2020-09-27 16:40:55.689  INFO 39404 --- [http-nio-8888-exec-2] o.s.web.servlet.DispatcherServlet        : Initializing Servlet 'dispatcherServlet'
2020-09-27 16:40:55.702  INFO 39404 --- [http-nio-8888-exec-2] o.s.web.servlet.DispatcherServlet        : Completed initialization in 13 ms
2020-09-27 16:40:58.157 DEBUG 39404 --- [http-nio-8888-exec-2] c.x.u.m.SystemUserMapper.selectList      : ==>  Preparing: SELECT user_id,user_name,password,salt,real_name,email,phone,status,flag FROM system_user WHERE flag=0 
2020-09-27 16:40:58.951 DEBUG 39404 --- [http-nio-8888-exec-2] c.x.u.m.SystemUserMapper.selectList      : ==> Parameters: 
2020-09-27 16:40:59.069 DEBUG 39404 --- [http-nio-8888-exec-2] c.x.u.m.SystemUserMapper.selectList      : <==      Total: 3
2020-09-27 16:41:19.015  INFO 39404 --- [com.alibaba.nacos.client.Worker.longPolling.fixed-localhost_8848] c.a.n.client.config.impl.ClientWorker    : get changedGroupKeys:[]
2020-09-27 16:41:48.519  INFO 39404 --- [com.alibaba.nacos.client.Worker.longPolling.fixed-localhost_8848] c.a.n.client.config.impl.ClientWorker    : get changedGroupKeys:[]
2020-09-27 16:42:18.027  INFO 39404 --- [com.alibaba.nacos.client.Worker.longPolling.fixed-localhost_8848] c.a.n.client.config.impl.ClientWorker    : get changedGroupKeys:[]
2020-09-27 16:42:47.536  INFO 39404 --- [com.alibaba.nacos.client.Worker.longPolling.fixed-localhost_8848] c.a.n.client.config.impl.ClientWorker    : get changedGroupKeys:[]
2020-09-27 16:43:17.062  INFO 39404 --- [com.alibaba.nacos.client.Worker.longPolling.fixed-localhost_8848] c.a.n.client.config.impl.ClientWorker    : get changedGroupKeys:[]
2020-09-27 16:43:19.793 DEBUG 39404 --- [http-nio-8888-exec-4] c.x.u.m.SystemUserMapper.selectList      : ==>  Preparing: SELECT user_id,user_name,password,salt,real_name,email,phone,status,flag FROM system_user WHERE flag=0 
2020-09-27 16:43:19.794 DEBUG 39404 --- [http-nio-8888-exec-4] c.x.u.m.SystemUserMapper.selectList      : ==> Parameters: 
2020-09-27 16:43:19.804 DEBUG 39404 --- [http-nio-8888-exec-4] c.x.u.m.SystemUserMapper.selectList      : <==      Total: 3
2020-09-27 16:43:46.580  INFO 39404 --- [com.alibaba.nacos.client.Worker.longPolling.fixed-localhost_8848] c.a.n.client.config.impl.ClientWorker    : get changedGroupKeys:[]
2020-09-27 16:44:16.095  INFO 39404 --- [com.alibaba.nacos.client.Worker.longPolling.fixed-localhost_8848] c.a.n.client.config.impl.ClientWorker    : get changedGroupKeys:[]
2020-09-27 16:44:45.600  INFO 39404 --- [com.alibaba.nacos.client.Worker.longPolling.fixed-localhost_8848] c.a.n.client.config.impl.ClientWorker    : get changedGroupKeys:[]
2020-09-27 16:45:15.109  INFO 39404 --- [com.alibaba.nacos.client.Worker.longPolling.fixed-localhost_8848] c.a.n.client.config.impl.ClientWorker    : get changedGroupKeys:[]
2020-09-27 16:45:44.613  INFO 39404 --- [com.alibaba.nacos.client.Worker.longPolling.fixed-localhost_8848] c.a.n.client.config.impl.ClientWorker    : get changedGroupKeys:[]
2020-09-27 16:46:14.120  INFO 39404 --- [com.alibaba.nacos.client.Worker.longPolling.fixed-localhost_8848] c.a.n.client.config.impl.ClientWorker    : get changedGroupKeys:[]
2020-09-27 16:46:43.640  INFO 39404 --- [com.alibaba.nacos.client.Worker.longPolling.fixed-localhost_8848] c.a.n.client.config.impl.ClientWorker    : get changedGroupKeys:[]
2020-09-27 16:46:45.715  WARN 39404 --- [http-nio-8888-exec-7] .w.s.m.s.DefaultHandlerExceptionResolver : Resolved [org.springframework.web.bind.MissingServletRequestParameterException: Required String parameter 'username' is not present]
2020-09-27 16:47:02.474 ERROR 39404 --- [http-nio-8888-exec-10] o.a.c.c.C.[.[.[/].[dispatcherServlet]    : Servlet.service() for servlet [dispatcherServlet] in context with path [] threw exception [Request processing failed; nested exception is org.springframework.data.redis.serializer.SerializationException: Could not read JSON: Could not resolve type id 'bo.ResultBody' as a subtype of `java.lang.Object`: no such class found
 at [Source: (byte[])"{"@class":"bo.ResultBody","code":"00","result":true,"msg":"成功","data":{"@class":"com.xiaoyu.user.entity.SystemUser","userId":15,"userName":"karl","password":"$2a$10$tBHq7s3QhotcUusmt36xtOtt7Sa6AB6GFLcGVW.AQ8TXlGgTxPZLK","salt":null,"realName":null,"email":null,"phone":null,"status":null,"flag":null}}"; line: 1, column: 11]; nested exception is com.fasterxml.jackson.databind.exc.InvalidTypeIdException: Could not resolve type id 'bo.ResultBody' as a subtype of `java.lang.Object`: no such class found
 at [Source: (byte[])"{"@class":"bo.ResultBody","code":"00","result":true,"msg":"成功","data":{"@class":"com.xiaoyu.user.entity.SystemUser","userId":15,"userName":"karl","password":"$2a$10$tBHq7s3QhotcUusmt36xtOtt7Sa6AB6GFLcGVW.AQ8TXlGgTxPZLK","salt":null,"realName":null,"email":null,"phone":null,"status":null,"flag":null}}"; line: 1, column: 11]] with root cause

com.fasterxml.jackson.databind.exc.InvalidTypeIdException: Could not resolve type id 'bo.ResultBody' as a subtype of `java.lang.Object`: no such class found
 at [Source: (byte[])"{"@class":"bo.ResultBody","code":"00","result":true,"msg":"成功","data":{"@class":"com.xiaoyu.user.entity.SystemUser","userId":15,"userName":"karl","password":"$2a$10$tBHq7s3QhotcUusmt36xtOtt7Sa6AB6GFLcGVW.AQ8TXlGgTxPZLK","salt":null,"realName":null,"email":null,"phone":null,"status":null,"flag":null}}"; line: 1, column: 11]
	at com.fasterxml.jackson.databind.exc.InvalidTypeIdException.from(InvalidTypeIdException.java:43)
	at com.fasterxml.jackson.databind.DeserializationContext.invalidTypeIdException(DeserializationContext.java:1784)
	at com.fasterxml.jackson.databind.DeserializationContext.handleUnknownTypeId(DeserializationContext.java:1291)
	at com.fasterxml.jackson.databind.jsontype.impl.ClassNameIdResolver._typeFromId(ClassNameIdResolver.java:76)
	at com.fasterxml.jackson.databind.jsontype.impl.ClassNameIdResolver.typeFromId(ClassNameIdResolver.java:66)
	at com.fasterxml.jackson.databind.jsontype.impl.TypeDeserializerBase._findDeserializer(TypeDeserializerBase.java:154)
	at com.fasterxml.jackson.databind.jsontype.impl.AsPropertyTypeDeserializer._deserializeTypedForId(AsPropertyTypeDeserializer.java:115)
	at com.fasterxml.jackson.databind.jsontype.impl.AsPropertyTypeDeserializer.deserializeTypedFromObject(AsPropertyTypeDeserializer.java:99)
	at com.fasterxml.jackson.databind.jsontype.impl.AsPropertyTypeDeserializer.deserializeTypedFromAny(AsPropertyTypeDeserializer.java:195)
	at com.fasterxml.jackson.databind.deser.std.UntypedObjectDeserializer$Vanilla.deserializeWithType(UntypedObjectDeserializer.java:710)
	at com.fasterxml.jackson.databind.deser.impl.TypeWrappedDeserializer.deserialize(TypeWrappedDeserializer.java:68)
	at com.fasterxml.jackson.databind.ObjectMapper._readMapAndClose(ObjectMapper.java:4524)
	at com.fasterxml.jackson.databind.ObjectMapper.readValue(ObjectMapper.java:3527)
	at org.springframework.data.redis.serializer.GenericJackson2JsonRedisSerializer.deserialize(GenericJackson2JsonRedisSerializer.java:150)
	at org.springframework.data.redis.serializer.GenericJackson2JsonRedisSerializer.deserialize(GenericJackson2JsonRedisSerializer.java:130)
	at org.springframework.data.redis.serializer.DefaultRedisElementReader.read(DefaultRedisElementReader.java:48)
	at org.springframework.data.redis.serializer.RedisSerializationContext$SerializationPair.read(RedisSerializationContext.java:272)
	at org.springframework.data.redis.cache.RedisCache.deserializeCacheValue(RedisCache.java:260)
	at org.springframework.data.redis.cache.RedisCache.lookup(RedisCache.java:94)
	at org.springframework.cache.support.AbstractValueAdaptingCache.get(AbstractValueAdaptingCache.java:58)
	at org.springframework.cache.interceptor.AbstractCacheInvoker.doGet(AbstractCacheInvoker.java:73)
	at org.springframework.cache.interceptor.CacheAspectSupport.findInCaches(CacheAspectSupport.java:555)
	at org.springframework.cache.interceptor.CacheAspectSupport.findCachedItem(CacheAspectSupport.java:520)
	at org.springframework.cache.interceptor.CacheAspectSupport.execute(CacheAspectSupport.java:402)
	at org.springframework.cache.interceptor.CacheAspectSupport.execute(CacheAspectSupport.java:346)
	at org.springframework.cache.interceptor.CacheInterceptor.invoke(CacheInterceptor.java:61)
	at org.springframework.aop.framework.ReflectiveMethodInvocation.proceed(ReflectiveMethodInvocation.java:186)
	at org.springframework.aop.framework.CglibAopProxy$CglibMethodInvocation.proceed(CglibAopProxy.java:749)
	at org.springframework.aop.framework.CglibAopProxy$DynamicAdvisedInterceptor.intercept(CglibAopProxy.java:691)
	at com.xiaoyu.user.feign.UserClient$$EnhancerBySpringCGLIB$$17cf779.userByUsername(<generated>)
	at sun.reflect.NativeMethodAccessorImpl.invoke0(Native Method)
	at sun.reflect.NativeMethodAccessorImpl.invoke(NativeMethodAccessorImpl.java:62)
	at sun.reflect.DelegatingMethodAccessorImpl.invoke(DelegatingMethodAccessorImpl.java:43)
	at java.lang.reflect.Method.invoke(Method.java:498)
	at org.springframework.web.method.support.InvocableHandlerMethod.doInvoke(InvocableHandlerMethod.java:190)
	at org.springframework.web.method.support.InvocableHandlerMethod.invokeForRequest(InvocableHandlerMethod.java:138)
	at org.springframework.web.servlet.mvc.method.annotation.ServletInvocableHandlerMethod.invokeAndHandle(ServletInvocableHandlerMethod.java:105)
	at org.springframework.web.servlet.mvc.method.annotation.RequestMappingHandlerAdapter.invokeHandlerMethod(RequestMappingHandlerAdapter.java:878)
	at org.springframework.web.servlet.mvc.method.annotation.RequestMappingHandlerAdapter.handleInternal(RequestMappingHandlerAdapter.java:792)
	at org.springframework.web.servlet.mvc.method.AbstractHandlerMethodAdapter.handle(AbstractHandlerMethodAdapter.java:87)
	at org.springframework.web.servlet.DispatcherServlet.doDispatch(DispatcherServlet.java:1040)
	at org.springframework.web.servlet.DispatcherServlet.doService(DispatcherServlet.java:943)
	at org.springframework.web.servlet.FrameworkServlet.processRequest(FrameworkServlet.java:1006)
	at org.springframework.web.servlet.FrameworkServlet.doGet(FrameworkServlet.java:898)
	at javax.servlet.http.HttpServlet.service(HttpServlet.java:626)
	at org.springframework.web.servlet.FrameworkServlet.service(FrameworkServlet.java:883)
	at javax.servlet.http.HttpServlet.service(HttpServlet.java:733)
	at org.apache.catalina.core.ApplicationFilterChain.internalDoFilter(ApplicationFilterChain.java:231)
	at org.apache.catalina.core.ApplicationFilterChain.doFilter(ApplicationFilterChain.java:166)
	at org.apache.tomcat.websocket.server.WsFilter.doFilter(WsFilter.java:53)
	at org.apache.catalina.core.ApplicationFilterChain.internalDoFilter(ApplicationFilterChain.java:193)
	at org.apache.catalina.core.ApplicationFilterChain.doFilter(ApplicationFilterChain.java:166)
	at AuthenticationFilter.doFilterInternal(AuthenticationFilter.java:71)
	at org.springframework.web.filter.OncePerRequestFilter.doFilter(OncePerRequestFilter.java:119)
	at org.apache.catalina.core.ApplicationFilterChain.internalDoFilter(ApplicationFilterChain.java:193)
	at org.apache.catalina.core.ApplicationFilterChain.doFilter(ApplicationFilterChain.java:166)
	at org.springframework.security.web.FilterChainProxy$VirtualFilterChain.doFilter(FilterChainProxy.java:320)
	at org.springframework.security.web.access.intercept.FilterSecurityInterceptor.invoke(FilterSecurityInterceptor.java:126)
	at org.springframework.security.web.access.intercept.FilterSecurityInterceptor.doFilter(FilterSecurityInterceptor.java:90)
	at org.springframework.security.web.FilterChainProxy$VirtualFilterChain.doFilter(FilterChainProxy.java:334)
	at org.springframework.security.web.access.ExceptionTranslationFilter.doFilter(ExceptionTranslationFilter.java:118)
	at org.springframework.security.web.FilterChainProxy$VirtualFilterChain.doFilter(FilterChainProxy.java:334)
	at org.springframework.security.web.session.SessionManagementFilter.doFilter(SessionManagementFilter.java:137)
	at org.springframework.security.web.FilterChainProxy$VirtualFilterChain.doFilter(FilterChainProxy.java:334)
	at org.springframework.security.web.authentication.AnonymousAuthenticationFilter.doFilter(AnonymousAuthenticationFilter.java:111)
	at org.springframework.security.web.FilterChainProxy$VirtualFilterChain.doFilter(FilterChainProxy.java:334)
	at org.springframework.security.web.servletapi.SecurityContextHolderAwareRequestFilter.doFilter(SecurityContextHolderAwareRequestFilter.java:158)
	at org.springframework.security.web.FilterChainProxy$VirtualFilterChain.doFilter(FilterChainProxy.java:334)
	at org.springframework.security.web.savedrequest.RequestCacheAwareFilter.doFilter(RequestCacheAwareFilter.java:63)
	at org.springframework.security.web.FilterChainProxy$VirtualFilterChain.doFilter(FilterChainProxy.java:334)
	at org.springframework.security.oauth2.provider.authentication.OAuth2AuthenticationProcessingFilter.doFilter(OAuth2AuthenticationProcessingFilter.java:176)
	at org.springframework.security.web.FilterChainProxy$VirtualFilterChain.doFilter(FilterChainProxy.java:334)
	at org.springframework.security.web.authentication.logout.LogoutFilter.doFilter(LogoutFilter.java:116)
	at org.springframework.security.web.FilterChainProxy$VirtualFilterChain.doFilter(FilterChainProxy.java:334)
	at org.springframework.security.web.header.HeaderWriterFilter.doHeadersAfter(HeaderWriterFilter.java:92)
	at org.springframework.security.web.header.HeaderWriterFilter.doFilterInternal(HeaderWriterFilter.java:77)
	at org.springframework.web.filter.OncePerRequestFilter.doFilter(OncePerRequestFilter.java:119)
	at org.springframework.security.web.FilterChainProxy$VirtualFilterChain.doFilter(FilterChainProxy.java:334)
	at org.springframework.security.web.context.SecurityContextPersistenceFilter.doFilter(SecurityContextPersistenceFilter.java:105)
	at org.springframework.security.web.FilterChainProxy$VirtualFilterChain.doFilter(FilterChainProxy.java:334)
	at org.springframework.security.web.context.request.async.WebAsyncManagerIntegrationFilter.doFilterInternal(WebAsyncManagerIntegrationFilter.java:56)
	at org.springframework.web.filter.OncePerRequestFilter.doFilter(OncePerRequestFilter.java:119)
	at org.springframework.security.web.FilterChainProxy$VirtualFilterChain.doFilter(FilterChainProxy.java:334)
	at org.springframework.security.web.FilterChainProxy.doFilterInternal(FilterChainProxy.java:215)
	at org.springframework.security.web.FilterChainProxy.doFilter(FilterChainProxy.java:178)
	at org.springframework.web.filter.DelegatingFilterProxy.invokeDelegate(DelegatingFilterProxy.java:358)
	at org.springframework.web.filter.DelegatingFilterProxy.doFilter(DelegatingFilterProxy.java:271)
	at org.apache.catalina.core.ApplicationFilterChain.internalDoFilter(ApplicationFilterChain.java:193)
	at org.apache.catalina.core.ApplicationFilterChain.doFilter(ApplicationFilterChain.java:166)
	at org.springframework.web.filter.RequestContextFilter.doFilterInternal(RequestContextFilter.java:100)
	at org.springframework.web.filter.OncePerRequestFilter.doFilter(OncePerRequestFilter.java:119)
	at org.apache.catalina.core.ApplicationFilterChain.internalDoFilter(ApplicationFilterChain.java:193)
	at org.apache.catalina.core.ApplicationFilterChain.doFilter(ApplicationFilterChain.java:166)
	at org.springframework.web.filter.FormContentFilter.doFilterInternal(FormContentFilter.java:93)
	at org.springframework.web.filter.OncePerRequestFilter.doFilter(OncePerRequestFilter.java:119)
	at org.apache.catalina.core.ApplicationFilterChain.internalDoFilter(ApplicationFilterChain.java:193)
	at org.apache.catalina.core.ApplicationFilterChain.doFilter(ApplicationFilterChain.java:166)
	at org.springframework.web.filter.CharacterEncodingFilter.doFilterInternal(CharacterEncodingFilter.java:201)
	at org.springframework.web.filter.OncePerRequestFilter.doFilter(OncePerRequestFilter.java:119)
	at org.apache.catalina.core.ApplicationFilterChain.internalDoFilter(ApplicationFilterChain.java:193)
	at org.apache.catalina.core.ApplicationFilterChain.doFilter(ApplicationFilterChain.java:166)
	at org.apache.catalina.core.StandardWrapperValve.invoke(StandardWrapperValve.java:202)
	at org.apache.catalina.core.StandardContextValve.invoke(StandardContextValve.java:96)
	at org.apache.catalina.authenticator.AuthenticatorBase.invoke(AuthenticatorBase.java:541)
	at org.apache.catalina.core.StandardHostValve.invoke(StandardHostValve.java:139)
	at org.apache.catalina.valves.ErrorReportValve.invoke(ErrorReportValve.java:92)
	at org.apache.catalina.core.StandardEngineValve.invoke(StandardEngineValve.java:74)
	at org.apache.catalina.connector.CoyoteAdapter.service(CoyoteAdapter.java:343)
	at org.apache.coyote.http11.Http11Processor.service(Http11Processor.java:373)
	at org.apache.coyote.AbstractProcessorLight.process(AbstractProcessorLight.java:65)
	at org.apache.coyote.AbstractProtocol$ConnectionHandler.process(AbstractProtocol.java:868)
	at org.apache.tomcat.util.net.NioEndpoint$SocketProcessor.doRun(NioEndpoint.java:1589)
	at org.apache.tomcat.util.net.SocketProcessorBase.run(SocketProcessorBase.java:49)
	at java.util.concurrent.ThreadPoolExecutor.runWorker(ThreadPoolExecutor.java:1149)
	at java.util.concurrent.ThreadPoolExecutor$Worker.run(ThreadPoolExecutor.java:624)
	at org.apache.tomcat.util.threads.TaskThread$WrappingRunnable.run(TaskThread.java:61)
	at java.lang.Thread.run(Thread.java:748)

2020-09-27 16:47:13.157  INFO 39404 --- [com.alibaba.nacos.client.Worker.longPolling.fixed-localhost_8848] c.a.n.client.config.impl.ClientWorker    : get changedGroupKeys:[]
2020-09-27 16:47:39.547 DEBUG 39404 --- [http-nio-8888-exec-2] c.x.u.mapper.SystemUserMapper.selectOne  : ==>  Preparing: SELECT user_id,user_name,password FROM system_user WHERE flag=0 AND (user_name = ?) 
2020-09-27 16:47:39.550 DEBUG 39404 --- [http-nio-8888-exec-2] c.x.u.mapper.SystemUserMapper.selectOne  : ==> Parameters: karl(String)
2020-09-27 16:47:39.561 DEBUG 39404 --- [http-nio-8888-exec-2] c.x.u.mapper.SystemUserMapper.selectOne  : <==      Total: 1
2020-09-27 16:47:42.676  INFO 39404 --- [com.alibaba.nacos.client.Worker.longPolling.fixed-localhost_8848] c.a.n.client.config.impl.ClientWorker    : get changedGroupKeys:[]
2020-09-27 16:47:57.103 DEBUG 39404 --- [http-nio-8888-exec-3] c.x.u.m.SystemUserMapper.selectList      : ==>  Preparing: SELECT user_id,user_name,password,salt,real_name,email,phone,status,flag FROM system_user WHERE flag=0 
2020-09-27 16:47:57.104 DEBUG 39404 --- [http-nio-8888-exec-3] c.x.u.m.SystemUserMapper.selectList      : ==> Parameters: 
2020-09-27 16:47:57.115 DEBUG 39404 --- [http-nio-8888-exec-3] c.x.u.m.SystemUserMapper.selectList      : <==      Total: 3
2020-09-27 16:48:12.184  INFO 39404 --- [com.alibaba.nacos.client.Worker.longPolling.fixed-localhost_8848] c.a.n.client.config.impl.ClientWorker    : get changedGroupKeys:[]
2020-09-27 16:48:41.688  INFO 39404 --- [com.alibaba.nacos.client.Worker.longPolling.fixed-localhost_8848] c.a.n.client.config.impl.ClientWorker    : get changedGroupKeys:[]
2020-09-27 16:49:01.955  INFO 39404 --- [SpringContextShutdownHook] o.s.s.c.ThreadPoolTaskScheduler          : Shutting down ExecutorService 'Nacso-Watch-Task-Scheduler'
2020-09-27 16:51:34.715  INFO 33784 --- [restartedMain] .e.DevToolsPropertyDefaultsPostProcessor : Devtools property defaults active! Set 'spring.devtools.add-properties' to 'false' to disable
2020-09-27 16:51:35.423  INFO 33784 --- [restartedMain] c.a.n.c.c.impl.LocalConfigInfoProcessor  : LOCAL_SNAPSHOT_PATH:C:\Users\Administrator\nacos\config
2020-09-27 16:51:36.347  INFO 33784 --- [restartedMain] c.a.nacos.client.config.impl.Limiter     : limitTime:5.0
2020-09-27 16:51:36.436  WARN 33784 --- [restartedMain] c.a.c.n.c.NacosPropertySourceBuilder     : Ignore the empty nacos configuration and get it based on dataId[user-service] & group[DEFAULT_GROUP]
2020-09-27 16:51:36.482  WARN 33784 --- [restartedMain] c.a.c.n.c.NacosPropertySourceBuilder     : Ignore the empty nacos configuration and get it based on dataId[user-service.properties] & group[DEFAULT_GROUP]
2020-09-27 16:51:36.484  INFO 33784 --- [restartedMain] b.c.PropertySourceBootstrapConfiguration : Located property source: [BootstrapPropertySource {name='bootstrapProperties-user-service.properties,DEFAULT_GROUP'}, BootstrapPropertySource {name='bootstrapProperties-user-service,DEFAULT_GROUP'}]
2020-09-27 16:51:36.517  INFO 33784 --- [restartedMain] c.x.user.XiaoYuUserServiceApplication    : No active profile set, falling back to default profiles: default
2020-09-27 16:51:39.817  INFO 33784 --- [restartedMain] .s.d.r.c.RepositoryConfigurationDelegate : Multiple Spring Data modules found, entering strict repository configuration mode!
2020-09-27 16:51:39.819  INFO 33784 --- [restartedMain] .s.d.r.c.RepositoryConfigurationDelegate : Bootstrapping Spring Data Redis repositories in DEFAULT mode.
2020-09-27 16:51:39.849  INFO 33784 --- [restartedMain] .s.d.r.c.RepositoryConfigurationDelegate : Finished Spring Data repository scanning in 18ms. Found 0 Redis repository interfaces.
2020-09-27 16:51:40.160  INFO 33784 --- [restartedMain] o.s.cloud.context.scope.GenericScope     : BeanFactory id=73bed18d-9296-346a-8ab5-f3332a071899
2020-09-27 16:51:40.499  INFO 33784 --- [restartedMain] trationDelegate$BeanPostProcessorChecker : Bean 'RedisConfig' of type [RedisConfig$$EnhancerBySpringCGLIB$$b58c4b1e] is not eligible for getting processed by all BeanPostProcessors (for example: not eligible for auto-proxying)
2020-09-27 16:51:40.554  INFO 33784 --- [restartedMain] trationDelegate$BeanPostProcessorChecker : Bean 'org.springframework.security.access.expression.method.DefaultMethodSecurityExpressionHandler@af9312b' of type [org.springframework.security.access.expression.method.DefaultMethodSecurityExpressionHandler] is not eligible for getting processed by all BeanPostProcessors (for example: not eligible for auto-proxying)
2020-09-27 16:51:40.563  INFO 33784 --- [restartedMain] trationDelegate$BeanPostProcessorChecker : Bean 'methodSecurityMetadataSource' of type [org.springframework.security.access.method.DelegatingMethodSecurityMetadataSource] is not eligible for getting processed by all BeanPostProcessors (for example: not eligible for auto-proxying)
2020-09-27 16:51:40.582  INFO 33784 --- [restartedMain] trationDelegate$BeanPostProcessorChecker : Bean 'spring.cloud.sentinel-com.alibaba.cloud.sentinel.SentinelProperties' of type [com.alibaba.cloud.sentinel.SentinelProperties] is not eligible for getting processed by all BeanPostProcessors (for example: not eligible for auto-proxying)
2020-09-27 16:51:40.586  INFO 33784 --- [restartedMain] trationDelegate$BeanPostProcessorChecker : Bean 'com.alibaba.cloud.sentinel.custom.SentinelAutoConfiguration' of type [com.alibaba.cloud.sentinel.custom.SentinelAutoConfiguration] is not eligible for getting processed by all BeanPostProcessors (for example: not eligible for auto-proxying)
2020-09-27 16:51:43.628  INFO 33784 --- [restartedMain] o.s.b.w.embedded.tomcat.TomcatWebServer  : Tomcat initialized with port(s): 8888 (http)
2020-09-27 16:51:43.931  INFO 33784 --- [restartedMain] o.apache.catalina.core.StandardService   : Starting service [Tomcat]
2020-09-27 16:51:43.931  INFO 33784 --- [restartedMain] org.apache.catalina.core.StandardEngine  : Starting Servlet engine: [Apache Tomcat/9.0.37]
2020-09-27 16:51:44.337  INFO 33784 --- [restartedMain] o.a.c.c.C.[Tomcat].[localhost].[/]       : Initializing Spring embedded WebApplicationContext
2020-09-27 16:51:44.337  INFO 33784 --- [restartedMain] w.s.c.ServletWebServerApplicationContext : Root WebApplicationContext: initialization completed in 7794 ms
2020-09-27 16:51:44.385  WARN 33784 --- [restartedMain] o.s.s.o.p.t.s.JwtAccessTokenConverter    : Unable to create an RSA verifier from verifierKey (ignoreable if using MAC)
2020-09-27 16:51:44.742  INFO 33784 --- [restartedMain] c.a.d.s.b.a.DruidDataSourceAutoConfigure : Init DruidDataSource
2020-09-27 16:51:46.001  INFO 33784 --- [restartedMain] com.alibaba.druid.pool.DruidDataSource   : {dataSource-1} inited
2020-09-27 16:51:49.233  WARN 33784 --- [restartedMain] c.n.c.sources.URLConfigurationSource     : No URLs will be polled as dynamic configuration sources.
2020-09-27 16:51:49.233  INFO 33784 --- [restartedMain] c.n.c.sources.URLConfigurationSource     : To enable URLs as dynamic configuration sources, define System property archaius.configurationSource.additionalUrls or make config.properties available on classpath.
2020-09-27 16:51:49.257  WARN 33784 --- [restartedMain] c.n.c.sources.URLConfigurationSource     : No URLs will be polled as dynamic configuration sources.
2020-09-27 16:51:49.257  INFO 33784 --- [restartedMain] c.n.c.sources.URLConfigurationSource     : To enable URLs as dynamic configuration sources, define System property archaius.configurationSource.additionalUrls or make config.properties available on classpath.
2020-09-27 16:51:49.999  INFO 33784 --- [restartedMain] o.s.s.concurrent.ThreadPoolTaskExecutor  : Initializing ExecutorService 'applicationTaskExecutor'
2020-09-27 16:51:50.102  INFO 33784 --- [restartedMain] c.a.c.s.SentinelWebAutoConfiguration     : [Sentinel Starter] register SentinelWebInterceptor with urlPatterns: [/**].
2020-09-27 16:51:50.421  INFO 33784 --- [restartedMain] o.s.s.c.ThreadPoolTaskScheduler          : Initializing ExecutorService 'Nacso-Watch-Task-Scheduler'
2020-09-27 16:51:50.444  INFO 33784 --- [restartedMain] com.alibaba.nacos.client.naming          : initializer namespace from System Property :null
2020-09-27 16:51:50.445  INFO 33784 --- [restartedMain] com.alibaba.nacos.client.naming          : initializer namespace from System Environment :null
2020-09-27 16:51:50.446  INFO 33784 --- [restartedMain] com.alibaba.nacos.client.naming          : initializer namespace from System Property :null
2020-09-27 16:51:53.005  INFO 33784 --- [restartedMain] .s.s.UserDetailsServiceAutoConfiguration : 

Using generated security password: 2780391d-4b3f-4e5a-853a-efd804855fea

2020-09-27 16:51:53.587  INFO 33784 --- [restartedMain] o.s.s.web.DefaultSecurityFilterChain     : Creating filter chain: any request, [org.springframework.security.web.context.request.async.WebAsyncManagerIntegrationFilter@2acf8c66, org.springframework.security.web.context.SecurityContextPersistenceFilter@eef3fe7, org.springframework.security.web.header.HeaderWriterFilter@1e3cf72d, org.springframework.security.web.authentication.logout.LogoutFilter@7ca60af6, org.springframework.security.oauth2.provider.authentication.OAuth2AuthenticationProcessingFilter@315f4a67, org.springframework.security.web.savedrequest.RequestCacheAwareFilter@27ea3778, org.springframework.security.web.servletapi.SecurityContextHolderAwareRequestFilter@5e60be2a, org.springframework.security.web.authentication.AnonymousAuthenticationFilter@57c03e44, org.springframework.security.web.session.SessionManagementFilter@3bffffb0, org.springframework.security.web.access.ExceptionTranslationFilter@123d3c33, org.springframework.security.web.access.intercept.FilterSecurityInterceptor@d8197ea]
2020-09-27 16:51:53.714  INFO 33784 --- [restartedMain] o.s.b.d.a.OptionalLiveReloadServer       : LiveReload server is running on port 35729
2020-09-27 16:51:54.255  INFO 33784 --- [restartedMain] o.s.b.w.embedded.tomcat.TomcatWebServer  : Tomcat started on port(s): 8888 (http) with context path ''
2020-09-27 16:51:54.258  INFO 33784 --- [restartedMain] com.alibaba.nacos.client.naming          : [BEAT] adding beat: {"cluster":"DEFAULT","ip":"192.168.2.212","metadata":{"preserved.register.source":"SPRING_CLOUD"},"period":5000,"port":8888,"scheduled":false,"serviceName":"DEFAULT_GROUP@@user-service","stopped":false,"weight":1.0} to beat map.
2020-09-27 16:51:54.431  INFO 33784 --- [restartedMain] com.alibaba.nacos.client.naming          : [REGISTER-SERVICE] public registering service DEFAULT_GROUP@@user-service with instance: {"clusterName":"DEFAULT","enabled":true,"ephemeral":true,"healthy":true,"instanceHeartBeatInterval":5000,"instanceHeartBeatTimeOut":15000,"ip":"192.168.2.212","ipDeleteTimeout":30000,"metadata":{"preserved.register.source":"SPRING_CLOUD"},"port":8888,"weight":1.0}
2020-09-27 16:51:54.475  INFO 33784 --- [restartedMain] c.a.c.n.registry.NacosServiceRegistry    : nacos registry, DEFAULT_GROUP user-service 192.168.2.212:8888 register finished
2020-09-27 16:51:54.588  INFO 33784 --- [restartedMain] c.x.user.XiaoYuUserServiceApplication    : Started XiaoYuUserServiceApplication in 21.378 seconds (JVM running for 22.577)
2020-09-27 16:51:54.592  INFO 33784 --- [restartedMain] c.a.n.client.config.impl.ClientWorker    : [fixed-localhost_8848] [subscribe] user-service.properties+DEFAULT_GROUP
2020-09-27 16:51:54.593  INFO 33784 --- [restartedMain] c.a.nacos.client.config.impl.CacheData   : [fixed-localhost_8848] [add-listener] ok, tenant=, dataId=user-service.properties, group=DEFAULT_GROUP, cnt=1
2020-09-27 16:51:54.593  INFO 33784 --- [restartedMain] c.a.n.client.config.impl.ClientWorker    : [fixed-localhost_8848] [subscribe] user-service+DEFAULT_GROUP
2020-09-27 16:51:54.594  INFO 33784 --- [restartedMain] c.a.nacos.client.config.impl.CacheData   : [fixed-localhost_8848] [add-listener] ok, tenant=, dataId=user-service, group=DEFAULT_GROUP, cnt=1
2020-09-27 16:51:54.635  INFO 33784 --- [com.alibaba.nacos.client.Worker.longPolling.fixed-localhost_8848] c.a.n.client.config.impl.ClientWorker    : get changedGroupKeys:[]
2020-09-27 16:52:24.318  INFO 33784 --- [com.alibaba.nacos.client.Worker.longPolling.fixed-localhost_8848] c.a.n.client.config.impl.ClientWorker    : get changedGroupKeys:[]
2020-09-27 16:52:33.248  INFO 33784 --- [http-nio-8888-exec-1] o.a.c.c.C.[Tomcat].[localhost].[/]       : Initializing Spring DispatcherServlet 'dispatcherServlet'
2020-09-27 16:52:33.248  INFO 33784 --- [http-nio-8888-exec-1] o.s.web.servlet.DispatcherServlet        : Initializing Servlet 'dispatcherServlet'
2020-09-27 16:52:33.320  INFO 33784 --- [http-nio-8888-exec-1] o.s.web.servlet.DispatcherServlet        : Completed initialization in 72 ms
2020-09-27 16:52:36.243 DEBUG 33784 --- [http-nio-8888-exec-1] c.x.u.m.SystemUserMapper.selectList      : ==>  Preparing: SELECT user_id,user_name,password,salt,real_name,email,phone,status,flag FROM system_user WHERE flag=0 
2020-09-27 16:52:37.232 DEBUG 33784 --- [http-nio-8888-exec-1] c.x.u.m.SystemUserMapper.selectList      : ==> Parameters: 
2020-09-27 16:52:37.392 DEBUG 33784 --- [http-nio-8888-exec-1] c.x.u.m.SystemUserMapper.selectList      : <==      Total: 3
2020-09-27 16:52:53.824  INFO 33784 --- [com.alibaba.nacos.client.Worker.longPolling.fixed-localhost_8848] c.a.n.client.config.impl.ClientWorker    : get changedGroupKeys:[]
2020-09-27 16:53:23.339  INFO 33784 --- [com.alibaba.nacos.client.Worker.longPolling.fixed-localhost_8848] c.a.n.client.config.impl.ClientWorker    : get changedGroupKeys:[]
