2020-09-29 15:24:16.376  INFO 74448 --- [restartedMain] com.xiaoyu.auth.XiaoYuAuthApplication    : No active profile set, falling back to default profiles: default
2020-09-29 15:24:17.137  INFO 74448 --- [restartedMain] .s.d.r.c.RepositoryConfigurationDelegate : Multiple Spring Data modules found, entering strict repository configuration mode!
2020-09-29 15:24:17.139  INFO 74448 --- [restartedMain] .s.d.r.c.RepositoryConfigurationDelegate : Bootstrapping Spring Data Redis repositories in DEFAULT mode.
2020-09-29 15:24:17.161  INFO 74448 --- [restartedMain] .s.d.r.c.RepositoryConfigurationDelegate : Finished Spring Data repository scanning in 8ms. Found 0 Redis repository interfaces.
2020-09-29 15:24:17.316  WARN 74448 --- [restartedMain] o.m.s.mapper.ClassPathMapperScanner      : No MyBatis mapper was found in '[com.xiaoyu.auth]' package. Please check your configuration.
2020-09-29 15:24:17.390  INFO 74448 --- [restartedMain] o.s.cloud.context.scope.GenericScope     : BeanFactory id=374eb055-d507-3779-8212-a450197af42a
2020-09-29 15:24:17.503  INFO 74448 --- [restartedMain] trationDelegate$BeanPostProcessorChecker : Bean 'com.xiaoyu.common.redis.config.RedisConfig' of type [com.xiaoyu.common.redis.config.RedisConfig$$EnhancerBySpringCGLIB$$ccd5debf] is not eligible for getting processed by all BeanPostProcessors (for example: not eligible for auto-proxying)
2020-09-29 15:24:17.541  INFO 74448 --- [restartedMain] trationDelegate$BeanPostProcessorChecker : Bean 'org.springframework.security.access.expression.method.DefaultMethodSecurityExpressionHandler@565ad95d' of type [org.springframework.security.access.expression.method.DefaultMethodSecurityExpressionHandler] is not eligible for getting processed by all BeanPostProcessors (for example: not eligible for auto-proxying)
2020-09-29 15:24:17.555  INFO 74448 --- [restartedMain] trationDelegate$BeanPostProcessorChecker : Bean 'methodSecurityMetadataSource' of type [org.springframework.security.access.method.DelegatingMethodSecurityMetadataSource] is not eligible for getting processed by all BeanPostProcessors (for example: not eligible for auto-proxying)
2020-09-29 15:24:17.954  INFO 74448 --- [restartedMain] o.s.b.w.embedded.tomcat.TomcatWebServer  : Tomcat initialized with port(s): 8000 (http)
2020-09-29 15:24:17.962  INFO 74448 --- [restartedMain] o.apache.catalina.core.StandardService   : Starting service [Tomcat]
2020-09-29 15:24:17.962  INFO 74448 --- [restartedMain] org.apache.catalina.core.StandardEngine  : Starting Servlet engine: [Apache Tomcat/9.0.37]
2020-09-29 15:24:18.142  INFO 74448 --- [restartedMain] o.a.c.c.C.[Tomcat].[localhost].[/auth]   : Initializing Spring embedded WebApplicationContext
2020-09-29 15:24:18.143  INFO 74448 --- [restartedMain] w.s.c.ServletWebServerApplicationContext : Root WebApplicationContext: initialization completed in 1752 ms
2020-09-29 15:24:18.214  WARN 74448 --- [restartedMain] o.s.s.o.p.t.s.JwtAccessTokenConverter    : Unable to create an RSA verifier from verifierKey (ignoreable if using MAC)
2020-09-29 15:24:18.221  INFO 74448 --- [restartedMain] c.a.d.s.b.a.DruidDataSourceAutoConfigure : Init DruidDataSource
2020-09-29 15:24:18.885  INFO 74448 --- [restartedMain] com.alibaba.druid.pool.DruidDataSource   : {dataSource-1} inited
2020-09-29 15:24:19.625  INFO 74448 --- [restartedMain] o.s.b.d.a.OptionalLiveReloadServer       : LiveReload server is running on port 35729
2020-09-29 15:24:20.043  WARN 74448 --- [restartedMain] c.n.c.sources.URLConfigurationSource     : No URLs will be polled as dynamic configuration sources.
2020-09-29 15:24:20.043  INFO 74448 --- [restartedMain] c.n.c.sources.URLConfigurationSource     : To enable URLs as dynamic configuration sources, define System property archaius.configurationSource.additionalUrls or make config.properties available on classpath.
2020-09-29 15:24:20.048  WARN 74448 --- [restartedMain] c.n.c.sources.URLConfigurationSource     : No URLs will be polled as dynamic configuration sources.
2020-09-29 15:24:20.048  INFO 74448 --- [restartedMain] c.n.c.sources.URLConfigurationSource     : To enable URLs as dynamic configuration sources, define System property archaius.configurationSource.additionalUrls or make config.properties available on classpath.
2020-09-29 15:24:20.179  INFO 74448 --- [restartedMain] o.s.s.concurrent.ThreadPoolTaskExecutor  : Initializing ExecutorService 'applicationTaskExecutor'
2020-09-29 15:24:20.387  INFO 74448 --- [restartedMain] o.s.s.c.ThreadPoolTaskScheduler          : Initializing ExecutorService 'Nacso-Watch-Task-Scheduler'
2020-09-29 15:24:20.391  INFO 74448 --- [restartedMain] com.alibaba.nacos.client.naming          : initializer namespace from System Property :null
2020-09-29 15:24:20.392  INFO 74448 --- [restartedMain] com.alibaba.nacos.client.naming          : initializer namespace from System Environment :null
2020-09-29 15:24:20.392  INFO 74448 --- [restartedMain] com.alibaba.nacos.client.naming          : initializer namespace from System Property :null
2020-09-29 15:24:21.069  INFO 74448 --- [restartedMain] o.s.s.web.DefaultSecurityFilterChain     : Creating filter chain: OrRequestMatcher [requestMatchers=[Ant [pattern='/oauth/token'], Ant [pattern='/oauth/token_key'], Ant [pattern='/oauth/check_token']]], [org.springframework.security.web.context.request.async.WebAsyncManagerIntegrationFilter@23b5400f, org.springframework.security.web.context.SecurityContextPersistenceFilter@4c2961b8, org.springframework.security.web.header.HeaderWriterFilter@1b2fe67e, org.springframework.security.web.authentication.logout.LogoutFilter@7177cdc7, org.springframework.security.oauth2.provider.client.ClientCredentialsTokenEndpointFilter@db50fb1, org.springframework.security.web.authentication.www.BasicAuthenticationFilter@17bfe09c, org.springframework.security.web.savedrequest.RequestCacheAwareFilter@1c02414e, org.springframework.security.web.servletapi.SecurityContextHolderAwareRequestFilter@3684331, org.springframework.security.web.authentication.AnonymousAuthenticationFilter@2899c25d, org.springframework.security.web.session.SessionManagementFilter@6f4bfd2a, org.springframework.security.web.access.ExceptionTranslationFilter@351a4770, org.springframework.security.web.access.intercept.FilterSecurityInterceptor@21c5fc46]
2020-09-29 15:24:21.078  INFO 74448 --- [restartedMain] o.s.s.web.DefaultSecurityFilterChain     : Creating filter chain: any request, [org.springframework.security.web.context.request.async.WebAsyncManagerIntegrationFilter@1c44f57b, org.springframework.security.web.context.SecurityContextPersistenceFilter@2bc6e0c5, org.springframework.security.web.header.HeaderWriterFilter@adbe2d7, org.springframework.security.web.authentication.logout.LogoutFilter@796dc315, org.springframework.security.web.authentication.UsernamePasswordAuthenticationFilter@d0e38d1, org.springframework.security.web.authentication.ui.DefaultLoginPageGeneratingFilter@3d0ad514, org.springframework.security.web.authentication.ui.DefaultLogoutPageGeneratingFilter@7554d850, org.springframework.security.web.savedrequest.RequestCacheAwareFilter@795426e9, org.springframework.security.web.servletapi.SecurityContextHolderAwareRequestFilter@2c4cae4e, org.springframework.security.web.authentication.AnonymousAuthenticationFilter@960ae9b, org.springframework.security.web.session.SessionManagementFilter@721c797a, org.springframework.security.web.access.ExceptionTranslationFilter@39a2b47, org.springframework.security.web.access.intercept.FilterSecurityInterceptor@3a3be044]
2020-09-29 15:24:21.344  INFO 74448 --- [restartedMain] o.s.b.w.embedded.tomcat.TomcatWebServer  : Tomcat started on port(s): 8000 (http) with context path '/auth'
2020-09-29 15:24:21.346  INFO 74448 --- [restartedMain] com.alibaba.nacos.client.naming          : [BEAT] adding beat: {"cluster":"DEFAULT","ip":"192.168.2.212","metadata":{"preserved.register.source":"SPRING_CLOUD"},"period":5000,"port":8000,"scheduled":false,"serviceName":"DEFAULT_GROUP@@auth-service","stopped":false,"weight":1.0} to beat map.
2020-09-29 15:24:21.415  INFO 74448 --- [restartedMain] com.alibaba.nacos.client.naming          : [REGISTER-SERVICE] public registering service DEFAULT_GROUP@@auth-service with instance: {"clusterName":"DEFAULT","enabled":true,"ephemeral":true,"healthy":true,"instanceHeartBeatInterval":5000,"instanceHeartBeatTimeOut":15000,"ip":"192.168.2.212","ipDeleteTimeout":30000,"metadata":{"preserved.register.source":"SPRING_CLOUD"},"port":8000,"weight":1.0}
2020-09-29 15:24:21.428  INFO 74448 --- [restartedMain] c.a.c.n.registry.NacosServiceRegistry    : nacos registry, DEFAULT_GROUP auth-service 192.168.2.212:8000 register finished
2020-09-29 15:24:21.519  INFO 74448 --- [restartedMain] com.xiaoyu.auth.XiaoYuAuthApplication    : Started XiaoYuAuthApplication in 6.758 seconds (JVM running for 7.613)
2020-09-29 15:24:21.527  INFO 74448 --- [restartedMain] c.x.c.core.handler.NacosConfigHandler    : 
##############################   Nacos 配置参数打印开始   ##############################


spring:
  #####  Druid 连接池配置 #####
  datasource:
    type: com.alibaba.druid.pool.DruidDataSource
    druid:
      #JDBC四要素
      url: jdbc:mysql://47.113.97.132/testquistart?useUnicode=true&useSSL=false&characterEncoding=utf8
      #用户名
      username: root
      #加密后的密码
      password: zxy123!@
      driver-class-name: com.mysql.cj.jdbc.Driver

      #数据源配置
      #初始化连接数
      initial-size: 5
      #最大连接数量
      max-active: 50
      #获取连接时最大等待时间
      max-wait: 10000
      #最小连接数量
      min-idle: 3
      #配置间隔多久才进行一次检测，检测需要关闭的空闲连接
      time-between-eviction-runs-millis: 60000
      #用来检测连接是否有效的SQL，解决数据库断开连接的问题
      validation-query: select 1
      # 配置一个连接在池中最小生存的时间，单位是毫秒
      minEvictableIdleTimeMillis: 30000
      testWhileIdle: true
      testOnBorrow: false
      testOnReturn: false
      # 打开PSCache，并且指定每个连接上PSCache的大小
      poolPreparedStatements: true
      maxPoolPreparedStatementPerConnectionSize: 20
      # 配置监控统计拦截的filters，去掉后监控界面sql无法统计，'wall'用于防火墙
      filters: stat,wall,slf4j
      # 通过connectProperties属性来打开mergeSql功能；慢SQL记录
      connectionProperties: druid.stat.mergeSql=true;druid.stat.slowSqlMillis=5000

feign:
  client:
    config:
      default:
        connectTimeout: 5000
        readTimeout: 6000
        #日志等级 NONE,BASIC,HEADERS,FULL;
        loggerLevel: basic

# 日志
logging:
  config: classpath:logback/logback.xml
  file:
    #日志保存路径
    path: log
##############################   Nacos 配置参数打印结束   ##############################

2020-09-29 15:24:21.529  INFO 74448 --- [restartedMain] c.a.n.client.config.impl.ClientWorker    : [fixed-localhost_8848] [subscribe] auth-service+DEFAULT_GROUP
2020-09-29 15:24:21.530  INFO 74448 --- [restartedMain] c.a.nacos.client.config.impl.CacheData   : [fixed-localhost_8848] [add-listener] ok, tenant=, dataId=auth-service, group=DEFAULT_GROUP, cnt=1
2020-09-29 15:24:21.531  INFO 74448 --- [restartedMain] c.a.n.client.config.impl.ClientWorker    : [fixed-localhost_8848] [subscribe] auth-service.yaml+DEFAULT_GROUP
2020-09-29 15:24:21.531  INFO 74448 --- [restartedMain] c.a.nacos.client.config.impl.CacheData   : [fixed-localhost_8848] [add-listener] ok, tenant=, dataId=auth-service.yaml, group=DEFAULT_GROUP, cnt=1
2020-09-29 15:24:21.588  INFO 74448 --- [com.alibaba.nacos.client.Worker.longPolling.fixed-localhost_8848] c.a.n.client.config.impl.ClientWorker    : get changedGroupKeys:[]
