2020-09-27 15:48:19.835  INFO 36112 --- [restartedMain] .e.DevToolsPropertyDefaultsPostProcessor : Devtools property defaults active! Set 'spring.devtools.add-properties' to 'false' to disable
2020-09-27 15:48:22.599  INFO 36112 --- [restartedMain] c.a.n.c.c.impl.LocalConfigInfoProcessor  : LOCAL_SNAPSHOT_PATH:C:\Users\Administrator\nacos\config
2020-09-27 15:48:22.629  INFO 36112 --- [restartedMain] c.a.nacos.client.config.impl.Limiter     : limitTime:5.0
2020-09-27 15:48:22.674  WARN 36112 --- [restartedMain] c.a.c.n.c.NacosPropertySourceBuilder     : Ignore the empty nacos configuration and get it based on dataId[gateway-service] & group[DEFAULT_GROUP]
2020-09-27 15:48:23.702  INFO 36112 --- [restartedMain] c.a.nacos.client.config.utils.JVMUtil    : isMultiInstance:false
2020-09-27 15:48:23.847  INFO 36112 --- [restartedMain] b.c.PropertySourceBootstrapConfiguration : Located property source: [BootstrapPropertySource {name='bootstrapProperties-gateway-service-dev.yaml,DEFAULT_GROUP'}, BootstrapPropertySource {name='bootstrapProperties-gateway-service.yaml,DEFAULT_GROUP'}, BootstrapPropertySource {name='bootstrapProperties-gateway-service,DEFAULT_GROUP'}]
2020-09-27 15:48:23.870  INFO 36112 --- [restartedMain] c.x.gateway.XiaoyuGatewayApplication     : The following profiles are active: dev
2020-09-27 15:48:28.152  INFO 36112 --- [restartedMain] o.s.cloud.context.scope.GenericScope     : BeanFactory id=e294fcb0-a772-30d5-aa01-e04368e8f093
2020-09-27 15:48:28.219  INFO 36112 --- [restartedMain] trationDelegate$BeanPostProcessorChecker : Bean 'org.springframework.cloud.client.loadbalancer.reactive.LoadBalancerBeanPostProcessorAutoConfiguration' of type [org.springframework.cloud.client.loadbalancer.reactive.LoadBalancerBeanPostProcessorAutoConfiguration] is not eligible for getting processed by all BeanPostProcessors (for example: not eligible for auto-proxying)
2020-09-27 15:48:28.220  INFO 36112 --- [restartedMain] trationDelegate$BeanPostProcessorChecker : Bean 'org.springframework.cloud.client.loadbalancer.reactive.LoadBalancerBeanPostProcessorAutoConfiguration$ReactiveLoadBalancerConfig' of type [org.springframework.cloud.client.loadbalancer.reactive.LoadBalancerBeanPostProcessorAutoConfiguration$ReactiveLoadBalancerConfig] is not eligible for getting processed by all BeanPostProcessors (for example: not eligible for auto-proxying)
2020-09-27 15:48:28.246  INFO 36112 --- [restartedMain] trationDelegate$BeanPostProcessorChecker : Bean 'deferringLoadBalancerExchangeFilterFunction' of type [org.springframework.cloud.client.loadbalancer.reactive.DeferringLoadBalancerExchangeFilterFunction] is not eligible for getting processed by all BeanPostProcessors (for example: not eligible for auto-proxying)
2020-09-27 15:48:30.372  WARN 36112 --- [restartedMain] c.n.c.sources.URLConfigurationSource     : No URLs will be polled as dynamic configuration sources.
2020-09-27 15:48:30.372  INFO 36112 --- [restartedMain] c.n.c.sources.URLConfigurationSource     : To enable URLs as dynamic configuration sources, define System property archaius.configurationSource.additionalUrls or make config.properties available on classpath.
2020-09-27 15:48:30.377  WARN 36112 --- [restartedMain] c.n.c.sources.URLConfigurationSource     : No URLs will be polled as dynamic configuration sources.
2020-09-27 15:48:30.378  INFO 36112 --- [restartedMain] c.n.c.sources.URLConfigurationSource     : To enable URLs as dynamic configuration sources, define System property archaius.configurationSource.additionalUrls or make config.properties available on classpath.
2020-09-27 15:48:34.203  INFO 36112 --- [restartedMain] o.s.c.g.r.RouteDefinitionRouteLocator    : Loaded RoutePredicateFactory [After]
2020-09-27 15:48:34.203  INFO 36112 --- [restartedMain] o.s.c.g.r.RouteDefinitionRouteLocator    : Loaded RoutePredicateFactory [Before]
2020-09-27 15:48:34.203  INFO 36112 --- [restartedMain] o.s.c.g.r.RouteDefinitionRouteLocator    : Loaded RoutePredicateFactory [Between]
2020-09-27 15:48:34.204  INFO 36112 --- [restartedMain] o.s.c.g.r.RouteDefinitionRouteLocator    : Loaded RoutePredicateFactory [Cookie]
2020-09-27 15:48:34.204  INFO 36112 --- [restartedMain] o.s.c.g.r.RouteDefinitionRouteLocator    : Loaded RoutePredicateFactory [Header]
2020-09-27 15:48:34.204  INFO 36112 --- [restartedMain] o.s.c.g.r.RouteDefinitionRouteLocator    : Loaded RoutePredicateFactory [Host]
2020-09-27 15:48:34.205  INFO 36112 --- [restartedMain] o.s.c.g.r.RouteDefinitionRouteLocator    : Loaded RoutePredicateFactory [Method]
2020-09-27 15:48:34.205  INFO 36112 --- [restartedMain] o.s.c.g.r.RouteDefinitionRouteLocator    : Loaded RoutePredicateFactory [Path]
2020-09-27 15:48:34.205  INFO 36112 --- [restartedMain] o.s.c.g.r.RouteDefinitionRouteLocator    : Loaded RoutePredicateFactory [Query]
2020-09-27 15:48:34.205  INFO 36112 --- [restartedMain] o.s.c.g.r.RouteDefinitionRouteLocator    : Loaded RoutePredicateFactory [ReadBodyPredicateFactory]
2020-09-27 15:48:34.205  INFO 36112 --- [restartedMain] o.s.c.g.r.RouteDefinitionRouteLocator    : Loaded RoutePredicateFactory [RemoteAddr]
2020-09-27 15:48:34.206  INFO 36112 --- [restartedMain] o.s.c.g.r.RouteDefinitionRouteLocator    : Loaded RoutePredicateFactory [Weight]
2020-09-27 15:48:34.206  INFO 36112 --- [restartedMain] o.s.c.g.r.RouteDefinitionRouteLocator    : Loaded RoutePredicateFactory [CloudFoundryRouteService]
2020-09-27 15:48:35.877  INFO 36112 --- [restartedMain] o.s.s.c.ThreadPoolTaskScheduler          : Initializing ExecutorService 'Nacso-Watch-Task-Scheduler'
2020-09-27 15:48:36.057  WARN 36112 --- [restartedMain] o.s.b.d.a.OptionalLiveReloadServer       : Unable to start LiveReload server
2020-09-27 15:48:37.813  INFO 36112 --- [restartedMain] o.s.b.web.embedded.netty.NettyWebServer  : Netty started on port(s): 8887
2020-09-27 15:48:38.111  INFO 36112 --- [restartedMain] c.a.c.n.registry.NacosServiceRegistry    : nacos registry, DEFAULT_GROUP gateway-service 192.168.20.223:8887 register finished
2020-09-27 15:48:38.129  INFO 36112 --- [restartedMain] c.x.gateway.XiaoyuGatewayApplication     : Started XiaoyuGatewayApplication in 21.346 seconds (JVM running for 22.806)
2020-09-27 15:48:38.134  INFO 36112 --- [restartedMain] c.a.n.client.config.impl.ClientWorker    : [fixed-localhost_8848] [subscribe] gateway-service-dev.yaml+DEFAULT_GROUP
2020-09-27 15:48:38.134  INFO 36112 --- [restartedMain] c.a.nacos.client.config.impl.CacheData   : [fixed-localhost_8848] [add-listener] ok, tenant=, dataId=gateway-service-dev.yaml, group=DEFAULT_GROUP, cnt=1
2020-09-27 15:48:38.135  INFO 36112 --- [restartedMain] c.a.n.client.config.impl.ClientWorker    : [fixed-localhost_8848] [subscribe] gateway-service+DEFAULT_GROUP
2020-09-27 15:48:38.135  INFO 36112 --- [restartedMain] c.a.nacos.client.config.impl.CacheData   : [fixed-localhost_8848] [add-listener] ok, tenant=, dataId=gateway-service, group=DEFAULT_GROUP, cnt=1
2020-09-27 15:48:38.135  INFO 36112 --- [restartedMain] c.a.n.client.config.impl.ClientWorker    : [fixed-localhost_8848] [subscribe] gateway-service.yaml+DEFAULT_GROUP
2020-09-27 15:48:38.136  INFO 36112 --- [restartedMain] c.a.nacos.client.config.impl.CacheData   : [fixed-localhost_8848] [add-listener] ok, tenant=, dataId=gateway-service.yaml, group=DEFAULT_GROUP, cnt=1
2020-09-27 15:48:38.146  INFO 36112 --- [com.alibaba.nacos.client.Worker.longPolling.fixed-localhost_8848] c.a.n.client.config.impl.ClientWorker    : get changedGroupKeys:[]
2020-09-27 15:49:07.866  INFO 36112 --- [com.alibaba.nacos.client.Worker.longPolling.fixed-localhost_8848] c.a.n.client.config.impl.ClientWorker    : get changedGroupKeys:[]
2020-09-27 15:49:37.374  INFO 36112 --- [com.alibaba.nacos.client.Worker.longPolling.fixed-localhost_8848] c.a.n.client.config.impl.ClientWorker    : get changedGroupKeys:[]
2020-09-27 15:50:06.880  INFO 36112 --- [com.alibaba.nacos.client.Worker.longPolling.fixed-localhost_8848] c.a.n.client.config.impl.ClientWorker    : get changedGroupKeys:[]
2020-09-27 15:50:11.616  INFO 36112 --- [reactor-http-nio-3] c.x.gateway.filter.AuthGlobalFilter      : 【网关认证服务】请求地址：/auth/oauth/token
2020-09-27 15:50:12.573  INFO 36112 --- [reactor-http-nio-3] c.netflix.config.ChainedDynamicProperty  : Flipping property: auth-service.ribbon.ActiveConnectionsLimit to use NEXT property: niws.loadbalancer.availabilityFilteringRule.activeConnectionsLimit = 2147483647
2020-09-27 15:50:12.591  INFO 36112 --- [reactor-http-nio-3] c.netflix.loadbalancer.BaseLoadBalancer  : Client: auth-service instantiated a LoadBalancer: DynamicServerListLoadBalancer:{NFLoadBalancer:name=auth-service,current list of Servers=[],Load balancer stats=Zone stats: {},Server stats: []}ServerList:null
2020-09-27 15:50:12.598  INFO 36112 --- [reactor-http-nio-3] c.n.l.DynamicServerListLoadBalancer      : Using serverListUpdater PollingServerListUpdater
2020-09-27 15:50:12.752  INFO 36112 --- [reactor-http-nio-3] c.netflix.config.ChainedDynamicProperty  : Flipping property: auth-service.ribbon.ActiveConnectionsLimit to use NEXT property: niws.loadbalancer.availabilityFilteringRule.activeConnectionsLimit = 2147483647
2020-09-27 15:50:12.754  INFO 36112 --- [reactor-http-nio-3] c.n.l.DynamicServerListLoadBalancer      : DynamicServerListLoadBalancer for client auth-service initialized: DynamicServerListLoadBalancer:{NFLoadBalancer:name=auth-service,current list of Servers=[192.168.20.223:8000],Load balancer stats=Zone stats: {unknown=[Zone:unknown;	Instance count:1;	Active connections count: 0;	Circuit breaker tripped count: 0;	Active connections per server: 0.0;]
},Server stats: [[Server:192.168.20.223:8000;	Zone:UNKNOWN;	Total Requests:0;	Successive connection failure:0;	Total blackout seconds:0;	Last connection made:Thu Jan 01 08:00:00 CST 1970;	First connection made: Thu Jan 01 08:00:00 CST 1970;	Active Connections:0;	total failure count in last (1000) msecs:0;	average resp time:0.0;	90 percentile resp time:0.0;	95 percentile resp time:0.0;	min resp time:0.0;	max resp time:0.0;	stddev resp time:0.0]
]}ServerList:com.alibaba.cloud.nacos.ribbon.NacosServerList@3b060fa3
2020-09-27 15:50:12.814  INFO 36112 --- [reactor-http-nio-3] c.x.g.filter.GlobalRequestLogFilter      : 

================ Gateway Request Start  ================
===> POST: /auth/oauth/token
===Headers===  User-Agent: [PostmanRuntime/7.26.5]
===Headers===  Accept: [*/*]
===Headers===  Postman-Token: [3f2e323a-50bc-44b7-9501-2b5006974237]
===Headers===  Host: [localhost:8887]
===Headers===  Accept-Encoding: [gzip, deflate, br]
===Headers===  Connection: [keep-alive]
===Headers===  Content-Type: [application/x-www-form-urlencoded]
===Headers===  Content-Length: [130]
===Headers===  Cookie: [JSESSIONID=C00718627A62B49ECE75755458F542E8]
================  Gateway Request End  =================

2020-09-27 15:50:13.622  INFO 36112 --- [PollingServerListUpdater-0] c.netflix.config.ChainedDynamicProperty  : Flipping property: auth-service.ribbon.ActiveConnectionsLimit to use NEXT property: niws.loadbalancer.availabilityFilteringRule.activeConnectionsLimit = 2147483647
2020-09-27 15:50:14.427  INFO 36112 --- [reactor-http-nio-3] c.x.g.filter.GlobalResponseLogFilter     : 

================ Gateway Response Start  ================
<=== 400 POST: /auth/oauth/token
===Headers===  transfer-encoding: [chunked]
===Headers===  Cache-Control: [no-store]
===Headers===  Pragma: [no-cache]
===Headers===  X-Content-Type-Options: [nosniff]
===Headers===  X-XSS-Protection: [1; mode=block]
===Headers===  X-Frame-Options: [DENY]
===Headers===  Content-Type: [application/json]
===Headers===  Date: [Sun, 27 Sep 2020 07:50:14 GMT]
================  Gateway Response End  =================

2020-09-27 15:50:36.389  INFO 36112 --- [com.alibaba.nacos.client.Worker.longPolling.fixed-localhost_8848] c.a.n.client.config.impl.ClientWorker    : get changedGroupKeys:[]
2020-09-27 15:50:39.882  INFO 36112 --- [reactor-http-nio-1] c.x.gateway.filter.AuthGlobalFilter      : 【网关认证服务】请求地址：/auth/oauth/token
2020-09-27 15:50:39.883  INFO 36112 --- [reactor-http-nio-1] c.x.g.filter.GlobalRequestLogFilter      : 

================ Gateway Request Start  ================
===> GET: /auth/oauth/token
===Headers===  Host: [localhost:8887]
===Headers===  Connection: [keep-alive]
===Headers===  Upgrade-Insecure-Requests: [1]
===Headers===  User-Agent: [Mozilla/5.0 (Windows NT 10.0; Win64; x64) AppleWebKit/537.36 (KHTML, like Gecko) Chrome/84.0.4147.135 Safari/537.36]
===Headers===  Accept: [text/html,application/xhtml+xml,application/xml;q=0.9,image/webp,image/apng,*/*;q=0.8,application/signed-exchange;v=b3;q=0.9]
===Headers===  Sec-Fetch-Site: [none]
===Headers===  Sec-Fetch-Mode: [navigate]
===Headers===  Sec-Fetch-Dest: [document]
===Headers===  Accept-Encoding: [gzip, deflate, br]
===Headers===  Accept-Language: [zh-CN,zh;q=0.9]
===Headers===  Cookie: [JSESSIONID=248FB0A122B42B4EB88AF128F021EF40; SESSION=8b9171e4-492b-4aeb-9bbf-9282dcb24dc1; JSESSIONID=2D257DF4E92BAB45547411E4889CAB0A]
================  Gateway Request End  =================

2020-09-27 15:50:40.082  INFO 36112 --- [reactor-http-nio-1] c.x.g.filter.GlobalResponseLogFilter     : 

================ Gateway Response Start  ================
<=== 401 GET: /auth/oauth/token
===Headers===  Set-Cookie: [JSESSIONID=4741830966545A08D3A3CCD7D7F3FB5A; Path=/auth; HttpOnly]
===Headers===  WWW-Authenticate: [Basic realm="oauth2/client"]
===Headers===  X-Content-Type-Options: [nosniff]
===Headers===  X-XSS-Protection: [1; mode=block]
===Headers===  Cache-Control: [no-cache, no-store, max-age=0, must-revalidate]
===Headers===  Pragma: [no-cache]
===Headers===  Expires: [0]
===Headers===  X-Frame-Options: [DENY]
===Headers===  Content-Type: [text/html;charset=UTF-8]
===Headers===  Content-Language: [zh-CN]
===Headers===  Content-Length: [301]
===Headers===  Date: [Sun, 27 Sep 2020 07:50:40 GMT]
================  Gateway Response End  =================

2020-09-27 15:50:42.539  INFO 36112 --- [reactor-http-nio-1] c.x.gateway.filter.AuthGlobalFilter      : 【网关认证服务】请求地址：/auth/oauth/token
2020-09-27 15:50:42.539  INFO 36112 --- [reactor-http-nio-1] c.x.g.filter.GlobalRequestLogFilter      : 

================ Gateway Request Start  ================
===> GET: /auth/oauth/token
===Headers===  Host: [localhost:8887]
===Headers===  Connection: [keep-alive]
===Headers===  Cache-Control: [max-age=0]
===Headers===  Upgrade-Insecure-Requests: [1]
===Headers===  User-Agent: [Mozilla/5.0 (Windows NT 10.0; Win64; x64) AppleWebKit/537.36 (KHTML, like Gecko) Chrome/84.0.4147.135 Safari/537.36]
===Headers===  Accept: [text/html,application/xhtml+xml,application/xml;q=0.9,image/webp,image/apng,*/*;q=0.8,application/signed-exchange;v=b3;q=0.9]
===Headers===  Sec-Fetch-Site: [none]
===Headers===  Sec-Fetch-Mode: [navigate]
===Headers===  Sec-Fetch-User: [?1]
===Headers===  Sec-Fetch-Dest: [document]
===Headers===  Accept-Encoding: [gzip, deflate, br]
===Headers===  Accept-Language: [zh-CN,zh;q=0.9]
===Headers===  Cookie: [JSESSIONID=4741830966545A08D3A3CCD7D7F3FB5A; SESSION=8b9171e4-492b-4aeb-9bbf-9282dcb24dc1; JSESSIONID=2D257DF4E92BAB45547411E4889CAB0A]
================  Gateway Request End  =================

2020-09-27 15:50:42.569  INFO 36112 --- [reactor-http-nio-1] c.x.g.filter.GlobalResponseLogFilter     : 

================ Gateway Response Start  ================
<=== 401 GET: /auth/oauth/token
===Headers===  WWW-Authenticate: [Basic realm="oauth2/client"]
===Headers===  X-Content-Type-Options: [nosniff]
===Headers===  X-XSS-Protection: [1; mode=block]
===Headers===  Cache-Control: [no-cache, no-store, max-age=0, must-revalidate]
===Headers===  Pragma: [no-cache]
===Headers===  Expires: [0]
===Headers===  X-Frame-Options: [DENY]
===Headers===  Content-Type: [text/html;charset=UTF-8]
===Headers===  Content-Language: [zh-CN]
===Headers===  Content-Length: [301]
===Headers===  Date: [Sun, 27 Sep 2020 07:50:42 GMT]
================  Gateway Response End  =================

2020-09-27 15:50:42.741  INFO 36112 --- [reactor-http-nio-1] c.x.gateway.filter.AuthGlobalFilter      : 【网关认证服务】请求地址：/favicon.ico
2020-09-27 15:50:42.770  INFO 36112 --- [reactor-http-nio-1] c.x.g.filter.GlobalResponseLogFilter     : 

================ Gateway Response Start  ================
<=== 200 GET: /favicon.ico
===Headers===  Content-Type: [application/json;charset=UTF-8]
===Headers===  content-length: [27]
================  Gateway Response End  =================

2020-09-27 15:50:45.983  INFO 36112 --- [reactor-http-nio-1] c.x.gateway.filter.AuthGlobalFilter      : 【网关认证服务】请求地址：/auth/oauth/token
2020-09-27 15:50:45.983  INFO 36112 --- [reactor-http-nio-1] c.x.g.filter.GlobalRequestLogFilter      : 

================ Gateway Request Start  ================
===> GET: /auth/oauth/token
===Headers===  Host: [localhost:8887]
===Headers===  Connection: [keep-alive]
===Headers===  Cache-Control: [max-age=0]
===Headers===  Upgrade-Insecure-Requests: [1]
===Headers===  User-Agent: [Mozilla/5.0 (Windows NT 10.0; Win64; x64) AppleWebKit/537.36 (KHTML, like Gecko) Chrome/84.0.4147.135 Safari/537.36]
===Headers===  Accept: [text/html,application/xhtml+xml,application/xml;q=0.9,image/webp,image/apng,*/*;q=0.8,application/signed-exchange;v=b3;q=0.9]
===Headers===  Sec-Fetch-Site: [none]
===Headers===  Sec-Fetch-Mode: [navigate]
===Headers===  Sec-Fetch-User: [?1]
===Headers===  Sec-Fetch-Dest: [document]
===Headers===  Accept-Encoding: [gzip, deflate, br]
===Headers===  Accept-Language: [zh-CN,zh;q=0.9]
===Headers===  Cookie: [JSESSIONID=4741830966545A08D3A3CCD7D7F3FB5A; SESSION=8b9171e4-492b-4aeb-9bbf-9282dcb24dc1; JSESSIONID=2D257DF4E92BAB45547411E4889CAB0A]
================  Gateway Request End  =================

2020-09-27 15:50:46.007  INFO 36112 --- [reactor-http-nio-1] c.x.g.filter.GlobalResponseLogFilter     : 

================ Gateway Response Start  ================
<=== 401 GET: /auth/oauth/token
===Headers===  WWW-Authenticate: [Basic realm="oauth2/client"]
===Headers===  X-Content-Type-Options: [nosniff]
===Headers===  X-XSS-Protection: [1; mode=block]
===Headers===  Cache-Control: [no-cache, no-store, max-age=0, must-revalidate]
===Headers===  Pragma: [no-cache]
===Headers===  Expires: [0]
===Headers===  X-Frame-Options: [DENY]
===Headers===  Content-Type: [text/html;charset=UTF-8]
===Headers===  Content-Language: [zh-CN]
===Headers===  Content-Length: [301]
===Headers===  Date: [Sun, 27 Sep 2020 07:50:46 GMT]
================  Gateway Response End  =================

2020-09-27 15:50:56.871  INFO 36112 --- [reactor-http-nio-1] c.x.gateway.filter.AuthGlobalFilter      : 【网关认证服务】请求地址：/auth/oauth/token
2020-09-27 15:50:56.871  INFO 36112 --- [reactor-http-nio-1] c.x.g.filter.GlobalRequestLogFilter      : 

================ Gateway Request Start  ================
===> GET: /auth/oauth/token
===Headers===  Host: [localhost:8887]
===Headers===  Connection: [keep-alive]
===Headers===  Cache-Control: [max-age=0]
===Headers===  Authorization: [Basic a2FybDoxMjM=]
===Headers===  Upgrade-Insecure-Requests: [1]
===Headers===  User-Agent: [Mozilla/5.0 (Windows NT 10.0; Win64; x64) AppleWebKit/537.36 (KHTML, like Gecko) Chrome/84.0.4147.135 Safari/537.36]
===Headers===  Accept: [text/html,application/xhtml+xml,application/xml;q=0.9,image/webp,image/apng,*/*;q=0.8,application/signed-exchange;v=b3;q=0.9]
===Headers===  Sec-Fetch-Site: [none]
===Headers===  Sec-Fetch-Mode: [navigate]
===Headers===  Sec-Fetch-User: [?1]
===Headers===  Sec-Fetch-Dest: [document]
===Headers===  Accept-Encoding: [gzip, deflate, br]
===Headers===  Accept-Language: [zh-CN,zh;q=0.9]
===Headers===  Cookie: [JSESSIONID=4741830966545A08D3A3CCD7D7F3FB5A; SESSION=8b9171e4-492b-4aeb-9bbf-9282dcb24dc1; JSESSIONID=2D257DF4E92BAB45547411E4889CAB0A]
================  Gateway Request End  =================

2020-09-27 15:50:57.011  INFO 36112 --- [reactor-http-nio-1] c.x.g.filter.GlobalResponseLogFilter     : 

================ Gateway Response Start  ================
<=== 401 GET: /auth/oauth/token
===Headers===  WWW-Authenticate: [Basic realm="oauth2/client"]
===Headers===  X-Content-Type-Options: [nosniff]
===Headers===  X-XSS-Protection: [1; mode=block]
===Headers===  Cache-Control: [no-cache, no-store, max-age=0, must-revalidate]
===Headers===  Pragma: [no-cache]
===Headers===  Expires: [0]
===Headers===  X-Frame-Options: [DENY]
===Headers===  Content-Type: [text/html;charset=UTF-8]
===Headers===  Content-Language: [zh-CN]
===Headers===  Content-Length: [301]
===Headers===  Date: [Sun, 27 Sep 2020 07:50:57 GMT]
================  Gateway Response End  =================

2020-09-27 15:50:59.681  INFO 36112 --- [reactor-http-nio-1] c.x.gateway.filter.AuthGlobalFilter      : 【网关认证服务】请求地址：/auth/oauth/token
2020-09-27 15:50:59.682  INFO 36112 --- [reactor-http-nio-1] c.x.g.filter.GlobalRequestLogFilter      : 

================ Gateway Request Start  ================
===> GET: /auth/oauth/token
===Headers===  Host: [localhost:8887]
===Headers===  Connection: [keep-alive]
===Headers===  Cache-Control: [max-age=0]
===Headers===  Authorization: [Basic a2FybDoxMjM=]
===Headers===  Upgrade-Insecure-Requests: [1]
===Headers===  User-Agent: [Mozilla/5.0 (Windows NT 10.0; Win64; x64) AppleWebKit/537.36 (KHTML, like Gecko) Chrome/84.0.4147.135 Safari/537.36]
===Headers===  Accept: [text/html,application/xhtml+xml,application/xml;q=0.9,image/webp,image/apng,*/*;q=0.8,application/signed-exchange;v=b3;q=0.9]
===Headers===  Sec-Fetch-Site: [none]
===Headers===  Sec-Fetch-Mode: [navigate]
===Headers===  Sec-Fetch-User: [?1]
===Headers===  Sec-Fetch-Dest: [document]
===Headers===  Accept-Encoding: [gzip, deflate, br]
===Headers===  Accept-Language: [zh-CN,zh;q=0.9]
===Headers===  Cookie: [JSESSIONID=4741830966545A08D3A3CCD7D7F3FB5A; SESSION=8b9171e4-492b-4aeb-9bbf-9282dcb24dc1; JSESSIONID=2D257DF4E92BAB45547411E4889CAB0A]
================  Gateway Request End  =================

2020-09-27 15:50:59.805  INFO 36112 --- [reactor-http-nio-1] c.x.g.filter.GlobalResponseLogFilter     : 

================ Gateway Response Start  ================
<=== 401 GET: /auth/oauth/token
===Headers===  WWW-Authenticate: [Basic realm="oauth2/client"]
===Headers===  X-Content-Type-Options: [nosniff]
===Headers===  X-XSS-Protection: [1; mode=block]
===Headers===  Cache-Control: [no-cache, no-store, max-age=0, must-revalidate]
===Headers===  Pragma: [no-cache]
===Headers===  Expires: [0]
===Headers===  X-Frame-Options: [DENY]
===Headers===  Content-Type: [text/html;charset=UTF-8]
===Headers===  Content-Language: [zh-CN]
===Headers===  Content-Length: [301]
===Headers===  Date: [Sun, 27 Sep 2020 07:50:59 GMT]
================  Gateway Response End  =================

2020-09-27 15:51:05.896  INFO 36112 --- [com.alibaba.nacos.client.Worker.longPolling.fixed-localhost_8848] c.a.n.client.config.impl.ClientWorker    : get changedGroupKeys:[]
2020-09-27 15:51:07.271  INFO 36112 --- [reactor-http-nio-1] c.x.gateway.filter.AuthGlobalFilter      : 【网关认证服务】请求地址：/auth/oauth/token
2020-09-27 15:51:07.272  INFO 36112 --- [reactor-http-nio-1] c.x.g.filter.GlobalRequestLogFilter      : 

================ Gateway Request Start  ================
===> GET: /auth/oauth/token
===Headers===  Host: [localhost:8887]
===Headers===  Connection: [keep-alive]
===Headers===  Cache-Control: [max-age=0]
===Headers===  Authorization: [Basic a2FybDoxMjM=]
===Headers===  Upgrade-Insecure-Requests: [1]
===Headers===  User-Agent: [Mozilla/5.0 (Windows NT 10.0; Win64; x64) AppleWebKit/537.36 (KHTML, like Gecko) Chrome/84.0.4147.135 Safari/537.36]
===Headers===  Accept: [text/html,application/xhtml+xml,application/xml;q=0.9,image/webp,image/apng,*/*;q=0.8,application/signed-exchange;v=b3;q=0.9]
===Headers===  Sec-Fetch-Site: [none]
===Headers===  Sec-Fetch-Mode: [navigate]
===Headers===  Sec-Fetch-User: [?1]
===Headers===  Sec-Fetch-Dest: [document]
===Headers===  Accept-Encoding: [gzip, deflate, br]
===Headers===  Accept-Language: [zh-CN,zh;q=0.9]
===Headers===  Cookie: [JSESSIONID=4741830966545A08D3A3CCD7D7F3FB5A; SESSION=8b9171e4-492b-4aeb-9bbf-9282dcb24dc1; JSESSIONID=2D257DF4E92BAB45547411E4889CAB0A]
================  Gateway Request End  =================

2020-09-27 15:51:07.400  INFO 36112 --- [reactor-http-nio-1] c.x.g.filter.GlobalResponseLogFilter     : 

================ Gateway Response Start  ================
<=== 401 GET: /auth/oauth/token
===Headers===  WWW-Authenticate: [Basic realm="oauth2/client"]
===Headers===  X-Content-Type-Options: [nosniff]
===Headers===  X-XSS-Protection: [1; mode=block]
===Headers===  Cache-Control: [no-cache, no-store, max-age=0, must-revalidate]
===Headers===  Pragma: [no-cache]
===Headers===  Expires: [0]
===Headers===  X-Frame-Options: [DENY]
===Headers===  Content-Type: [text/html;charset=UTF-8]
===Headers===  Content-Language: [zh-CN]
===Headers===  Content-Length: [301]
===Headers===  Date: [Sun, 27 Sep 2020 07:51:07 GMT]
================  Gateway Response End  =================

2020-09-27 15:51:09.938  INFO 36112 --- [reactor-http-nio-1] c.x.gateway.filter.AuthGlobalFilter      : 【网关认证服务】请求地址：/auth/oauth/token
2020-09-27 15:51:09.938  INFO 36112 --- [reactor-http-nio-1] c.x.g.filter.GlobalRequestLogFilter      : 

================ Gateway Request Start  ================
===> GET: /auth/oauth/token
===Headers===  Host: [localhost:8887]
===Headers===  Connection: [keep-alive]
===Headers===  Cache-Control: [max-age=0]
===Headers===  Upgrade-Insecure-Requests: [1]
===Headers===  User-Agent: [Mozilla/5.0 (Windows NT 10.0; Win64; x64) AppleWebKit/537.36 (KHTML, like Gecko) Chrome/84.0.4147.135 Safari/537.36]
===Headers===  Accept: [text/html,application/xhtml+xml,application/xml;q=0.9,image/webp,image/apng,*/*;q=0.8,application/signed-exchange;v=b3;q=0.9]
===Headers===  Sec-Fetch-Site: [none]
===Headers===  Sec-Fetch-Mode: [navigate]
===Headers===  Sec-Fetch-User: [?1]
===Headers===  Sec-Fetch-Dest: [document]
===Headers===  Accept-Encoding: [gzip, deflate, br]
===Headers===  Accept-Language: [zh-CN,zh;q=0.9]
===Headers===  Cookie: [JSESSIONID=4741830966545A08D3A3CCD7D7F3FB5A; SESSION=8b9171e4-492b-4aeb-9bbf-9282dcb24dc1; JSESSIONID=2D257DF4E92BAB45547411E4889CAB0A]
================  Gateway Request End  =================

2020-09-27 15:51:09.963  INFO 36112 --- [reactor-http-nio-1] c.x.g.filter.GlobalResponseLogFilter     : 

================ Gateway Response Start  ================
<=== 401 GET: /auth/oauth/token
===Headers===  WWW-Authenticate: [Basic realm="oauth2/client"]
===Headers===  X-Content-Type-Options: [nosniff]
===Headers===  X-XSS-Protection: [1; mode=block]
===Headers===  Cache-Control: [no-cache, no-store, max-age=0, must-revalidate]
===Headers===  Pragma: [no-cache]
===Headers===  Expires: [0]
===Headers===  X-Frame-Options: [DENY]
===Headers===  Content-Type: [text/html;charset=UTF-8]
===Headers===  Content-Language: [zh-CN]
===Headers===  Content-Length: [301]
===Headers===  Date: [Sun, 27 Sep 2020 07:51:09 GMT]
================  Gateway Response End  =================

2020-09-27 15:51:10.984  INFO 36112 --- [reactor-http-nio-1] c.x.gateway.filter.AuthGlobalFilter      : 【网关认证服务】请求地址：/favicon.ico
2020-09-27 15:51:10.985  INFO 36112 --- [reactor-http-nio-1] c.x.g.filter.GlobalResponseLogFilter     : 

================ Gateway Response Start  ================
<=== 200 GET: /favicon.ico
===Headers===  Content-Type: [application/json;charset=UTF-8]
===Headers===  content-length: [27]
================  Gateway Response End  =================

2020-09-27 15:51:14.135  INFO 36112 --- [reactor-http-nio-1] c.x.gateway.filter.AuthGlobalFilter      : 【网关认证服务】请求地址：/auth/oauth
2020-09-27 15:51:14.137  INFO 36112 --- [reactor-http-nio-1] c.x.g.filter.GlobalResponseLogFilter     : 

================ Gateway Response Start  ================
<=== 200 GET: /auth/oauth
===Headers===  Content-Type: [application/json;charset=UTF-8]
===Headers===  content-length: [27]
================  Gateway Response End  =================

2020-09-27 15:51:14.332  INFO 36112 --- [reactor-http-nio-1] c.x.gateway.filter.AuthGlobalFilter      : 【网关认证服务】请求地址：/favicon.ico
2020-09-27 15:51:14.334  INFO 36112 --- [reactor-http-nio-1] c.x.g.filter.GlobalResponseLogFilter     : 

================ Gateway Response Start  ================
<=== 200 GET: /favicon.ico
===Headers===  Content-Type: [application/json;charset=UTF-8]
===Headers===  content-length: [27]
================  Gateway Response End  =================

2020-09-27 15:51:26.947  INFO 36112 --- [reactor-http-nio-1] c.x.gateway.filter.AuthGlobalFilter      : 【网关认证服务】请求地址：/auth/oauth/karl
2020-09-27 15:51:26.948  INFO 36112 --- [reactor-http-nio-1] c.x.g.filter.GlobalResponseLogFilter     : 

================ Gateway Response Start  ================
<=== 200 GET: /auth/oauth/karl
===Headers===  Content-Type: [application/json;charset=UTF-8]
===Headers===  content-length: [27]
================  Gateway Response End  =================

2020-09-27 15:51:26.967  INFO 36112 --- [reactor-http-nio-1] c.x.gateway.filter.AuthGlobalFilter      : 【网关认证服务】请求地址：/favicon.ico
2020-09-27 15:51:26.968  INFO 36112 --- [reactor-http-nio-1] c.x.g.filter.GlobalResponseLogFilter     : 

================ Gateway Response Start  ================
<=== 200 GET: /favicon.ico
===Headers===  Content-Type: [application/json;charset=UTF-8]
===Headers===  content-length: [27]
================  Gateway Response End  =================

2020-09-27 15:51:28.709  INFO 36112 --- [reactor-http-nio-1] c.x.gateway.filter.AuthGlobalFilter      : 【网关认证服务】请求地址：/auth/oauth/karl
2020-09-27 15:51:28.730  INFO 36112 --- [reactor-http-nio-1] c.x.g.filter.GlobalResponseLogFilter     : 

================ Gateway Response Start  ================
<=== 200 GET: /auth/oauth/karl
===Headers===  Content-Type: [application/json;charset=UTF-8]
===Headers===  content-length: [27]
================  Gateway Response End  =================

2020-09-27 15:51:28.767  INFO 36112 --- [reactor-http-nio-1] c.x.gateway.filter.AuthGlobalFilter      : 【网关认证服务】请求地址：/favicon.ico
2020-09-27 15:51:28.768  INFO 36112 --- [reactor-http-nio-1] c.x.g.filter.GlobalResponseLogFilter     : 

================ Gateway Response Start  ================
<=== 200 GET: /favicon.ico
===Headers===  Content-Type: [application/json;charset=UTF-8]
===Headers===  content-length: [27]
================  Gateway Response End  =================

2020-09-27 15:51:29.280  INFO 36112 --- [reactor-http-nio-1] c.x.gateway.filter.AuthGlobalFilter      : 【网关认证服务】请求地址：/auth/oauth/karl
2020-09-27 15:51:29.284  INFO 36112 --- [reactor-http-nio-1] c.x.g.filter.GlobalResponseLogFilter     : 

================ Gateway Response Start  ================
<=== 200 GET: /auth/oauth/karl
===Headers===  Content-Type: [application/json;charset=UTF-8]
===Headers===  content-length: [27]
================  Gateway Response End  =================

2020-09-27 15:51:29.289  INFO 36112 --- [reactor-http-nio-2] c.x.gateway.filter.AuthGlobalFilter      : 【网关认证服务】请求地址：/auth/oauth/karl
2020-09-27 15:51:29.291  INFO 36112 --- [reactor-http-nio-2] c.x.g.filter.GlobalResponseLogFilter     : 

================ Gateway Response Start  ================
<=== 200 GET: /auth/oauth/karl
===Headers===  Content-Type: [application/json;charset=UTF-8]
===Headers===  content-length: [27]
================  Gateway Response End  =================

2020-09-27 15:51:29.322  INFO 36112 --- [reactor-http-nio-2] c.x.gateway.filter.AuthGlobalFilter      : 【网关认证服务】请求地址：/favicon.ico
2020-09-27 15:51:29.323  INFO 36112 --- [reactor-http-nio-2] c.x.g.filter.GlobalResponseLogFilter     : 

================ Gateway Response Start  ================
<=== 200 GET: /favicon.ico
===Headers===  Content-Type: [application/json;charset=UTF-8]
===Headers===  content-length: [27]
================  Gateway Response End  =================

2020-09-27 15:51:29.485  INFO 36112 --- [reactor-http-nio-2] c.x.gateway.filter.AuthGlobalFilter      : 【网关认证服务】请求地址：/auth/oauth/karl
2020-09-27 15:51:29.490  INFO 36112 --- [reactor-http-nio-2] c.x.g.filter.GlobalResponseLogFilter     : 

================ Gateway Response Start  ================
<=== 200 GET: /auth/oauth/karl
===Headers===  Content-Type: [application/json;charset=UTF-8]
===Headers===  content-length: [27]
================  Gateway Response End  =================

2020-09-27 15:51:29.521  INFO 36112 --- [reactor-http-nio-2] c.x.gateway.filter.AuthGlobalFilter      : 【网关认证服务】请求地址：/favicon.ico
2020-09-27 15:51:29.522  INFO 36112 --- [reactor-http-nio-2] c.x.g.filter.GlobalResponseLogFilter     : 

================ Gateway Response Start  ================
<=== 200 GET: /favicon.ico
===Headers===  Content-Type: [application/json;charset=UTF-8]
===Headers===  content-length: [27]
================  Gateway Response End  =================

2020-09-27 15:51:29.748  INFO 36112 --- [reactor-http-nio-2] c.x.gateway.filter.AuthGlobalFilter      : 【网关认证服务】请求地址：/auth/oauth/karl
2020-09-27 15:51:29.750  INFO 36112 --- [reactor-http-nio-2] c.x.g.filter.GlobalResponseLogFilter     : 

================ Gateway Response Start  ================
<=== 200 GET: /auth/oauth/karl
===Headers===  Content-Type: [application/json;charset=UTF-8]
===Headers===  content-length: [27]
================  Gateway Response End  =================

2020-09-27 15:51:29.797  INFO 36112 --- [reactor-http-nio-2] c.x.gateway.filter.AuthGlobalFilter      : 【网关认证服务】请求地址：/favicon.ico
2020-09-27 15:51:29.799  INFO 36112 --- [reactor-http-nio-2] c.x.g.filter.GlobalResponseLogFilter     : 

================ Gateway Response Start  ================
<=== 200 GET: /favicon.ico
===Headers===  Content-Type: [application/json;charset=UTF-8]
===Headers===  content-length: [27]
================  Gateway Response End  =================

2020-09-27 15:51:29.944  INFO 36112 --- [reactor-http-nio-2] c.x.gateway.filter.AuthGlobalFilter      : 【网关认证服务】请求地址：/auth/oauth/karl
2020-09-27 15:51:29.946  INFO 36112 --- [reactor-http-nio-2] c.x.g.filter.GlobalResponseLogFilter     : 

================ Gateway Response Start  ================
<=== 200 GET: /auth/oauth/karl
===Headers===  Content-Type: [application/json;charset=UTF-8]
===Headers===  content-length: [27]
================  Gateway Response End  =================

2020-09-27 15:51:30.023  INFO 36112 --- [reactor-http-nio-2] c.x.gateway.filter.AuthGlobalFilter      : 【网关认证服务】请求地址：/favicon.ico
2020-09-27 15:51:30.023  INFO 36112 --- [reactor-http-nio-2] c.x.g.filter.GlobalResponseLogFilter     : 

================ Gateway Response Start  ================
<=== 200 GET: /favicon.ico
===Headers===  Content-Type: [application/json;charset=UTF-8]
===Headers===  content-length: [27]
================  Gateway Response End  =================

2020-09-27 15:51:30.123  INFO 36112 --- [reactor-http-nio-2] c.x.gateway.filter.AuthGlobalFilter      : 【网关认证服务】请求地址：/auth/oauth/karl
2020-09-27 15:51:30.126  INFO 36112 --- [reactor-http-nio-2] c.x.g.filter.GlobalResponseLogFilter     : 

================ Gateway Response Start  ================
<=== 200 GET: /auth/oauth/karl
===Headers===  Content-Type: [application/json;charset=UTF-8]
===Headers===  content-length: [27]
================  Gateway Response End  =================

2020-09-27 15:51:30.164  INFO 36112 --- [reactor-http-nio-2] c.x.gateway.filter.AuthGlobalFilter      : 【网关认证服务】请求地址：/favicon.ico
2020-09-27 15:51:30.167  INFO 36112 --- [reactor-http-nio-2] c.x.g.filter.GlobalResponseLogFilter     : 

================ Gateway Response Start  ================
<=== 200 GET: /favicon.ico
===Headers===  Content-Type: [application/json;charset=UTF-8]
===Headers===  content-length: [27]
================  Gateway Response End  =================

2020-09-27 15:51:30.269  INFO 36112 --- [reactor-http-nio-2] c.x.gateway.filter.AuthGlobalFilter      : 【网关认证服务】请求地址：/auth/oauth/karl
2020-09-27 15:51:30.270  INFO 36112 --- [reactor-http-nio-2] c.x.g.filter.GlobalResponseLogFilter     : 

================ Gateway Response Start  ================
<=== 200 GET: /auth/oauth/karl
===Headers===  Content-Type: [application/json;charset=UTF-8]
===Headers===  content-length: [27]
================  Gateway Response End  =================

2020-09-27 15:51:30.295  INFO 36112 --- [reactor-http-nio-2] c.x.gateway.filter.AuthGlobalFilter      : 【网关认证服务】请求地址：/favicon.ico
2020-09-27 15:51:30.296  INFO 36112 --- [reactor-http-nio-2] c.x.g.filter.GlobalResponseLogFilter     : 

================ Gateway Response Start  ================
<=== 200 GET: /favicon.ico
===Headers===  Content-Type: [application/json;charset=UTF-8]
===Headers===  content-length: [27]
================  Gateway Response End  =================

2020-09-27 15:51:30.448  INFO 36112 --- [reactor-http-nio-2] c.x.gateway.filter.AuthGlobalFilter      : 【网关认证服务】请求地址：/auth/oauth/karl
2020-09-27 15:51:30.450  INFO 36112 --- [reactor-http-nio-2] c.x.g.filter.GlobalResponseLogFilter     : 

================ Gateway Response Start  ================
<=== 200 GET: /auth/oauth/karl
===Headers===  Content-Type: [application/json;charset=UTF-8]
===Headers===  content-length: [27]
================  Gateway Response End  =================

2020-09-27 15:51:30.490  INFO 36112 --- [reactor-http-nio-2] c.x.gateway.filter.AuthGlobalFilter      : 【网关认证服务】请求地址：/favicon.ico
2020-09-27 15:51:30.490  INFO 36112 --- [reactor-http-nio-2] c.x.g.filter.GlobalResponseLogFilter     : 

================ Gateway Response Start  ================
<=== 200 GET: /favicon.ico
===Headers===  Content-Type: [application/json;charset=UTF-8]
===Headers===  content-length: [27]
================  Gateway Response End  =================

2020-09-27 15:51:30.650  INFO 36112 --- [reactor-http-nio-2] c.x.gateway.filter.AuthGlobalFilter      : 【网关认证服务】请求地址：/auth/oauth/karl
2020-09-27 15:51:30.652  INFO 36112 --- [reactor-http-nio-2] c.x.g.filter.GlobalResponseLogFilter     : 

================ Gateway Response Start  ================
<=== 200 GET: /auth/oauth/karl
===Headers===  Content-Type: [application/json;charset=UTF-8]
===Headers===  content-length: [27]
================  Gateway Response End  =================

2020-09-27 15:51:30.692  INFO 36112 --- [reactor-http-nio-2] c.x.gateway.filter.AuthGlobalFilter      : 【网关认证服务】请求地址：/favicon.ico
2020-09-27 15:51:30.693  INFO 36112 --- [reactor-http-nio-2] c.x.g.filter.GlobalResponseLogFilter     : 

================ Gateway Response Start  ================
<=== 200 GET: /favicon.ico
===Headers===  Content-Type: [application/json;charset=UTF-8]
===Headers===  content-length: [27]
================  Gateway Response End  =================

2020-09-27 15:51:35.404  INFO 36112 --- [com.alibaba.nacos.client.Worker.longPolling.fixed-localhost_8848] c.a.n.client.config.impl.ClientWorker    : get changedGroupKeys:[]
2020-09-27 15:51:36.405  INFO 36112 --- [reactor-http-nio-2] c.x.gateway.filter.AuthGlobalFilter      : 【网关认证服务】请求地址：/auth/oauth/karl
2020-09-27 15:51:36.408  INFO 36112 --- [reactor-http-nio-2] c.x.g.filter.GlobalResponseLogFilter     : 

================ Gateway Response Start  ================
<=== 200 GET: /auth/oauth/karl
===Headers===  Content-Type: [application/json;charset=UTF-8]
===Headers===  content-length: [27]
================  Gateway Response End  =================

2020-09-27 15:51:36.442  INFO 36112 --- [reactor-http-nio-2] c.x.gateway.filter.AuthGlobalFilter      : 【网关认证服务】请求地址：/favicon.ico
2020-09-27 15:51:36.443  INFO 36112 --- [reactor-http-nio-2] c.x.g.filter.GlobalResponseLogFilter     : 

================ Gateway Response Start  ================
<=== 200 GET: /favicon.ico
===Headers===  Content-Type: [application/json;charset=UTF-8]
===Headers===  content-length: [27]
================  Gateway Response End  =================

2020-09-27 15:51:36.630  INFO 36112 --- [reactor-http-nio-2] c.x.gateway.filter.AuthGlobalFilter      : 【网关认证服务】请求地址：/auth/oauth/karl
2020-09-27 15:51:36.632  INFO 36112 --- [reactor-http-nio-2] c.x.g.filter.GlobalResponseLogFilter     : 

================ Gateway Response Start  ================
<=== 200 GET: /auth/oauth/karl
===Headers===  Content-Type: [application/json;charset=UTF-8]
===Headers===  content-length: [27]
================  Gateway Response End  =================

2020-09-27 15:51:36.684  INFO 36112 --- [reactor-http-nio-2] c.x.gateway.filter.AuthGlobalFilter      : 【网关认证服务】请求地址：/favicon.ico
2020-09-27 15:51:36.685  INFO 36112 --- [reactor-http-nio-2] c.x.g.filter.GlobalResponseLogFilter     : 

================ Gateway Response Start  ================
<=== 200 GET: /favicon.ico
===Headers===  Content-Type: [application/json;charset=UTF-8]
===Headers===  content-length: [27]
================  Gateway Response End  =================

2020-09-27 15:51:36.810  INFO 36112 --- [reactor-http-nio-2] c.x.gateway.filter.AuthGlobalFilter      : 【网关认证服务】请求地址：/auth/oauth/karl
2020-09-27 15:51:36.811  INFO 36112 --- [reactor-http-nio-2] c.x.g.filter.GlobalResponseLogFilter     : 

================ Gateway Response Start  ================
<=== 200 GET: /auth/oauth/karl
===Headers===  Content-Type: [application/json;charset=UTF-8]
===Headers===  content-length: [27]
================  Gateway Response End  =================

2020-09-27 15:51:36.830  INFO 36112 --- [reactor-http-nio-2] c.x.gateway.filter.AuthGlobalFilter      : 【网关认证服务】请求地址：/favicon.ico
2020-09-27 15:51:36.831  INFO 36112 --- [reactor-http-nio-2] c.x.g.filter.GlobalResponseLogFilter     : 

================ Gateway Response Start  ================
<=== 200 GET: /favicon.ico
===Headers===  Content-Type: [application/json;charset=UTF-8]
===Headers===  content-length: [27]
================  Gateway Response End  =================

2020-09-27 15:51:37.006  INFO 36112 --- [reactor-http-nio-2] c.x.gateway.filter.AuthGlobalFilter      : 【网关认证服务】请求地址：/auth/oauth/karl
2020-09-27 15:51:37.008  INFO 36112 --- [reactor-http-nio-2] c.x.g.filter.GlobalResponseLogFilter     : 

================ Gateway Response Start  ================
<=== 200 GET: /auth/oauth/karl
===Headers===  Content-Type: [application/json;charset=UTF-8]
===Headers===  content-length: [27]
================  Gateway Response End  =================

2020-09-27 15:51:37.083  INFO 36112 --- [reactor-http-nio-2] c.x.gateway.filter.AuthGlobalFilter      : 【网关认证服务】请求地址：/favicon.ico
2020-09-27 15:51:37.084  INFO 36112 --- [reactor-http-nio-2] c.x.g.filter.GlobalResponseLogFilter     : 

================ Gateway Response Start  ================
<=== 200 GET: /favicon.ico
===Headers===  Content-Type: [application/json;charset=UTF-8]
===Headers===  content-length: [27]
================  Gateway Response End  =================

2020-09-27 15:51:50.625  INFO 36112 --- [Thread-73] c.n.l.PollingServerListUpdater           : Shutting down the Executor Pool for PollingServerListUpdater
2020-09-27 15:51:50.633  INFO 36112 --- [SpringContextShutdownHook] o.s.s.c.ThreadPoolTaskScheduler          : Shutting down ExecutorService 'Nacso-Watch-Task-Scheduler'
2020-09-27 15:51:50.635  INFO 36112 --- [SpringContextShutdownHook] c.a.c.n.registry.NacosServiceRegistry    : De-registering from Nacos Server now...
2020-09-27 15:51:50.640  INFO 36112 --- [SpringContextShutdownHook] c.a.c.n.registry.NacosServiceRegistry    : De-registration finished.
