2020-09-21 10:43:00.745  INFO 6864 --- [restartedMain] o.s.b.devtools.restart.ChangeableUrls    : The Class-Path manifest attribute in D:\Zhangxy\tools\apache-maven-3.6.3\repository\com\sun\xml\bind\jaxb-core\2.3.0.1\jaxb-core-2.3.0.1.jar referenced one or more files that do not exist: file:/D:/Zhangxy/tools/apache-maven-3.6.3/repository/com/sun/xml/bind/jaxb-core/2.3.0.1/jaxb-api.jar
2020-09-21 10:43:00.745  INFO 6864 --- [restartedMain] o.s.b.devtools.restart.ChangeableUrls    : The Class-Path manifest attribute in D:\Zhangxy\tools\apache-maven-3.6.3\repository\com\sun\xml\bind\jaxb-impl\2.3.0.1\jaxb-impl-2.3.0.1.jar referenced one or more files that do not exist: file:/D:/Zhangxy/tools/apache-maven-3.6.3/repository/com/sun/xml/bind/jaxb-impl/2.3.0.1/jaxb-core.jar
2020-09-21 10:43:00.745  INFO 6864 --- [restartedMain] .e.DevToolsPropertyDefaultsPostProcessor : Devtools property defaults active! Set 'spring.devtools.add-properties' to 'false' to disable
2020-09-21 10:43:01.256  INFO 6864 --- [restartedMain] c.a.n.c.c.impl.LocalConfigInfoProcessor  : LOCAL_SNAPSHOT_PATH:C:\Users\Administrator\nacos\config
2020-09-21 10:43:01.276  INFO 6864 --- [restartedMain] c.a.nacos.client.config.impl.Limiter     : limitTime:5.0
2020-09-21 10:43:01.326  WARN 6864 --- [restartedMain] c.a.c.n.c.NacosPropertySourceBuilder     : Ignore the empty nacos configuration and get it based on dataId[gateway-service] & group[DEFAULT_GROUP]
2020-09-21 10:43:01.326  INFO 6864 --- [restartedMain] c.a.nacos.client.config.utils.JVMUtil    : isMultiInstance:false
2020-09-21 10:43:01.346  INFO 6864 --- [restartedMain] b.c.PropertySourceBootstrapConfiguration : Located property source: [BootstrapPropertySource {name='bootstrapProperties-gateway-service-dev.yaml,DEFAULT_GROUP'}, BootstrapPropertySource {name='bootstrapProperties-gateway-service.yaml,DEFAULT_GROUP'}, BootstrapPropertySource {name='bootstrapProperties-gateway-service,DEFAULT_GROUP'}]
2020-09-21 10:43:01.371  INFO 6864 --- [restartedMain] c.x.gateway.XiaoyuGatewayApplication     : The following profiles are active: dev
2020-09-21 10:43:02.766  INFO 6864 --- [restartedMain] .s.d.r.c.RepositoryConfigurationDelegate : Multiple Spring Data modules found, entering strict repository configuration mode!
2020-09-21 10:43:02.771  INFO 6864 --- [restartedMain] .s.d.r.c.RepositoryConfigurationDelegate : Bootstrapping Spring Data Redis repositories in DEFAULT mode.
2020-09-21 10:43:02.796  INFO 6864 --- [restartedMain] .s.d.r.c.RepositoryConfigurationDelegate : Finished Spring Data repository scanning in 13ms. Found 0 Redis repository interfaces.
2020-09-21 10:43:02.896  WARN 6864 --- [restartedMain] o.s.boot.actuate.endpoint.EndpointId     : Endpoint ID 'service-registry' contains invalid characters, please migrate to a valid format.
2020-09-21 10:43:03.071  INFO 6864 --- [restartedMain] o.s.cloud.context.scope.GenericScope     : BeanFactory id=6e9d57ed-0621-3559-9880-0ac9e4d43233
2020-09-21 10:43:03.166  INFO 6864 --- [restartedMain] trationDelegate$BeanPostProcessorChecker : Bean 'RedisConfig' of type [RedisConfig$$EnhancerBySpringCGLIB$$4effaed4] is not eligible for getting processed by all BeanPostProcessors (for example: not eligible for auto-proxying)
2020-09-21 10:43:03.216  INFO 6864 --- [restartedMain] trationDelegate$BeanPostProcessorChecker : Bean 'org.springframework.cloud.client.loadbalancer.reactive.LoadBalancerBeanPostProcessorAutoConfiguration' of type [org.springframework.cloud.client.loadbalancer.reactive.LoadBalancerBeanPostProcessorAutoConfiguration] is not eligible for getting processed by all BeanPostProcessors (for example: not eligible for auto-proxying)
2020-09-21 10:43:03.216  INFO 6864 --- [restartedMain] trationDelegate$BeanPostProcessorChecker : Bean 'org.springframework.cloud.client.loadbalancer.reactive.LoadBalancerBeanPostProcessorAutoConfiguration$ReactiveLoadBalancerConfig' of type [org.springframework.cloud.client.loadbalancer.reactive.LoadBalancerBeanPostProcessorAutoConfiguration$ReactiveLoadBalancerConfig] is not eligible for getting processed by all BeanPostProcessors (for example: not eligible for auto-proxying)
2020-09-21 10:43:03.216  INFO 6864 --- [restartedMain] trationDelegate$BeanPostProcessorChecker : Bean 'deferringLoadBalancerExchangeFilterFunction' of type [org.springframework.cloud.client.loadbalancer.reactive.DeferringLoadBalancerExchangeFilterFunction] is not eligible for getting processed by all BeanPostProcessors (for example: not eligible for auto-proxying)
2020-09-21 10:43:03.636  WARN 6864 --- [restartedMain] o.s.s.o.p.t.s.JwtAccessTokenConverter    : Unable to create an RSA verifier from verifierKey (ignoreable if using MAC)
2020-09-21 10:43:03.676  INFO 6864 --- [restartedMain] ctiveUserDetailsServiceAutoConfiguration : 

Using generated security password: c6cddeeb-21a0-45c7-bf30-cdeaa6631931

2020-09-21 10:43:03.906  WARN 6864 --- [restartedMain] c.n.c.sources.URLConfigurationSource     : No URLs will be polled as dynamic configuration sources.
2020-09-21 10:43:03.906  INFO 6864 --- [restartedMain] c.n.c.sources.URLConfigurationSource     : To enable URLs as dynamic configuration sources, define System property archaius.configurationSource.additionalUrls or make config.properties available on classpath.
2020-09-21 10:43:03.906  WARN 6864 --- [restartedMain] c.n.c.sources.URLConfigurationSource     : No URLs will be polled as dynamic configuration sources.
2020-09-21 10:43:03.906  INFO 6864 --- [restartedMain] c.n.c.sources.URLConfigurationSource     : To enable URLs as dynamic configuration sources, define System property archaius.configurationSource.additionalUrls or make config.properties available on classpath.
2020-09-21 10:43:05.076  INFO 6864 --- [restartedMain] o.s.c.g.r.RouteDefinitionRouteLocator    : Loaded RoutePredicateFactory [After]
2020-09-21 10:43:05.076  INFO 6864 --- [restartedMain] o.s.c.g.r.RouteDefinitionRouteLocator    : Loaded RoutePredicateFactory [Before]
2020-09-21 10:43:05.076  INFO 6864 --- [restartedMain] o.s.c.g.r.RouteDefinitionRouteLocator    : Loaded RoutePredicateFactory [Between]
2020-09-21 10:43:05.076  INFO 6864 --- [restartedMain] o.s.c.g.r.RouteDefinitionRouteLocator    : Loaded RoutePredicateFactory [Cookie]
2020-09-21 10:43:05.076  INFO 6864 --- [restartedMain] o.s.c.g.r.RouteDefinitionRouteLocator    : Loaded RoutePredicateFactory [Header]
2020-09-21 10:43:05.076  INFO 6864 --- [restartedMain] o.s.c.g.r.RouteDefinitionRouteLocator    : Loaded RoutePredicateFactory [Host]
2020-09-21 10:43:05.076  INFO 6864 --- [restartedMain] o.s.c.g.r.RouteDefinitionRouteLocator    : Loaded RoutePredicateFactory [Method]
2020-09-21 10:43:05.076  INFO 6864 --- [restartedMain] o.s.c.g.r.RouteDefinitionRouteLocator    : Loaded RoutePredicateFactory [Path]
2020-09-21 10:43:05.076  INFO 6864 --- [restartedMain] o.s.c.g.r.RouteDefinitionRouteLocator    : Loaded RoutePredicateFactory [Query]
2020-09-21 10:43:05.076  INFO 6864 --- [restartedMain] o.s.c.g.r.RouteDefinitionRouteLocator    : Loaded RoutePredicateFactory [ReadBodyPredicateFactory]
2020-09-21 10:43:05.076  INFO 6864 --- [restartedMain] o.s.c.g.r.RouteDefinitionRouteLocator    : Loaded RoutePredicateFactory [RemoteAddr]
2020-09-21 10:43:05.076  INFO 6864 --- [restartedMain] o.s.c.g.r.RouteDefinitionRouteLocator    : Loaded RoutePredicateFactory [Weight]
2020-09-21 10:43:05.076  INFO 6864 --- [restartedMain] o.s.c.g.r.RouteDefinitionRouteLocator    : Loaded RoutePredicateFactory [CloudFoundryRouteService]
2020-09-21 10:43:05.206  WARN 6864 --- [restartedMain] o.s.boot.actuate.endpoint.EndpointId     : Endpoint ID 'nacos-config' contains invalid characters, please migrate to a valid format.
2020-09-21 10:43:05.206  WARN 6864 --- [restartedMain] o.s.boot.actuate.endpoint.EndpointId     : Endpoint ID 'nacos-discovery' contains invalid characters, please migrate to a valid format.
2020-09-21 10:43:05.496  INFO 6864 --- [restartedMain] o.s.b.a.e.web.EndpointLinksResolver      : Exposing 2 endpoint(s) beneath base path '/actuator'
2020-09-21 10:43:05.566  INFO 6864 --- [restartedMain] o.s.s.c.ThreadPoolTaskScheduler          : Initializing ExecutorService 'Nacso-Watch-Task-Scheduler'
2020-09-21 10:43:05.786  INFO 6864 --- [restartedMain] o.s.b.d.a.OptionalLiveReloadServer       : LiveReload server is running on port 35729
2020-09-21 10:43:05.926  WARN 6864 --- [restartedMain] s.o.SpringCloudSecurityAutoConfiguration : All Spring Cloud Security modules and starters are deprecated. They will be moved to individual projects in the next major release.
2020-09-21 10:43:06.196  INFO 6864 --- [restartedMain] o.s.b.web.embedded.netty.NettyWebServer  : Netty started on port(s): 8887
2020-09-21 10:43:06.466  INFO 6864 --- [restartedMain] c.a.c.n.registry.NacosServiceRegistry    : nacos registry, DEFAULT_GROUP gateway-service 192.168.20.223:8887 register finished
2020-09-21 10:43:06.496  INFO 6864 --- [restartedMain] c.x.gateway.XiaoyuGatewayApplication     : Started XiaoyuGatewayApplication in 6.626 seconds (JVM running for 8.086)
2020-09-21 10:43:06.515  INFO 6864 --- [restartedMain] c.a.n.client.config.impl.ClientWorker    : [fixed-localhost_8848] [subscribe] gateway-service-dev.yaml+DEFAULT_GROUP
2020-09-21 10:43:06.526  INFO 6864 --- [restartedMain] c.a.nacos.client.config.impl.CacheData   : [fixed-localhost_8848] [add-listener] ok, tenant=, dataId=gateway-service-dev.yaml, group=DEFAULT_GROUP, cnt=1
2020-09-21 10:43:06.526  INFO 6864 --- [restartedMain] c.a.n.client.config.impl.ClientWorker    : [fixed-localhost_8848] [subscribe] gateway-service+DEFAULT_GROUP
2020-09-21 10:43:06.526  INFO 6864 --- [restartedMain] c.a.nacos.client.config.impl.CacheData   : [fixed-localhost_8848] [add-listener] ok, tenant=, dataId=gateway-service, group=DEFAULT_GROUP, cnt=1
2020-09-21 10:43:06.526  INFO 6864 --- [restartedMain] c.a.n.client.config.impl.ClientWorker    : [fixed-localhost_8848] [subscribe] gateway-service.yaml+DEFAULT_GROUP
2020-09-21 10:43:06.526  INFO 6864 --- [restartedMain] c.a.nacos.client.config.impl.CacheData   : [fixed-localhost_8848] [add-listener] ok, tenant=, dataId=gateway-service.yaml, group=DEFAULT_GROUP, cnt=1
2020-09-21 10:43:06.536  INFO 6864 --- [com.alibaba.nacos.client.Worker.longPolling.fixed-localhost_8848] c.a.n.client.config.impl.ClientWorker    : get changedGroupKeys:[]
2020-09-21 10:43:36.246  INFO 6864 --- [com.alibaba.nacos.client.Worker.longPolling.fixed-localhost_8848] c.a.n.client.config.impl.ClientWorker    : get changedGroupKeys:[]
2020-09-21 10:44:05.756  INFO 6864 --- [com.alibaba.nacos.client.Worker.longPolling.fixed-localhost_8848] c.a.n.client.config.impl.ClientWorker    : get changedGroupKeys:[]
2020-09-21 10:44:22.043  INFO 6864 --- [boundedElastic-1] c.x.gateway.filter.AuthGlobalFilter      : 【网关认证服务】请求地址：/test
2020-09-21 10:44:22.722  INFO 6864 --- [reactor-http-nio-3] c.x.g.filter.GlobalResponseLogFilter     : 

================ Gateway Response Start  ================
<=== 200 GET: /test
===Headers===  Content-Type: [application/json;charset=UTF-8]
===Headers===  Cache-Control: [no-cache, no-store, max-age=0, must-revalidate]
===Headers===  Pragma: [no-cache]
===Headers===  Expires: [0]
===Headers===  X-Content-Type-Options: [nosniff]
===Headers===  X-Frame-Options: [DENY]
===Headers===  X-XSS-Protection: [1 ; mode=block]
===Headers===  Referrer-Policy: [no-referrer]
===Headers===  content-length: [30]
================  Gateway Response End  =================

2020-09-21 10:44:31.639  INFO 6864 --- [boundedElastic-1] c.x.gateway.filter.AuthGlobalFilter      : 【网关认证服务】请求地址：/test
2020-09-21 10:44:36.814  INFO 6864 --- [com.alibaba.nacos.client.Worker.longPolling.fixed-localhost_8848] c.a.n.client.config.impl.ClientWorker    : get changedGroupKeys:[]
2020-09-21 10:46:28.928  INFO 6864 --- [com.alibaba.nacos.client.Worker.longPolling.fixed-localhost_8848] c.a.n.client.config.impl.ClientWorker    : get changedGroupKeys:[]
2020-09-21 10:56:58.036  INFO 9108 --- [restartedMain] o.s.b.devtools.restart.ChangeableUrls    : The Class-Path manifest attribute in D:\Zhangxy\tools\apache-maven-3.6.3\repository\com\sun\xml\bind\jaxb-core\2.3.0.1\jaxb-core-2.3.0.1.jar referenced one or more files that do not exist: file:/D:/Zhangxy/tools/apache-maven-3.6.3/repository/com/sun/xml/bind/jaxb-core/2.3.0.1/jaxb-api.jar
2020-09-21 10:56:58.038  INFO 9108 --- [restartedMain] o.s.b.devtools.restart.ChangeableUrls    : The Class-Path manifest attribute in D:\Zhangxy\tools\apache-maven-3.6.3\repository\com\sun\xml\bind\jaxb-impl\2.3.0.1\jaxb-impl-2.3.0.1.jar referenced one or more files that do not exist: file:/D:/Zhangxy/tools/apache-maven-3.6.3/repository/com/sun/xml/bind/jaxb-impl/2.3.0.1/jaxb-core.jar
2020-09-21 10:56:58.039  INFO 9108 --- [restartedMain] .e.DevToolsPropertyDefaultsPostProcessor : Devtools property defaults active! Set 'spring.devtools.add-properties' to 'false' to disable
2020-09-21 10:56:58.544  INFO 9108 --- [restartedMain] c.a.n.c.c.impl.LocalConfigInfoProcessor  : LOCAL_SNAPSHOT_PATH:C:\Users\Administrator\nacos\config
2020-09-21 10:56:58.564  INFO 9108 --- [restartedMain] c.a.nacos.client.config.impl.Limiter     : limitTime:5.0
2020-09-21 10:56:58.596  WARN 9108 --- [restartedMain] c.a.c.n.c.NacosPropertySourceBuilder     : Ignore the empty nacos configuration and get it based on dataId[gateway-service] & group[DEFAULT_GROUP]
2020-09-21 10:56:58.614  INFO 9108 --- [restartedMain] c.a.nacos.client.config.utils.JVMUtil    : isMultiInstance:false
2020-09-21 10:56:58.624  INFO 9108 --- [restartedMain] b.c.PropertySourceBootstrapConfiguration : Located property source: [BootstrapPropertySource {name='bootstrapProperties-gateway-service-dev.yaml,DEFAULT_GROUP'}, BootstrapPropertySource {name='bootstrapProperties-gateway-service.yaml,DEFAULT_GROUP'}, BootstrapPropertySource {name='bootstrapProperties-gateway-service,DEFAULT_GROUP'}]
2020-09-21 10:56:58.644  INFO 9108 --- [restartedMain] c.x.gateway.XiaoyuGatewayApplication     : The following profiles are active: dev
2020-09-21 10:56:59.644  INFO 9108 --- [restartedMain] .s.d.r.c.RepositoryConfigurationDelegate : Multiple Spring Data modules found, entering strict repository configuration mode!
2020-09-21 10:56:59.644  INFO 9108 --- [restartedMain] .s.d.r.c.RepositoryConfigurationDelegate : Bootstrapping Spring Data Redis repositories in DEFAULT mode.
2020-09-21 10:56:59.684  INFO 9108 --- [restartedMain] .s.d.r.c.RepositoryConfigurationDelegate : Finished Spring Data repository scanning in 16ms. Found 0 Redis repository interfaces.
2020-09-21 10:56:59.779  WARN 9108 --- [restartedMain] o.s.boot.actuate.endpoint.EndpointId     : Endpoint ID 'service-registry' contains invalid characters, please migrate to a valid format.
2020-09-21 10:56:59.944  INFO 9108 --- [restartedMain] o.s.cloud.context.scope.GenericScope     : BeanFactory id=6e9d57ed-0621-3559-9880-0ac9e4d43233
2020-09-21 10:57:00.054  INFO 9108 --- [restartedMain] trationDelegate$BeanPostProcessorChecker : Bean 'RedisConfig' of type [RedisConfig$$EnhancerBySpringCGLIB$$1c3e3353] is not eligible for getting processed by all BeanPostProcessors (for example: not eligible for auto-proxying)
2020-09-21 10:57:00.099  INFO 9108 --- [restartedMain] trationDelegate$BeanPostProcessorChecker : Bean 'org.springframework.cloud.client.loadbalancer.reactive.LoadBalancerBeanPostProcessorAutoConfiguration' of type [org.springframework.cloud.client.loadbalancer.reactive.LoadBalancerBeanPostProcessorAutoConfiguration] is not eligible for getting processed by all BeanPostProcessors (for example: not eligible for auto-proxying)
2020-09-21 10:57:00.099  INFO 9108 --- [restartedMain] trationDelegate$BeanPostProcessorChecker : Bean 'org.springframework.cloud.client.loadbalancer.reactive.LoadBalancerBeanPostProcessorAutoConfiguration$ReactiveLoadBalancerConfig' of type [org.springframework.cloud.client.loadbalancer.reactive.LoadBalancerBeanPostProcessorAutoConfiguration$ReactiveLoadBalancerConfig] is not eligible for getting processed by all BeanPostProcessors (for example: not eligible for auto-proxying)
2020-09-21 10:57:00.104  INFO 9108 --- [restartedMain] trationDelegate$BeanPostProcessorChecker : Bean 'deferringLoadBalancerExchangeFilterFunction' of type [org.springframework.cloud.client.loadbalancer.reactive.DeferringLoadBalancerExchangeFilterFunction] is not eligible for getting processed by all BeanPostProcessors (for example: not eligible for auto-proxying)
2020-09-21 10:57:00.344  WARN 9108 --- [restartedMain] o.s.s.o.p.t.s.JwtAccessTokenConverter    : Unable to create an RSA verifier from verifierKey (ignoreable if using MAC)
2020-09-21 10:57:00.384  INFO 9108 --- [restartedMain] ctiveUserDetailsServiceAutoConfiguration : 

Using generated security password: 4e5b33d5-74be-4f81-9469-bf264e2bedc3

2020-09-21 10:57:00.514  WARN 9108 --- [restartedMain] c.n.c.sources.URLConfigurationSource     : No URLs will be polled as dynamic configuration sources.
2020-09-21 10:57:00.514  INFO 9108 --- [restartedMain] c.n.c.sources.URLConfigurationSource     : To enable URLs as dynamic configuration sources, define System property archaius.configurationSource.additionalUrls or make config.properties available on classpath.
2020-09-21 10:57:00.514  WARN 9108 --- [restartedMain] c.n.c.sources.URLConfigurationSource     : No URLs will be polled as dynamic configuration sources.
2020-09-21 10:57:00.514  INFO 9108 --- [restartedMain] c.n.c.sources.URLConfigurationSource     : To enable URLs as dynamic configuration sources, define System property archaius.configurationSource.additionalUrls or make config.properties available on classpath.
2020-09-21 10:57:01.654  INFO 9108 --- [restartedMain] o.s.c.g.r.RouteDefinitionRouteLocator    : Loaded RoutePredicateFactory [After]
2020-09-21 10:57:01.654  INFO 9108 --- [restartedMain] o.s.c.g.r.RouteDefinitionRouteLocator    : Loaded RoutePredicateFactory [Before]
2020-09-21 10:57:01.654  INFO 9108 --- [restartedMain] o.s.c.g.r.RouteDefinitionRouteLocator    : Loaded RoutePredicateFactory [Between]
2020-09-21 10:57:01.654  INFO 9108 --- [restartedMain] o.s.c.g.r.RouteDefinitionRouteLocator    : Loaded RoutePredicateFactory [Cookie]
2020-09-21 10:57:01.654  INFO 9108 --- [restartedMain] o.s.c.g.r.RouteDefinitionRouteLocator    : Loaded RoutePredicateFactory [Header]
2020-09-21 10:57:01.654  INFO 9108 --- [restartedMain] o.s.c.g.r.RouteDefinitionRouteLocator    : Loaded RoutePredicateFactory [Host]
2020-09-21 10:57:01.654  INFO 9108 --- [restartedMain] o.s.c.g.r.RouteDefinitionRouteLocator    : Loaded RoutePredicateFactory [Method]
2020-09-21 10:57:01.654  INFO 9108 --- [restartedMain] o.s.c.g.r.RouteDefinitionRouteLocator    : Loaded RoutePredicateFactory [Path]
2020-09-21 10:57:01.654  INFO 9108 --- [restartedMain] o.s.c.g.r.RouteDefinitionRouteLocator    : Loaded RoutePredicateFactory [Query]
2020-09-21 10:57:01.654  INFO 9108 --- [restartedMain] o.s.c.g.r.RouteDefinitionRouteLocator    : Loaded RoutePredicateFactory [ReadBodyPredicateFactory]
2020-09-21 10:57:01.654  INFO 9108 --- [restartedMain] o.s.c.g.r.RouteDefinitionRouteLocator    : Loaded RoutePredicateFactory [RemoteAddr]
2020-09-21 10:57:01.654  INFO 9108 --- [restartedMain] o.s.c.g.r.RouteDefinitionRouteLocator    : Loaded RoutePredicateFactory [Weight]
2020-09-21 10:57:01.654  INFO 9108 --- [restartedMain] o.s.c.g.r.RouteDefinitionRouteLocator    : Loaded RoutePredicateFactory [CloudFoundryRouteService]
2020-09-21 10:57:01.794  WARN 9108 --- [restartedMain] o.s.boot.actuate.endpoint.EndpointId     : Endpoint ID 'nacos-config' contains invalid characters, please migrate to a valid format.
2020-09-21 10:57:01.794  WARN 9108 --- [restartedMain] o.s.boot.actuate.endpoint.EndpointId     : Endpoint ID 'nacos-discovery' contains invalid characters, please migrate to a valid format.
2020-09-21 10:57:02.044  INFO 9108 --- [restartedMain] o.s.b.a.e.web.EndpointLinksResolver      : Exposing 2 endpoint(s) beneath base path '/actuator'
2020-09-21 10:57:02.104  INFO 9108 --- [restartedMain] o.s.s.c.ThreadPoolTaskScheduler          : Initializing ExecutorService 'Nacso-Watch-Task-Scheduler'
2020-09-21 10:57:02.299  INFO 9108 --- [restartedMain] o.s.b.d.a.OptionalLiveReloadServer       : LiveReload server is running on port 35729
2020-09-21 10:57:02.424  WARN 9108 --- [restartedMain] s.o.SpringCloudSecurityAutoConfiguration : All Spring Cloud Security modules and starters are deprecated. They will be moved to individual projects in the next major release.
2020-09-21 10:57:02.684  INFO 9108 --- [restartedMain] o.s.b.web.embedded.netty.NettyWebServer  : Netty started on port(s): 8887
2020-09-21 10:57:02.944  INFO 9108 --- [restartedMain] c.a.c.n.registry.NacosServiceRegistry    : nacos registry, DEFAULT_GROUP gateway-service 192.168.20.223:8887 register finished
2020-09-21 10:57:02.964  INFO 9108 --- [restartedMain] c.x.gateway.XiaoyuGatewayApplication     : Started XiaoyuGatewayApplication in 5.863 seconds (JVM running for 7.118)
2020-09-21 10:57:02.974  INFO 9108 --- [restartedMain] c.a.n.client.config.impl.ClientWorker    : [fixed-localhost_8848] [subscribe] gateway-service-dev.yaml+DEFAULT_GROUP
2020-09-21 10:57:02.974  INFO 9108 --- [restartedMain] c.a.nacos.client.config.impl.CacheData   : [fixed-localhost_8848] [add-listener] ok, tenant=, dataId=gateway-service-dev.yaml, group=DEFAULT_GROUP, cnt=1
2020-09-21 10:57:02.974  INFO 9108 --- [restartedMain] c.a.n.client.config.impl.ClientWorker    : [fixed-localhost_8848] [subscribe] gateway-service+DEFAULT_GROUP
2020-09-21 10:57:02.974  INFO 9108 --- [restartedMain] c.a.nacos.client.config.impl.CacheData   : [fixed-localhost_8848] [add-listener] ok, tenant=, dataId=gateway-service, group=DEFAULT_GROUP, cnt=1
2020-09-21 10:57:02.974  INFO 9108 --- [restartedMain] c.a.n.client.config.impl.ClientWorker    : [fixed-localhost_8848] [subscribe] gateway-service.yaml+DEFAULT_GROUP
2020-09-21 10:57:02.974  INFO 9108 --- [restartedMain] c.a.nacos.client.config.impl.CacheData   : [fixed-localhost_8848] [add-listener] ok, tenant=, dataId=gateway-service.yaml, group=DEFAULT_GROUP, cnt=1
2020-09-21 10:57:02.999  INFO 9108 --- [com.alibaba.nacos.client.Worker.longPolling.fixed-localhost_8848] c.a.n.client.config.impl.ClientWorker    : get changedGroupKeys:[]
2020-09-21 10:57:30.399  INFO 9108 --- [boundedElastic-1] c.x.gateway.filter.AuthGlobalFilter      : 【网关认证服务】请求地址：/test
2020-09-21 10:57:31.284  INFO 9108 --- [boundedElastic-1] c.netflix.config.ChainedDynamicProperty  : Flipping property: gateway-route.ribbon.ActiveConnectionsLimit to use NEXT property: niws.loadbalancer.availabilityFilteringRule.activeConnectionsLimit = 2147483647
2020-09-21 10:57:31.303  INFO 9108 --- [boundedElastic-1] c.netflix.loadbalancer.BaseLoadBalancer  : Client: gateway-route instantiated a LoadBalancer: DynamicServerListLoadBalancer:{NFLoadBalancer:name=gateway-route,current list of Servers=[],Load balancer stats=Zone stats: {},Server stats: []}ServerList:null
2020-09-21 10:57:31.319  INFO 9108 --- [boundedElastic-1] c.n.l.DynamicServerListLoadBalancer      : Using serverListUpdater PollingServerListUpdater
2020-09-21 10:57:31.412  INFO 9108 --- [boundedElastic-1] c.n.l.DynamicServerListLoadBalancer      : DynamicServerListLoadBalancer for client gateway-route initialized: DynamicServerListLoadBalancer:{NFLoadBalancer:name=gateway-route,current list of Servers=[],Load balancer stats=Zone stats: {},Server stats: []}ServerList:com.alibaba.cloud.nacos.ribbon.NacosServerList@44bfe955
2020-09-21 10:57:32.706  INFO 9108 --- [com.alibaba.nacos.client.Worker.longPolling.fixed-localhost_8848] c.a.n.client.config.impl.ClientWorker    : get changedGroupKeys:[]
2020-09-21 10:57:43.871  INFO 9108 --- [boundedElastic-1] c.x.gateway.filter.AuthGlobalFilter      : 【网关认证服务】请求地址：/test
2020-09-21 10:57:52.349  INFO 9108 --- [boundedElastic-1] c.x.gateway.filter.AuthGlobalFilter      : 【网关认证服务】请求地址：/test
2020-09-21 10:58:02.300  INFO 9108 --- [com.alibaba.nacos.client.Worker.longPolling.fixed-localhost_8848] c.a.n.client.config.impl.ClientWorker    : get changedGroupKeys:[]
2020-09-21 10:58:33.134  INFO 9108 --- [com.alibaba.nacos.client.Worker.longPolling.fixed-localhost_8848] c.a.n.client.config.impl.ClientWorker    : get changedGroupKeys:[]
2020-09-21 10:58:35.524  INFO 9108 --- [Thread-49] c.n.l.PollingServerListUpdater           : Shutting down the Executor Pool for PollingServerListUpdater
2020-09-21 10:58:35.529  INFO 9108 --- [SpringContextShutdownHook] o.s.s.c.ThreadPoolTaskScheduler          : Shutting down ExecutorService 'Nacso-Watch-Task-Scheduler'
2020-09-21 10:58:35.534  INFO 9108 --- [SpringContextShutdownHook] c.a.c.n.registry.NacosServiceRegistry    : De-registering from Nacos Server now...
2020-09-21 10:58:35.534  INFO 9108 --- [SpringContextShutdownHook] c.a.c.n.registry.NacosServiceRegistry    : De-registration finished.
