2020-09-22 14:50:10.997  INFO 40132 --- [restartedMain] o.s.b.devtools.restart.ChangeableUrls    : The Class-Path manifest attribute in D:\Zhangxy\tools\apache-maven-3.6.3\repository\com\sun\xml\bind\jaxb-core\2.3.0.1\jaxb-core-2.3.0.1.jar referenced one or more files that do not exist: file:/D:/Zhangxy/tools/apache-maven-3.6.3/repository/com/sun/xml/bind/jaxb-core/2.3.0.1/jaxb-api.jar
2020-09-22 14:50:11.007  INFO 40132 --- [restartedMain] o.s.b.devtools.restart.ChangeableUrls    : The Class-Path manifest attribute in D:\Zhangxy\tools\apache-maven-3.6.3\repository\com\sun\xml\bind\jaxb-impl\2.3.0.1\jaxb-impl-2.3.0.1.jar referenced one or more files that do not exist: file:/D:/Zhangxy/tools/apache-maven-3.6.3/repository/com/sun/xml/bind/jaxb-impl/2.3.0.1/jaxb-core.jar
2020-09-22 14:50:11.008  INFO 40132 --- [restartedMain] .e.DevToolsPropertyDefaultsPostProcessor : Devtools property defaults active! Set 'spring.devtools.add-properties' to 'false' to disable
2020-09-22 14:50:11.587  INFO 40132 --- [restartedMain] c.a.n.c.c.impl.LocalConfigInfoProcessor  : LOCAL_SNAPSHOT_PATH:C:\Users\Administrator\nacos\config
2020-09-22 14:50:11.620  INFO 40132 --- [restartedMain] c.a.nacos.client.config.impl.Limiter     : limitTime:5.0
2020-09-22 14:50:11.893  WARN 40132 --- [restartedMain] c.a.c.n.c.NacosPropertySourceBuilder     : Ignore the empty nacos configuration and get it based on dataId[gateway-service] & group[DEFAULT_GROUP]
2020-09-22 14:50:11.919  INFO 40132 --- [restartedMain] c.a.nacos.client.config.utils.JVMUtil    : isMultiInstance:false
2020-09-22 14:50:11.939  INFO 40132 --- [restartedMain] b.c.PropertySourceBootstrapConfiguration : Located property source: [BootstrapPropertySource {name='bootstrapProperties-gateway-service-dev.yaml,DEFAULT_GROUP'}, BootstrapPropertySource {name='bootstrapProperties-gateway-service.yaml,DEFAULT_GROUP'}, BootstrapPropertySource {name='bootstrapProperties-gateway-service,DEFAULT_GROUP'}]
2020-09-22 14:50:11.958  INFO 40132 --- [restartedMain] c.x.gateway.XiaoyuGatewayApplication     : The following profiles are active: dev
2020-09-22 14:50:13.028  INFO 40132 --- [restartedMain] .s.d.r.c.RepositoryConfigurationDelegate : Multiple Spring Data modules found, entering strict repository configuration mode!
2020-09-22 14:50:13.031  INFO 40132 --- [restartedMain] .s.d.r.c.RepositoryConfigurationDelegate : Bootstrapping Spring Data Redis repositories in DEFAULT mode.
2020-09-22 14:50:13.062  INFO 40132 --- [restartedMain] .s.d.r.c.RepositoryConfigurationDelegate : Finished Spring Data repository scanning in 14ms. Found 0 Redis repository interfaces.
2020-09-22 14:50:13.164  WARN 40132 --- [restartedMain] o.s.boot.actuate.endpoint.EndpointId     : Endpoint ID 'service-registry' contains invalid characters, please migrate to a valid format.
2020-09-22 14:50:13.342  INFO 40132 --- [restartedMain] o.s.cloud.context.scope.GenericScope     : BeanFactory id=c37a4791-7274-3ffe-83e8-2f9fa09bbfd7
2020-09-22 14:50:13.443  INFO 40132 --- [restartedMain] trationDelegate$BeanPostProcessorChecker : Bean 'RedisConfig' of type [RedisConfig$$EnhancerBySpringCGLIB$$2a7edbef] is not eligible for getting processed by all BeanPostProcessors (for example: not eligible for auto-proxying)
2020-09-22 14:50:13.484  INFO 40132 --- [restartedMain] trationDelegate$BeanPostProcessorChecker : Bean 'org.springframework.cloud.client.loadbalancer.reactive.LoadBalancerBeanPostProcessorAutoConfiguration' of type [org.springframework.cloud.client.loadbalancer.reactive.LoadBalancerBeanPostProcessorAutoConfiguration] is not eligible for getting processed by all BeanPostProcessors (for example: not eligible for auto-proxying)
2020-09-22 14:50:13.486  INFO 40132 --- [restartedMain] trationDelegate$BeanPostProcessorChecker : Bean 'org.springframework.cloud.client.loadbalancer.reactive.LoadBalancerBeanPostProcessorAutoConfiguration$ReactiveLoadBalancerConfig' of type [org.springframework.cloud.client.loadbalancer.reactive.LoadBalancerBeanPostProcessorAutoConfiguration$ReactiveLoadBalancerConfig] is not eligible for getting processed by all BeanPostProcessors (for example: not eligible for auto-proxying)
2020-09-22 14:50:13.487  INFO 40132 --- [restartedMain] trationDelegate$BeanPostProcessorChecker : Bean 'deferringLoadBalancerExchangeFilterFunction' of type [org.springframework.cloud.client.loadbalancer.reactive.DeferringLoadBalancerExchangeFilterFunction] is not eligible for getting processed by all BeanPostProcessors (for example: not eligible for auto-proxying)
2020-09-22 14:50:13.814  INFO 40132 --- [restartedMain] ctiveUserDetailsServiceAutoConfiguration : 

Using generated security password: 3b192fa5-f5a0-4d8e-8d70-ecdffe70f77e

2020-09-22 14:50:13.982  WARN 40132 --- [restartedMain] c.n.c.sources.URLConfigurationSource     : No URLs will be polled as dynamic configuration sources.
2020-09-22 14:50:13.983  INFO 40132 --- [restartedMain] c.n.c.sources.URLConfigurationSource     : To enable URLs as dynamic configuration sources, define System property archaius.configurationSource.additionalUrls or make config.properties available on classpath.
2020-09-22 14:50:13.988  WARN 40132 --- [restartedMain] c.n.c.sources.URLConfigurationSource     : No URLs will be polled as dynamic configuration sources.
2020-09-22 14:50:13.988  INFO 40132 --- [restartedMain] c.n.c.sources.URLConfigurationSource     : To enable URLs as dynamic configuration sources, define System property archaius.configurationSource.additionalUrls or make config.properties available on classpath.
2020-09-22 14:50:15.235  INFO 40132 --- [restartedMain] o.s.c.g.r.RouteDefinitionRouteLocator    : Loaded RoutePredicateFactory [After]
2020-09-22 14:50:15.236  INFO 40132 --- [restartedMain] o.s.c.g.r.RouteDefinitionRouteLocator    : Loaded RoutePredicateFactory [Before]
2020-09-22 14:50:15.236  INFO 40132 --- [restartedMain] o.s.c.g.r.RouteDefinitionRouteLocator    : Loaded RoutePredicateFactory [Between]
2020-09-22 14:50:15.236  INFO 40132 --- [restartedMain] o.s.c.g.r.RouteDefinitionRouteLocator    : Loaded RoutePredicateFactory [Cookie]
2020-09-22 14:50:15.236  INFO 40132 --- [restartedMain] o.s.c.g.r.RouteDefinitionRouteLocator    : Loaded RoutePredicateFactory [Header]
2020-09-22 14:50:15.237  INFO 40132 --- [restartedMain] o.s.c.g.r.RouteDefinitionRouteLocator    : Loaded RoutePredicateFactory [Host]
2020-09-22 14:50:15.237  INFO 40132 --- [restartedMain] o.s.c.g.r.RouteDefinitionRouteLocator    : Loaded RoutePredicateFactory [Method]
2020-09-22 14:50:15.237  INFO 40132 --- [restartedMain] o.s.c.g.r.RouteDefinitionRouteLocator    : Loaded RoutePredicateFactory [Path]
2020-09-22 14:50:15.237  INFO 40132 --- [restartedMain] o.s.c.g.r.RouteDefinitionRouteLocator    : Loaded RoutePredicateFactory [Query]
2020-09-22 14:50:15.237  INFO 40132 --- [restartedMain] o.s.c.g.r.RouteDefinitionRouteLocator    : Loaded RoutePredicateFactory [ReadBodyPredicateFactory]
2020-09-22 14:50:15.238  INFO 40132 --- [restartedMain] o.s.c.g.r.RouteDefinitionRouteLocator    : Loaded RoutePredicateFactory [RemoteAddr]
2020-09-22 14:50:15.238  INFO 40132 --- [restartedMain] o.s.c.g.r.RouteDefinitionRouteLocator    : Loaded RoutePredicateFactory [Weight]
2020-09-22 14:50:15.238  INFO 40132 --- [restartedMain] o.s.c.g.r.RouteDefinitionRouteLocator    : Loaded RoutePredicateFactory [CloudFoundryRouteService]
2020-09-22 14:50:15.596  WARN 40132 --- [restartedMain] o.s.boot.actuate.endpoint.EndpointId     : Endpoint ID 'nacos-config' contains invalid characters, please migrate to a valid format.
2020-09-22 14:50:15.596  WARN 40132 --- [restartedMain] o.s.boot.actuate.endpoint.EndpointId     : Endpoint ID 'nacos-discovery' contains invalid characters, please migrate to a valid format.
2020-09-22 14:50:16.326  INFO 40132 --- [restartedMain] o.s.b.a.e.web.EndpointLinksResolver      : Exposing 2 endpoint(s) beneath base path '/actuator'
2020-09-22 14:50:16.651  INFO 40132 --- [restartedMain] o.s.s.c.ThreadPoolTaskScheduler          : Initializing ExecutorService 'Nacso-Watch-Task-Scheduler'
2020-09-22 14:50:17.166  INFO 40132 --- [restartedMain] o.s.b.d.a.OptionalLiveReloadServer       : LiveReload server is running on port 35729
2020-09-22 14:50:17.399  WARN 40132 --- [restartedMain] s.o.SpringCloudSecurityAutoConfiguration : All Spring Cloud Security modules and starters are deprecated. They will be moved to individual projects in the next major release.
2020-09-22 14:50:18.182  INFO 40132 --- [restartedMain] o.s.b.web.embedded.netty.NettyWebServer  : Netty started on port(s): 8887
2020-09-22 14:50:23.340  INFO 40132 --- [restartedMain] c.a.c.n.registry.NacosServiceRegistry    : nacos registry, DEFAULT_GROUP gateway-service 192.168.20.223:8887 register finished
2020-09-22 14:50:23.431  INFO 40132 --- [restartedMain] c.x.gateway.XiaoyuGatewayApplication     : Started XiaoyuGatewayApplication in 13.753 seconds (JVM running for 15.212)
2020-09-22 14:50:23.437  INFO 40132 --- [restartedMain] c.a.n.client.config.impl.ClientWorker    : [fixed-localhost_8848] [subscribe] gateway-service-dev.yaml+DEFAULT_GROUP
2020-09-22 14:50:23.438  INFO 40132 --- [restartedMain] c.a.nacos.client.config.impl.CacheData   : [fixed-localhost_8848] [add-listener] ok, tenant=, dataId=gateway-service-dev.yaml, group=DEFAULT_GROUP, cnt=1
2020-09-22 14:50:23.439  INFO 40132 --- [restartedMain] c.a.n.client.config.impl.ClientWorker    : [fixed-localhost_8848] [subscribe] gateway-service+DEFAULT_GROUP
2020-09-22 14:50:23.439  INFO 40132 --- [restartedMain] c.a.nacos.client.config.impl.CacheData   : [fixed-localhost_8848] [add-listener] ok, tenant=, dataId=gateway-service, group=DEFAULT_GROUP, cnt=1
2020-09-22 14:50:23.440  INFO 40132 --- [restartedMain] c.a.n.client.config.impl.ClientWorker    : [fixed-localhost_8848] [subscribe] gateway-service.yaml+DEFAULT_GROUP
2020-09-22 14:50:23.440  INFO 40132 --- [restartedMain] c.a.nacos.client.config.impl.CacheData   : [fixed-localhost_8848] [add-listener] ok, tenant=, dataId=gateway-service.yaml, group=DEFAULT_GROUP, cnt=1
2020-09-22 14:50:24.133  INFO 40132 --- [com.alibaba.nacos.client.Worker.longPolling.fixed-localhost_8848] c.a.n.client.config.impl.ClientWorker    : get changedGroupKeys:[]
2020-09-22 14:50:53.927  INFO 40132 --- [com.alibaba.nacos.client.Worker.longPolling.fixed-localhost_8848] c.a.n.client.config.impl.ClientWorker    : get changedGroupKeys:[]
2020-09-22 14:51:23.459  INFO 40132 --- [com.alibaba.nacos.client.Worker.longPolling.fixed-localhost_8848] c.a.n.client.config.impl.ClientWorker    : get changedGroupKeys:[]
2020-09-22 14:51:57.999  INFO 40132 --- [com.alibaba.nacos.client.Worker.longPolling.fixed-localhost_8848] c.a.n.client.config.impl.ClientWorker    : get changedGroupKeys:[]
2020-09-22 14:52:27.528  INFO 40132 --- [com.alibaba.nacos.client.Worker.longPolling.fixed-localhost_8848] c.a.n.client.config.impl.ClientWorker    : get changedGroupKeys:[]
2020-09-22 14:52:57.037  INFO 40132 --- [com.alibaba.nacos.client.Worker.longPolling.fixed-localhost_8848] c.a.n.client.config.impl.ClientWorker    : get changedGroupKeys:[]
2020-09-22 14:53:26.557  INFO 40132 --- [com.alibaba.nacos.client.Worker.longPolling.fixed-localhost_8848] c.a.n.client.config.impl.ClientWorker    : get changedGroupKeys:[]
2020-09-22 14:54:31.211  INFO 40132 --- [com.alibaba.nacos.client.Worker.longPolling.fixed-localhost_8848] c.a.n.client.config.impl.ClientWorker    : get changedGroupKeys:[]
2020-09-22 14:54:31.501  INFO 40132 --- [SpringContextShutdownHook] o.s.s.c.ThreadPoolTaskScheduler          : Shutting down ExecutorService 'Nacso-Watch-Task-Scheduler'
2020-09-22 14:54:31.504  INFO 40132 --- [SpringContextShutdownHook] c.a.c.n.registry.NacosServiceRegistry    : De-registering from Nacos Server now...
2020-09-22 14:54:31.560  INFO 40132 --- [SpringContextShutdownHook] c.a.c.n.registry.NacosServiceRegistry    : De-registration finished.
