2020-09-29 10:30:59.639  INFO 36524 --- [Thread-47] c.n.l.PollingServerListUpdater           : Shutting down the Executor Pool for PollingServerListUpdater
2020-09-29 10:31:00.991 ERROR 36524 --- [reactor-http-nio-3] a.w.r.e.AbstractErrorWebExceptionHandler : [f896272e-3]  500 Server Error for HTTP POST "/auth/oauth/token?232=232"

java.lang.NullPointerException: null
	at com.xiaoyu.gateway.filter.GlobalRequestLogFilter.stringBuffer(GlobalRequestLogFilter.java:120)
	Suppressed: reactor.core.publisher.FluxOnAssembly$OnAssemblyException: 
Error has been observed at the following site(s):
	|_ checkpoint ⇢ org.springframework.cloud.gateway.filter.WeightCalculatorWebFilter [DefaultWebFilterChain]
	|_ checkpoint ⇢ HTTP POST "/auth/oauth/token?232=232" [ExceptionHandlingWebHandler]
Stack trace:
		at com.xiaoyu.gateway.filter.GlobalRequestLogFilter.stringBuffer(GlobalRequestLogFilter.java:120)
		at com.xiaoyu.gateway.filter.GlobalRequestLogFilter.filter(GlobalRequestLogFilter.java:81)
		at org.springframework.cloud.gateway.handler.FilteringWebHandler$GatewayFilterAdapter.filter(FilteringWebHandler.java:138)
		at org.springframework.cloud.gateway.filter.OrderedGatewayFilter.filter(OrderedGatewayFilter.java:44)
		at org.springframework.cloud.gateway.handler.FilteringWebHandler$DefaultGatewayFilterChain.lambda$filter$0(FilteringWebHandler.java:118)
		at reactor.core.publisher.MonoDefer.subscribe(MonoDefer.java:44)
		at reactor.core.publisher.MonoDefer.subscribe(MonoDefer.java:52)
		at reactor.core.publisher.MonoDefer.subscribe(MonoDefer.java:52)
		at reactor.core.publisher.MonoDefer.subscribe(MonoDefer.java:52)
		at reactor.core.publisher.MonoDefer.subscribe(MonoDefer.java:52)
		at reactor.core.publisher.MonoDefer.subscribe(MonoDefer.java:52)
		at reactor.core.publisher.Mono.subscribe(Mono.java:4213)
		at reactor.core.publisher.MonoIgnoreThen$ThenIgnoreMain.drain(MonoIgnoreThen.java:172)
		at reactor.core.publisher.MonoIgnoreThen.subscribe(MonoIgnoreThen.java:56)
		at reactor.core.publisher.InternalMonoOperator.subscribe(InternalMonoOperator.java:64)
		at reactor.core.publisher.MonoDefer.subscribe(MonoDefer.java:52)
		at reactor.core.publisher.MonoDefer.subscribe(MonoDefer.java:52)
		at reactor.core.publisher.InternalMonoOperator.subscribe(InternalMonoOperator.java:64)
		at reactor.core.publisher.MonoDefer.subscribe(MonoDefer.java:52)
		at reactor.core.publisher.Mono.subscribe(Mono.java:4213)
		at reactor.core.publisher.MonoIgnoreThen$ThenIgnoreMain.drain(MonoIgnoreThen.java:172)
		at reactor.core.publisher.MonoIgnoreThen.subscribe(MonoIgnoreThen.java:56)
		at reactor.core.publisher.MonoDefer.subscribe(MonoDefer.java:52)
		at reactor.core.publisher.Mono.subscribe(Mono.java:4213)
		at reactor.core.publisher.MonoIgnoreThen$ThenIgnoreMain.drain(MonoIgnoreThen.java:172)
		at reactor.core.publisher.MonoIgnoreThen.subscribe(MonoIgnoreThen.java:56)
		at reactor.core.publisher.MonoFlatMap$FlatMapMain.onNext(MonoFlatMap.java:150)
		at reactor.core.publisher.FluxSwitchIfEmpty$SwitchIfEmptySubscriber.onNext(FluxSwitchIfEmpty.java:67)
		at reactor.core.publisher.MonoNext$NextSubscriber.onNext(MonoNext.java:76)
		at reactor.core.publisher.FluxConcatMap$ConcatMapImmediate.innerNext(FluxConcatMap.java:274)
		at reactor.core.publisher.FluxConcatMap$ConcatMapInner.onNext(FluxConcatMap.java:851)
		at reactor.core.publisher.FluxMap$MapSubscriber.onNext(FluxMap.java:114)
		at reactor.core.publisher.FluxSwitchIfEmpty$SwitchIfEmptySubscriber.onNext(FluxSwitchIfEmpty.java:67)
		at reactor.core.publisher.Operators$MonoSubscriber.complete(Operators.java:1782)
		at reactor.core.publisher.MonoFlatMap$FlatMapMain.onNext(MonoFlatMap.java:144)
		at reactor.core.publisher.FluxMap$MapSubscriber.onNext(FluxMap.java:114)
		at reactor.core.publisher.MonoNext$NextSubscriber.onNext(MonoNext.java:76)
		at reactor.core.publisher.FluxConcatMap$ConcatMapImmediate.innerNext(FluxConcatMap.java:274)
		at reactor.core.publisher.FluxConcatMap$ConcatMapInner.onNext(FluxConcatMap.java:851)
		at reactor.core.publisher.FluxOnErrorResume$ResumeSubscriber.onNext(FluxOnErrorResume.java:73)
		at reactor.core.publisher.MonoPeekTerminal$MonoTerminalPeekSubscriber.onNext(MonoPeekTerminal.java:173)
		at reactor.core.publisher.Operators$MonoSubscriber.complete(Operators.java:1782)
		at reactor.core.publisher.MonoFilterWhen$MonoFilterWhenMain.onNext(MonoFilterWhen.java:140)
		at reactor.core.publisher.Operators$ScalarSubscription.request(Operators.java:2344)
		at reactor.core.publisher.MonoFilterWhen$MonoFilterWhenMain.onSubscribe(MonoFilterWhen.java:103)
		at reactor.core.publisher.MonoJust.subscribe(MonoJust.java:54)
		at reactor.core.publisher.Mono.subscribe(Mono.java:4213)
		at reactor.core.publisher.FluxConcatMap$ConcatMapImmediate.drain(FluxConcatMap.java:441)
		at reactor.core.publisher.FluxConcatMap$ConcatMapImmediate.onNext(FluxConcatMap.java:243)
		at reactor.core.publisher.FluxDematerialize$DematerializeSubscriber.onNext(FluxDematerialize.java:91)
		at reactor.core.publisher.FluxDematerialize$DematerializeSubscriber.onNext(FluxDematerialize.java:38)
		at reactor.core.publisher.FluxIterable$IterableSubscription.slowPath(FluxIterable.java:267)
		at reactor.core.publisher.FluxIterable$IterableSubscription.request(FluxIterable.java:225)
		at reactor.core.publisher.FluxDematerialize$DematerializeSubscriber.request(FluxDematerialize.java:120)
		at reactor.core.publisher.FluxConcatMap$ConcatMapImmediate.onSubscribe(FluxConcatMap.java:228)
		at reactor.core.publisher.FluxDematerialize$DematerializeSubscriber.onSubscribe(FluxDematerialize.java:70)
		at reactor.core.publisher.FluxIterable.subscribe(FluxIterable.java:161)
		at reactor.core.publisher.FluxIterable.subscribe(FluxIterable.java:86)
		at reactor.core.publisher.InternalFluxOperator.subscribe(InternalFluxOperator.java:62)
		at reactor.core.publisher.FluxDefer.subscribe(FluxDefer.java:54)
		at reactor.core.publisher.Mono.subscribe(Mono.java:4213)
		at reactor.core.publisher.FluxConcatMap$ConcatMapImmediate.drain(FluxConcatMap.java:441)
		at reactor.core.publisher.FluxConcatMap$ConcatMapImmediate.onSubscribe(FluxConcatMap.java:211)
		at reactor.core.publisher.FluxIterable.subscribe(FluxIterable.java:161)
		at reactor.core.publisher.FluxIterable.subscribe(FluxIterable.java:86)
		at reactor.core.publisher.InternalMonoOperator.subscribe(InternalMonoOperator.java:64)
		at reactor.core.publisher.MonoDefer.subscribe(MonoDefer.java:52)
		at reactor.core.publisher.InternalMonoOperator.subscribe(InternalMonoOperator.java:64)
		at reactor.core.publisher.MonoDefer.subscribe(MonoDefer.java:52)
		at reactor.core.publisher.Mono.subscribe(Mono.java:4213)
		at reactor.core.publisher.MonoIgnoreThen$ThenIgnoreMain.drain(MonoIgnoreThen.java:172)
		at reactor.core.publisher.MonoIgnoreThen.subscribe(MonoIgnoreThen.java:56)
		at reactor.core.publisher.InternalMonoOperator.subscribe(InternalMonoOperator.java:64)
		at reactor.netty.http.server.HttpServerHandle.onStateChange(HttpServerHandle.java:65)
		at reactor.netty.ReactorNetty$CompositeConnectionObserver.onStateChange(ReactorNetty.java:518)
		at reactor.netty.tcp.TcpServerBind$ChildObserver.onStateChange(TcpServerBind.java:267)
		at reactor.netty.http.server.HttpServerOperations.onInboundNext(HttpServerOperations.java:462)
		at reactor.netty.channel.ChannelOperationsHandler.channelRead(ChannelOperationsHandler.java:96)
		at io.netty.channel.AbstractChannelHandlerContext.invokeChannelRead(AbstractChannelHandlerContext.java:379)
		at io.netty.channel.AbstractChannelHandlerContext.invokeChannelRead(AbstractChannelHandlerContext.java:365)
		at io.netty.channel.AbstractChannelHandlerContext.fireChannelRead(AbstractChannelHandlerContext.java:357)
		at reactor.netty.http.server.HttpTrafficHandler.channelRead(HttpTrafficHandler.java:170)
		at io.netty.channel.AbstractChannelHandlerContext.invokeChannelRead(AbstractChannelHandlerContext.java:379)
		at io.netty.channel.AbstractChannelHandlerContext.invokeChannelRead(AbstractChannelHandlerContext.java:365)
		at io.netty.channel.AbstractChannelHandlerContext.fireChannelRead(AbstractChannelHandlerContext.java:357)
		at io.netty.channel.CombinedChannelDuplexHandler$DelegatingChannelHandlerContext.fireChannelRead(CombinedChannelDuplexHandler.java:436)
		at io.netty.handler.codec.ByteToMessageDecoder.fireChannelRead(ByteToMessageDecoder.java:324)
		at io.netty.handler.codec.ByteToMessageDecoder.fireChannelRead(ByteToMessageDecoder.java:311)
		at io.netty.handler.codec.ByteToMessageDecoder.callDecode(ByteToMessageDecoder.java:425)
		at io.netty.handler.codec.ByteToMessageDecoder.channelRead(ByteToMessageDecoder.java:276)
		at io.netty.channel.CombinedChannelDuplexHandler.channelRead(CombinedChannelDuplexHandler.java:251)
		at io.netty.channel.AbstractChannelHandlerContext.invokeChannelRead(AbstractChannelHandlerContext.java:379)
		at io.netty.channel.AbstractChannelHandlerContext.invokeChannelRead(AbstractChannelHandlerContext.java:365)
		at io.netty.channel.AbstractChannelHandlerContext.fireChannelRead(AbstractChannelHandlerContext.java:357)
		at io.netty.channel.DefaultChannelPipeline$HeadContext.channelRead(DefaultChannelPipeline.java:1410)
		at io.netty.channel.AbstractChannelHandlerContext.invokeChannelRead(AbstractChannelHandlerContext.java:379)
		at io.netty.channel.AbstractChannelHandlerContext.invokeChannelRead(AbstractChannelHandlerContext.java:365)
		at io.netty.channel.DefaultChannelPipeline.fireChannelRead(DefaultChannelPipeline.java:919)
		at io.netty.channel.nio.AbstractNioByteChannel$NioByteUnsafe.read(AbstractNioByteChannel.java:163)
		at io.netty.channel.nio.NioEventLoop.processSelectedKey(NioEventLoop.java:714)
		at io.netty.channel.nio.NioEventLoop.processSelectedKeysOptimized(NioEventLoop.java:650)
		at io.netty.channel.nio.NioEventLoop.processSelectedKeys(NioEventLoop.java:576)
		at io.netty.channel.nio.NioEventLoop.run(NioEventLoop.java:493)
		at io.netty.util.concurrent.SingleThreadEventExecutor$4.run(SingleThreadEventExecutor.java:989)
		at io.netty.util.internal.ThreadExecutorMap$2.run(ThreadExecutorMap.java:74)
		at io.netty.util.concurrent.FastThreadLocalRunnable.run(FastThreadLocalRunnable.java:30)
		at java.lang.Thread.run(Thread.java:748)

