2020-09-23 10:08:30.593  INFO 9000 --- [restartedMain] .e.DevToolsPropertyDefaultsPostProcessor : Devtools property defaults active! Set 'spring.devtools.add-properties' to 'false' to disable
2020-09-23 10:08:31.112  INFO 9000 --- [restartedMain] c.a.n.c.c.impl.LocalConfigInfoProcessor  : LOCAL_SNAPSHOT_PATH:C:\Users\Administrator\nacos\config
2020-09-23 10:08:31.143  INFO 9000 --- [restartedMain] c.a.nacos.client.config.impl.Limiter     : limitTime:5.0
2020-09-23 10:08:31.163  WARN 9000 --- [restartedMain] c.a.c.n.c.NacosPropertySourceBuilder     : Ignore the empty nacos configuration and get it based on dataId[gateway-service] & group[DEFAULT_GROUP]
2020-09-23 10:08:31.172  INFO 9000 --- [restartedMain] c.a.nacos.client.config.utils.JVMUtil    : isMultiInstance:false
2020-09-23 10:08:31.183  INFO 9000 --- [restartedMain] b.c.PropertySourceBootstrapConfiguration : Located property source: [BootstrapPropertySource {name='bootstrapProperties-gateway-service-dev.yaml,DEFAULT_GROUP'}, BootstrapPropertySource {name='bootstrapProperties-gateway-service.yaml,DEFAULT_GROUP'}, BootstrapPropertySource {name='bootstrapProperties-gateway-service,DEFAULT_GROUP'}]
2020-09-23 10:08:31.203  INFO 9000 --- [restartedMain] c.x.gateway.XiaoyuGatewayApplication     : The following profiles are active: dev
2020-09-23 10:08:31.903  INFO 9000 --- [restartedMain] o.s.cloud.context.scope.GenericScope     : BeanFactory id=e294fcb0-a772-30d5-aa01-e04368e8f093
2020-09-23 10:08:31.978  INFO 9000 --- [restartedMain] trationDelegate$BeanPostProcessorChecker : Bean 'org.springframework.cloud.client.loadbalancer.reactive.LoadBalancerBeanPostProcessorAutoConfiguration' of type [org.springframework.cloud.client.loadbalancer.reactive.LoadBalancerBeanPostProcessorAutoConfiguration] is not eligible for getting processed by all BeanPostProcessors (for example: not eligible for auto-proxying)
2020-09-23 10:08:31.978  INFO 9000 --- [restartedMain] trationDelegate$BeanPostProcessorChecker : Bean 'org.springframework.cloud.client.loadbalancer.reactive.LoadBalancerBeanPostProcessorAutoConfiguration$ReactiveLoadBalancerConfig' of type [org.springframework.cloud.client.loadbalancer.reactive.LoadBalancerBeanPostProcessorAutoConfiguration$ReactiveLoadBalancerConfig] is not eligible for getting processed by all BeanPostProcessors (for example: not eligible for auto-proxying)
2020-09-23 10:08:31.978  INFO 9000 --- [restartedMain] trationDelegate$BeanPostProcessorChecker : Bean 'deferringLoadBalancerExchangeFilterFunction' of type [org.springframework.cloud.client.loadbalancer.reactive.DeferringLoadBalancerExchangeFilterFunction] is not eligible for getting processed by all BeanPostProcessors (for example: not eligible for auto-proxying)
2020-09-23 10:08:32.152  WARN 9000 --- [restartedMain] c.n.c.sources.URLConfigurationSource     : No URLs will be polled as dynamic configuration sources.
2020-09-23 10:08:32.152  INFO 9000 --- [restartedMain] c.n.c.sources.URLConfigurationSource     : To enable URLs as dynamic configuration sources, define System property archaius.configurationSource.additionalUrls or make config.properties available on classpath.
2020-09-23 10:08:32.163  WARN 9000 --- [restartedMain] c.n.c.sources.URLConfigurationSource     : No URLs will be polled as dynamic configuration sources.
2020-09-23 10:08:32.163  INFO 9000 --- [restartedMain] c.n.c.sources.URLConfigurationSource     : To enable URLs as dynamic configuration sources, define System property archaius.configurationSource.additionalUrls or make config.properties available on classpath.
2020-09-23 10:08:32.953  INFO 9000 --- [restartedMain] o.s.c.g.r.RouteDefinitionRouteLocator    : Loaded RoutePredicateFactory [After]
2020-09-23 10:08:32.963  INFO 9000 --- [restartedMain] o.s.c.g.r.RouteDefinitionRouteLocator    : Loaded RoutePredicateFactory [Before]
2020-09-23 10:08:32.963  INFO 9000 --- [restartedMain] o.s.c.g.r.RouteDefinitionRouteLocator    : Loaded RoutePredicateFactory [Between]
2020-09-23 10:08:32.963  INFO 9000 --- [restartedMain] o.s.c.g.r.RouteDefinitionRouteLocator    : Loaded RoutePredicateFactory [Cookie]
2020-09-23 10:08:32.963  INFO 9000 --- [restartedMain] o.s.c.g.r.RouteDefinitionRouteLocator    : Loaded RoutePredicateFactory [Header]
2020-09-23 10:08:32.963  INFO 9000 --- [restartedMain] o.s.c.g.r.RouteDefinitionRouteLocator    : Loaded RoutePredicateFactory [Host]
2020-09-23 10:08:32.963  INFO 9000 --- [restartedMain] o.s.c.g.r.RouteDefinitionRouteLocator    : Loaded RoutePredicateFactory [Method]
2020-09-23 10:08:32.963  INFO 9000 --- [restartedMain] o.s.c.g.r.RouteDefinitionRouteLocator    : Loaded RoutePredicateFactory [Path]
2020-09-23 10:08:32.963  INFO 9000 --- [restartedMain] o.s.c.g.r.RouteDefinitionRouteLocator    : Loaded RoutePredicateFactory [Query]
2020-09-23 10:08:32.963  INFO 9000 --- [restartedMain] o.s.c.g.r.RouteDefinitionRouteLocator    : Loaded RoutePredicateFactory [ReadBodyPredicateFactory]
2020-09-23 10:08:32.963  INFO 9000 --- [restartedMain] o.s.c.g.r.RouteDefinitionRouteLocator    : Loaded RoutePredicateFactory [RemoteAddr]
2020-09-23 10:08:32.963  INFO 9000 --- [restartedMain] o.s.c.g.r.RouteDefinitionRouteLocator    : Loaded RoutePredicateFactory [Weight]
2020-09-23 10:08:32.963  INFO 9000 --- [restartedMain] o.s.c.g.r.RouteDefinitionRouteLocator    : Loaded RoutePredicateFactory [CloudFoundryRouteService]
2020-09-23 10:08:33.118  INFO 9000 --- [restartedMain] o.s.s.c.ThreadPoolTaskScheduler          : Initializing ExecutorService 'Nacso-Watch-Task-Scheduler'
2020-09-23 10:08:33.313  WARN 9000 --- [restartedMain] o.s.b.d.a.OptionalLiveReloadServer       : Unable to start LiveReload server
2020-09-23 10:08:33.682  INFO 9000 --- [restartedMain] o.s.b.web.embedded.netty.NettyWebServer  : Netty started on port(s): 8887
2020-09-23 10:08:33.893  INFO 9000 --- [restartedMain] c.a.c.n.registry.NacosServiceRegistry    : nacos registry, DEFAULT_GROUP gateway-service 192.168.2.212:8887 register finished
2020-09-23 10:08:33.913  INFO 9000 --- [restartedMain] c.x.gateway.XiaoyuGatewayApplication     : Started XiaoyuGatewayApplication in 4.349 seconds (JVM running for 5.404)
2020-09-23 10:08:33.913  INFO 9000 --- [restartedMain] c.a.n.client.config.impl.ClientWorker    : [fixed-localhost_8848] [subscribe] gateway-service-dev.yaml+DEFAULT_GROUP
2020-09-23 10:08:33.913  INFO 9000 --- [restartedMain] c.a.nacos.client.config.impl.CacheData   : [fixed-localhost_8848] [add-listener] ok, tenant=, dataId=gateway-service-dev.yaml, group=DEFAULT_GROUP, cnt=1
2020-09-23 10:08:33.913  INFO 9000 --- [restartedMain] c.a.n.client.config.impl.ClientWorker    : [fixed-localhost_8848] [subscribe] gateway-service+DEFAULT_GROUP
2020-09-23 10:08:33.913  INFO 9000 --- [restartedMain] c.a.nacos.client.config.impl.CacheData   : [fixed-localhost_8848] [add-listener] ok, tenant=, dataId=gateway-service, group=DEFAULT_GROUP, cnt=1
2020-09-23 10:08:33.923  INFO 9000 --- [restartedMain] c.a.n.client.config.impl.ClientWorker    : [fixed-localhost_8848] [subscribe] gateway-service.yaml+DEFAULT_GROUP
2020-09-23 10:08:33.923  INFO 9000 --- [restartedMain] c.a.nacos.client.config.impl.CacheData   : [fixed-localhost_8848] [add-listener] ok, tenant=, dataId=gateway-service.yaml, group=DEFAULT_GROUP, cnt=1
2020-09-23 10:08:33.923  INFO 9000 --- [com.alibaba.nacos.client.Worker.longPolling.fixed-localhost_8848] c.a.n.client.config.impl.ClientWorker    : get changedGroupKeys:[]
2020-09-23 10:08:47.805  INFO 9000 --- [reactor-http-nio-3] c.x.gateway.filter.AuthGlobalFilter      : 【网关认证服务】请求地址：/auth/oauth/token
2020-09-23 10:08:48.210  INFO 9000 --- [reactor-http-nio-3] c.netflix.config.ChainedDynamicProperty  : Flipping property: auth-service.ribbon.ActiveConnectionsLimit to use NEXT property: niws.loadbalancer.availabilityFilteringRule.activeConnectionsLimit = 2147483647
2020-09-23 10:08:48.227  INFO 9000 --- [reactor-http-nio-3] c.netflix.loadbalancer.BaseLoadBalancer  : Client: auth-service instantiated a LoadBalancer: DynamicServerListLoadBalancer:{NFLoadBalancer:name=auth-service,current list of Servers=[],Load balancer stats=Zone stats: {},Server stats: []}ServerList:null
2020-09-23 10:08:48.234  INFO 9000 --- [reactor-http-nio-3] c.n.l.DynamicServerListLoadBalancer      : Using serverListUpdater PollingServerListUpdater
2020-09-23 10:08:48.273  INFO 9000 --- [reactor-http-nio-3] c.netflix.config.ChainedDynamicProperty  : Flipping property: auth-service.ribbon.ActiveConnectionsLimit to use NEXT property: niws.loadbalancer.availabilityFilteringRule.activeConnectionsLimit = 2147483647
2020-09-23 10:08:48.275  INFO 9000 --- [reactor-http-nio-3] c.n.l.DynamicServerListLoadBalancer      : DynamicServerListLoadBalancer for client auth-service initialized: DynamicServerListLoadBalancer:{NFLoadBalancer:name=auth-service,current list of Servers=[192.168.2.212:8000],Load balancer stats=Zone stats: {unknown=[Zone:unknown;	Instance count:1;	Active connections count: 0;	Circuit breaker tripped count: 0;	Active connections per server: 0.0;]
},Server stats: [[Server:192.168.2.212:8000;	Zone:UNKNOWN;	Total Requests:0;	Successive connection failure:0;	Total blackout seconds:0;	Last connection made:Thu Jan 01 08:00:00 CST 1970;	First connection made: Thu Jan 01 08:00:00 CST 1970;	Active Connections:0;	total failure count in last (1000) msecs:0;	average resp time:0.0;	90 percentile resp time:0.0;	95 percentile resp time:0.0;	min resp time:0.0;	max resp time:0.0;	stddev resp time:0.0]
]}ServerList:com.alibaba.cloud.nacos.ribbon.NacosServerList@1a46d6ab
2020-09-23 10:08:48.306  INFO 9000 --- [reactor-http-nio-3] c.x.g.filter.GlobalRequestLogFilter      : 

================ Gateway Request Start  ================
===> POST: /auth/oauth/token
===Headers===  User-Agent: [PostmanRuntime/7.26.5]
===Headers===  Accept: [*/*]
===Headers===  Postman-Token: [3353f130-403a-4943-8b39-868b3cd3f247]
===Headers===  Host: [localhost:8887]
===Headers===  Accept-Encoding: [gzip, deflate, br]
===Headers===  Connection: [keep-alive]
===Headers===  Content-Type: [application/x-www-form-urlencoded]
===Headers===  Content-Length: [120]
================  Gateway Request End  =================

2020-09-23 10:08:49.239  INFO 9000 --- [PollingServerListUpdater-0] c.netflix.config.ChainedDynamicProperty  : Flipping property: auth-service.ribbon.ActiveConnectionsLimit to use NEXT property: niws.loadbalancer.availabilityFilteringRule.activeConnectionsLimit = 2147483647
2020-09-23 10:08:50.059  INFO 9000 --- [reactor-http-nio-3] c.x.g.filter.GlobalResponseLogFilter     : 

================ Gateway Response Start  ================
<=== 200 POST: /auth/oauth/token
===Headers===  transfer-encoding: [chunked]
===Headers===  Cache-Control: [no-store]
===Headers===  Pragma: [no-cache]
===Headers===  X-Content-Type-Options: [nosniff]
===Headers===  X-XSS-Protection: [1; mode=block]
===Headers===  X-Frame-Options: [DENY]
===Headers===  Content-Type: [application/json;charset=UTF-8]
===Headers===  Date: [Wed, 23 Sep 2020 02:08:50 GMT]
================  Gateway Response End  =================

2020-09-23 10:09:03.632  INFO 9000 --- [com.alibaba.nacos.client.Worker.longPolling.fixed-localhost_8848] c.a.n.client.config.impl.ClientWorker    : get changedGroupKeys:[]
2020-09-23 10:09:05.820  INFO 9000 --- [reactor-http-nio-3] c.x.gateway.filter.AuthGlobalFilter      : 【网关认证服务】请求地址：/list
2020-09-23 10:09:06.110  INFO 9000 --- [reactor-http-nio-3] c.x.g.filter.GlobalResponseLogFilter     : 

================ Gateway Response Start  ================
<=== 200 GET: /list
===Headers===  Content-Type: [application/json;charset=UTF-8]
===Headers===  content-length: [33]
================  Gateway Response End  =================

2020-09-23 10:09:10.089  INFO 9000 --- [reactor-http-nio-3] c.x.gateway.filter.AuthGlobalFilter      : 【网关认证服务】请求地址：/list
2020-09-23 10:09:10.137  INFO 9000 --- [reactor-http-nio-3] c.netflix.config.ChainedDynamicProperty  : Flipping property: user-service.ribbon.ActiveConnectionsLimit to use NEXT property: niws.loadbalancer.availabilityFilteringRule.activeConnectionsLimit = 2147483647
2020-09-23 10:09:10.139  INFO 9000 --- [reactor-http-nio-3] c.netflix.loadbalancer.BaseLoadBalancer  : Client: user-service instantiated a LoadBalancer: DynamicServerListLoadBalancer:{NFLoadBalancer:name=user-service,current list of Servers=[],Load balancer stats=Zone stats: {},Server stats: []}ServerList:null
2020-09-23 10:09:10.143  INFO 9000 --- [reactor-http-nio-3] c.n.l.DynamicServerListLoadBalancer      : Using serverListUpdater PollingServerListUpdater
2020-09-23 10:09:10.150  INFO 9000 --- [reactor-http-nio-3] c.netflix.config.ChainedDynamicProperty  : Flipping property: user-service.ribbon.ActiveConnectionsLimit to use NEXT property: niws.loadbalancer.availabilityFilteringRule.activeConnectionsLimit = 2147483647
2020-09-23 10:09:10.151  INFO 9000 --- [reactor-http-nio-3] c.n.l.DynamicServerListLoadBalancer      : DynamicServerListLoadBalancer for client user-service initialized: DynamicServerListLoadBalancer:{NFLoadBalancer:name=user-service,current list of Servers=[192.168.2.212:8888],Load balancer stats=Zone stats: {unknown=[Zone:unknown;	Instance count:1;	Active connections count: 0;	Circuit breaker tripped count: 0;	Active connections per server: 0.0;]
},Server stats: [[Server:192.168.2.212:8888;	Zone:UNKNOWN;	Total Requests:0;	Successive connection failure:0;	Total blackout seconds:0;	Last connection made:Thu Jan 01 08:00:00 CST 1970;	First connection made: Thu Jan 01 08:00:00 CST 1970;	Active Connections:0;	total failure count in last (1000) msecs:0;	average resp time:0.0;	90 percentile resp time:0.0;	95 percentile resp time:0.0;	min resp time:0.0;	max resp time:0.0;	stddev resp time:0.0]
]}ServerList:com.alibaba.cloud.nacos.ribbon.NacosServerList@1446e8f5
2020-09-23 10:09:10.161  INFO 9000 --- [reactor-http-nio-3] c.x.g.filter.GlobalRequestLogFilter      : 

================ Gateway Request Start  ================
===> GET: /list
===Headers===  Authorization: [eyJhbGciOiJIUzI1NiIsInR5cCI6IkpXVCJ9.eyJhdWQiOlsicmVzMSJdLCJ1c2VyX25hbWUiOiJrYXJsIiwic2NvcGUiOlsiUk9MRV9BRE1JTiIsIlJPTEVfVVNFUiIsIlJPTEVfQVBJIl0sImV4cCI6MTYwMDgyNzAyOSwiYXV0aG9yaXRpZXMiOlsi5pel5b-X55uR5o6nIiwiRHJ1aWQgTW9uaXRvciIsIlJlZGlz5pON5L2c5bel5YW3Iiwi5p2D6ZmQ566h55CGIiwi5Y-N6aaI5oSP6KeBIiwi5pON5L2c5pel5b-XIiwi5rWL6K-V6Ieq5Yqo5rOo5YaMIiwi5Y-C5pWw566h55CGIiwi57O757uf5pel5b-XIiwi57O757uf566h55CGIiwi5pWw5o2u5bqT5o6n5Yi25Y-wIiwi55So5oi3566h55CGIiwi5byA5Y-R5bel5YW3Iiwi6KeS6Imy566h55CGIl0sImp0aSI6Ijc3MTRlMTc5LTE2YjctNDk1Yi05ZDE0LWIzNTlkMTczNzc0YyIsImNsaWVudF9pZCI6ImMxIn0.FXqSvm7b2MBJeW9-kQuf1DLsWbA1U95-vgCAKk92TFg]
===Headers===  User-Agent: [PostmanRuntime/7.26.5]
===Headers===  Accept: [*/*]
===Headers===  Postman-Token: [d026bb06-7ab2-4d16-bcd9-2d060e39bb41]
===Headers===  Host: [localhost:8887]
===Headers===  Accept-Encoding: [gzip, deflate, br]
===Headers===  Connection: [keep-alive]
================  Gateway Request End  =================

2020-09-23 10:09:11.035  INFO 9000 --- [reactor-http-nio-3] c.x.g.filter.GlobalResponseLogFilter     : 

================ Gateway Response Start  ================
<=== 200 GET: /list
===Headers===  transfer-encoding: [chunked]
===Headers===  X-Content-Type-Options: [nosniff]
===Headers===  X-XSS-Protection: [1; mode=block]
===Headers===  Cache-Control: [no-cache, no-store, max-age=0, must-revalidate]
===Headers===  Pragma: [no-cache]
===Headers===  Expires: [0]
===Headers===  X-Frame-Options: [DENY]
===Headers===  Content-Type: [application/json]
===Headers===  Date: [Wed, 23 Sep 2020 02:09:11 GMT]
================  Gateway Response End  =================

2020-09-23 10:09:11.143  INFO 9000 --- [PollingServerListUpdater-0] c.netflix.config.ChainedDynamicProperty  : Flipping property: user-service.ribbon.ActiveConnectionsLimit to use NEXT property: niws.loadbalancer.availabilityFilteringRule.activeConnectionsLimit = 2147483647
2020-09-23 10:09:33.153  INFO 9000 --- [com.alibaba.nacos.client.Worker.longPolling.fixed-localhost_8848] c.a.n.client.config.impl.ClientWorker    : get changedGroupKeys:[]
2020-09-23 10:09:47.792  INFO 9000 --- [reactor-http-nio-3] c.x.gateway.filter.AuthGlobalFilter      : 【网关认证服务】请求地址：/list
2020-09-23 10:09:47.794  INFO 9000 --- [reactor-http-nio-3] c.x.g.filter.GlobalRequestLogFilter      : 

================ Gateway Request Start  ================
===> GET: /list
===Headers===  Authorization: [eyJhbGciOiJIUzI1NiIsInR5cCI6IkpXVCJ9.eyJhdWQiOlsicmVzMSJdLCJ1c2VyX25hbWUiOiJrYXJsIiwic2NvcGUiOlsiUk9MRV9BRE1JTiIsIlJPTEVfVVNFUiIsIlJPTEVfQVBJIl0sImV4cCI6MTYwMDgyNzAyOSwiYXV0aG9yaXRpZXMiOlsi5pel5b-X55uR5o6nIiwiRHJ1aWQgTW9uaXRvciIsIlJlZGlz5pON5L2c5bel5YW3Iiwi5p2D6ZmQ566h55CGIiwi5Y-N6aaI5oSP6KeBIiwi5pON5L2c5pel5b-XIiwi5rWL6K-V6Ieq5Yqo5rOo5YaMIiwi5Y-C5pWw566h55CGIiwi57O757uf5pel5b-XIiwi57O757uf566h55CGIiwi5pWw5o2u5bqT5o6n5Yi25Y-wIiwi55So5oi3566h55CGIiwi5byA5Y-R5bel5YW3Iiwi6KeS6Imy566h55CGIl0sImp0aSI6Ijc3MTRlMTc5LTE2YjctNDk1Yi05ZDE0LWIzNTlkMTczNzc0YyIsImNsaWVudF9pZCI6ImMxIn0.FXqSvm7b2MBJeW9-kQuf1DLsWbA1U95-vgCAKk92TFg]
===Headers===  User-Agent: [PostmanRuntime/7.26.5]
===Headers===  Accept: [*/*]
===Headers===  Postman-Token: [6e21cf15-d7e9-4316-b706-4286a12e05f7]
===Headers===  Host: [localhost:8887]
===Headers===  Accept-Encoding: [gzip, deflate, br]
===Headers===  Connection: [keep-alive]
================  Gateway Request End  =================

2020-09-23 10:10:02.659  INFO 9000 --- [com.alibaba.nacos.client.Worker.longPolling.fixed-localhost_8848] c.a.n.client.config.impl.ClientWorker    : get changedGroupKeys:[]
2020-09-23 10:10:32.163  INFO 9000 --- [com.alibaba.nacos.client.Worker.longPolling.fixed-localhost_8848] c.a.n.client.config.impl.ClientWorker    : get changedGroupKeys:[]
2020-09-23 10:11:01.668  INFO 9000 --- [com.alibaba.nacos.client.Worker.longPolling.fixed-localhost_8848] c.a.n.client.config.impl.ClientWorker    : get changedGroupKeys:[]
2020-09-23 10:11:31.174  INFO 9000 --- [com.alibaba.nacos.client.Worker.longPolling.fixed-localhost_8848] c.a.n.client.config.impl.ClientWorker    : get changedGroupKeys:[]
2020-09-23 10:12:00.679  INFO 9000 --- [com.alibaba.nacos.client.Worker.longPolling.fixed-localhost_8848] c.a.n.client.config.impl.ClientWorker    : get changedGroupKeys:[]
2020-09-23 10:12:30.190  INFO 9000 --- [com.alibaba.nacos.client.Worker.longPolling.fixed-localhost_8848] c.a.n.client.config.impl.ClientWorker    : get changedGroupKeys:[]
2020-09-23 10:12:59.697  INFO 9000 --- [com.alibaba.nacos.client.Worker.longPolling.fixed-localhost_8848] c.a.n.client.config.impl.ClientWorker    : get changedGroupKeys:[]
2020-09-23 10:13:29.201  INFO 9000 --- [com.alibaba.nacos.client.Worker.longPolling.fixed-localhost_8848] c.a.n.client.config.impl.ClientWorker    : get changedGroupKeys:[]
2020-09-23 10:13:50.479  INFO 9000 --- [reactor-http-nio-3] c.x.g.filter.GlobalResponseLogFilter     : 

================ Gateway Response Start  ================
<=== 200 GET: /list
===Headers===  transfer-encoding: [chunked]
===Headers===  X-Content-Type-Options: [nosniff]
===Headers===  X-XSS-Protection: [1; mode=block]
===Headers===  Cache-Control: [no-cache, no-store, max-age=0, must-revalidate]
===Headers===  Pragma: [no-cache]
===Headers===  Expires: [0]
===Headers===  X-Frame-Options: [DENY]
===Headers===  Content-Type: [application/json]
===Headers===  Date: [Wed, 23 Sep 2020 02:13:50 GMT]
================  Gateway Response End  =================

2020-09-23 10:13:58.773  INFO 9000 --- [com.alibaba.nacos.client.Worker.longPolling.fixed-localhost_8848] c.a.n.client.config.impl.ClientWorker    : get changedGroupKeys:[]
2020-09-23 10:14:04.517  INFO 9000 --- [reactor-http-nio-3] c.x.gateway.filter.AuthGlobalFilter      : 【网关认证服务】请求地址：/list
2020-09-23 10:14:04.519  INFO 9000 --- [reactor-http-nio-3] c.x.g.filter.GlobalResponseLogFilter     : 

================ Gateway Response Start  ================
<=== 200 GET: /list
===Headers===  Content-Type: [application/json;charset=UTF-8]
===Headers===  content-length: [33]
================  Gateway Response End  =================

2020-09-23 10:14:18.692  INFO 9000 --- [reactor-http-nio-3] c.x.gateway.filter.AuthGlobalFilter      : 【网关认证服务】请求地址：/list
2020-09-23 10:14:28.670  INFO 9000 --- [reactor-http-nio-3] c.x.g.filter.GlobalResponseLogFilter     : 

================ Gateway Response Start  ================
<=== 200 GET: /list
===Headers===  Content-Type: [application/json;charset=UTF-8]
===Headers===  content-length: [33]
================  Gateway Response End  =================

2020-09-23 10:14:28.670  INFO 9000 --- [com.alibaba.nacos.client.Worker.longPolling.fixed-localhost_8848] c.a.n.client.config.impl.ClientWorker    : get changedGroupKeys:[]
2020-09-23 10:14:58.179  INFO 9000 --- [com.alibaba.nacos.client.Worker.longPolling.fixed-localhost_8848] c.a.n.client.config.impl.ClientWorker    : get changedGroupKeys:[]
2020-09-23 10:15:13.581  INFO 9000 --- [reactor-http-nio-3] c.x.gateway.filter.AuthGlobalFilter      : 【网关认证服务】请求地址：/auth/oauth/token
2020-09-23 10:15:13.582  INFO 9000 --- [reactor-http-nio-3] c.x.g.filter.GlobalRequestLogFilter      : 

================ Gateway Request Start  ================
===> POST: /auth/oauth/token
===Headers===  User-Agent: [PostmanRuntime/7.26.5]
===Headers===  Accept: [*/*]
===Headers===  Postman-Token: [1df604ef-1d8b-4878-be31-859461af926b]
===Headers===  Host: [localhost:8887]
===Headers===  Accept-Encoding: [gzip, deflate, br]
===Headers===  Connection: [keep-alive]
===Headers===  Content-Type: [application/x-www-form-urlencoded]
===Headers===  Content-Length: [120]
================  Gateway Request End  =================

2020-09-23 10:15:13.964  INFO 9000 --- [reactor-http-nio-3] c.x.g.filter.GlobalResponseLogFilter     : 

================ Gateway Response Start  ================
<=== 200 POST: /auth/oauth/token
===Headers===  transfer-encoding: [chunked]
===Headers===  Cache-Control: [no-store]
===Headers===  Pragma: [no-cache]
===Headers===  X-Content-Type-Options: [nosniff]
===Headers===  X-XSS-Protection: [1; mode=block]
===Headers===  X-Frame-Options: [DENY]
===Headers===  Content-Type: [application/json;charset=UTF-8]
===Headers===  Date: [Wed, 23 Sep 2020 02:15:13 GMT]
================  Gateway Response End  =================

2020-09-23 10:15:24.303  INFO 9000 --- [reactor-http-nio-3] c.x.gateway.filter.AuthGlobalFilter      : 【网关认证服务】请求地址：/list
2020-09-23 10:15:32.257  INFO 9000 --- [com.alibaba.nacos.client.Worker.longPolling.fixed-localhost_8848] c.a.n.client.config.impl.ClientWorker    : get changedGroupKeys:[]
2020-09-23 10:32:15.785  INFO 9000 --- [com.alibaba.nacos.client.Worker.longPolling.fixed-localhost_8848] c.a.n.client.config.impl.ClientWorker    : get changedGroupKeys:[]
2020-09-23 10:32:15.801  INFO 9000 --- [reactor-http-nio-3] c.x.g.filter.GlobalRequestLogFilter      : 

================ Gateway Request Start  ================
===> GET: /list
===Headers===  Authorization: [eyJhbGciOiJIUzI1NiIsInR5cCI6IkpXVCJ9.eyJhdWQiOlsicmVzMSJdLCJ1c2VyX25hbWUiOiJrYXJsIiwic2NvcGUiOlsiUk9MRV9BRE1JTiIsIlJPTEVfVVNFUiIsIlJPTEVfQVBJIl0sImV4cCI6MTYwMDg0NzMxMywiYXV0aG9yaXRpZXMiOlsi5pel5b-X55uR5o6nIiwiRHJ1aWQgTW9uaXRvciIsIlJlZGlz5pON5L2c5bel5YW3Iiwi5p2D6ZmQ566h55CGIiwi5Y-N6aaI5oSP6KeBIiwi5pON5L2c5pel5b-XIiwi5rWL6K-V6Ieq5Yqo5rOo5YaMIiwi5Y-C5pWw566h55CGIiwi57O757uf5pel5b-XIiwi57O757uf566h55CGIiwi5pWw5o2u5bqT5o6n5Yi25Y-wIiwi55So5oi3566h55CGIiwi5byA5Y-R5bel5YW3Iiwi6KeS6Imy566h55CGIl0sImp0aSI6ImJkOTBjZWZmLTVkNjYtNDliYy05ZDRiLWQwYjZlZWQ5YzE1ZSIsImNsaWVudF9pZCI6ImMxIn0.KGiclF8BDVajTG0XUYdu39iqdnBy9HR8e75sJqN1M7s]
===Headers===  User-Agent: [PostmanRuntime/7.26.5]
===Headers===  Accept: [*/*]
===Headers===  Postman-Token: [2f38d36d-dfb1-416e-a770-124313ca33d1]
===Headers===  Host: [localhost:8887]
===Headers===  Accept-Encoding: [gzip, deflate, br]
===Headers===  Connection: [keep-alive]
================  Gateway Request End  =================

2020-09-23 10:32:15.806  INFO 9000 --- [reactor-http-nio-2] c.x.gateway.filter.AuthGlobalFilter      : 【网关认证服务】请求地址：/list
2020-09-23 10:32:17.098  INFO 9000 --- [reactor-http-nio-2] c.x.g.filter.GlobalRequestLogFilter      : 

================ Gateway Request Start  ================
===> GET: /list
===Headers===  Authorization: [eyJhbGciOiJIUzI1NiIsInR5cCI6IkpXVCJ9.eyJhdWQiOlsicmVzMSJdLCJ1c2VyX25hbWUiOiJrYXJsIiwic2NvcGUiOlsiUk9MRV9BRE1JTiIsIlJPTEVfVVNFUiIsIlJPTEVfQVBJIl0sImV4cCI6MTYwMDg0NzMxMywiYXV0aG9yaXRpZXMiOlsi5pel5b-X55uR5o6nIiwiRHJ1aWQgTW9uaXRvciIsIlJlZGlz5pON5L2c5bel5YW3Iiwi5p2D6ZmQ566h55CGIiwi5Y-N6aaI5oSP6KeBIiwi5pON5L2c5pel5b-XIiwi5rWL6K-V6Ieq5Yqo5rOo5YaMIiwi5Y-C5pWw566h55CGIiwi57O757uf5pel5b-XIiwi57O757uf566h55CGIiwi5pWw5o2u5bqT5o6n5Yi25Y-wIiwi55So5oi3566h55CGIiwi5byA5Y-R5bel5YW3Iiwi6KeS6Imy566h55CGIl0sImp0aSI6ImJkOTBjZWZmLTVkNjYtNDliYy05ZDRiLWQwYjZlZWQ5YzE1ZSIsImNsaWVudF9pZCI6ImMxIn0.KGiclF8BDVajTG0XUYdu39iqdnBy9HR8e75sJqN1M7s]
===Headers===  User-Agent: [PostmanRuntime/7.26.5]
===Headers===  Accept: [*/*]
===Headers===  Postman-Token: [ed12615c-3b77-47dc-867f-5e3119a98ca3]
===Headers===  Host: [localhost:8887]
===Headers===  Accept-Encoding: [gzip, deflate, br]
===Headers===  Connection: [keep-alive]
================  Gateway Request End  =================

2020-09-23 10:32:17.250  INFO 9000 --- [reactor-http-nio-2] c.x.g.filter.GlobalResponseLogFilter     : 

================ Gateway Response Start  ================
<=== 200 GET: /list
===Headers===  transfer-encoding: [chunked]
===Headers===  X-Content-Type-Options: [nosniff]
===Headers===  X-XSS-Protection: [1; mode=block]
===Headers===  Cache-Control: [no-cache, no-store, max-age=0, must-revalidate]
===Headers===  Pragma: [no-cache]
===Headers===  Expires: [0]
===Headers===  X-Frame-Options: [DENY]
===Headers===  Content-Type: [application/json]
===Headers===  Date: [Wed, 23 Sep 2020 02:32:17 GMT]
================  Gateway Response End  =================

2020-09-23 10:32:29.925  INFO 9000 --- [reactor-http-nio-2] c.x.gateway.filter.AuthGlobalFilter      : 【网关认证服务】请求地址：/auth/oauth/token
2020-09-23 10:32:29.927  INFO 9000 --- [reactor-http-nio-2] c.x.g.filter.GlobalRequestLogFilter      : 

================ Gateway Request Start  ================
===> POST: /auth/oauth/token
===Headers===  User-Agent: [PostmanRuntime/7.26.5]
===Headers===  Accept: [*/*]
===Headers===  Postman-Token: [3b3d0cae-458c-4b33-bcbd-bdc659293c12]
===Headers===  Host: [localhost:8887]
===Headers===  Accept-Encoding: [gzip, deflate, br]
===Headers===  Connection: [keep-alive]
===Headers===  Content-Type: [application/x-www-form-urlencoded]
===Headers===  Content-Length: [120]
================  Gateway Request End  =================

2020-09-23 10:32:46.631  INFO 9000 --- [com.alibaba.nacos.client.Worker.longPolling.fixed-localhost_8848] c.a.n.client.config.impl.ClientWorker    : get changedGroupKeys:[]
2020-09-23 10:33:16.137  INFO 9000 --- [com.alibaba.nacos.client.Worker.longPolling.fixed-localhost_8848] c.a.n.client.config.impl.ClientWorker    : get changedGroupKeys:[]
2020-09-23 10:33:45.641  INFO 9000 --- [com.alibaba.nacos.client.Worker.longPolling.fixed-localhost_8848] c.a.n.client.config.impl.ClientWorker    : get changedGroupKeys:[]
2020-09-23 10:34:15.146  INFO 9000 --- [com.alibaba.nacos.client.Worker.longPolling.fixed-localhost_8848] c.a.n.client.config.impl.ClientWorker    : get changedGroupKeys:[]
2020-09-23 10:34:44.650  INFO 9000 --- [com.alibaba.nacos.client.Worker.longPolling.fixed-localhost_8848] c.a.n.client.config.impl.ClientWorker    : get changedGroupKeys:[]
2020-09-23 10:35:14.158  INFO 9000 --- [com.alibaba.nacos.client.Worker.longPolling.fixed-localhost_8848] c.a.n.client.config.impl.ClientWorker    : get changedGroupKeys:[]
2020-09-23 10:35:43.664  INFO 9000 --- [com.alibaba.nacos.client.Worker.longPolling.fixed-localhost_8848] c.a.n.client.config.impl.ClientWorker    : get changedGroupKeys:[]
2020-09-23 10:36:13.168  INFO 9000 --- [com.alibaba.nacos.client.Worker.longPolling.fixed-localhost_8848] c.a.n.client.config.impl.ClientWorker    : get changedGroupKeys:[]
2020-09-23 10:36:42.672  INFO 9000 --- [com.alibaba.nacos.client.Worker.longPolling.fixed-localhost_8848] c.a.n.client.config.impl.ClientWorker    : get changedGroupKeys:[]
2020-09-23 10:36:52.405  INFO 9000 --- [reactor-http-nio-2] c.x.g.filter.GlobalResponseLogFilter     : 

================ Gateway Response Start  ================
<=== 500 POST: /auth/oauth/token
===Headers===  transfer-encoding: [chunked]
===Headers===  Cache-Control: [no-store]
===Headers===  Pragma: [no-cache]
===Headers===  X-Content-Type-Options: [nosniff]
===Headers===  X-XSS-Protection: [1; mode=block]
===Headers===  X-Frame-Options: [DENY]
===Headers===  Content-Type: [application/json]
===Headers===  Date: [Wed, 23 Sep 2020 02:36:52 GMT]
================  Gateway Response End  =================

2020-09-23 10:37:12.176  INFO 9000 --- [com.alibaba.nacos.client.Worker.longPolling.fixed-localhost_8848] c.a.n.client.config.impl.ClientWorker    : get changedGroupKeys:[]
2020-09-23 10:37:41.682  INFO 9000 --- [com.alibaba.nacos.client.Worker.longPolling.fixed-localhost_8848] c.a.n.client.config.impl.ClientWorker    : get changedGroupKeys:[]
2020-09-23 10:38:11.189  INFO 9000 --- [com.alibaba.nacos.client.Worker.longPolling.fixed-localhost_8848] c.a.n.client.config.impl.ClientWorker    : get changedGroupKeys:[]
2020-09-23 10:38:40.693  INFO 9000 --- [com.alibaba.nacos.client.Worker.longPolling.fixed-localhost_8848] c.a.n.client.config.impl.ClientWorker    : get changedGroupKeys:[]
2020-09-23 10:39:10.200  INFO 9000 --- [com.alibaba.nacos.client.Worker.longPolling.fixed-localhost_8848] c.a.n.client.config.impl.ClientWorker    : get changedGroupKeys:[]
2020-09-23 10:39:39.708  INFO 9000 --- [com.alibaba.nacos.client.Worker.longPolling.fixed-localhost_8848] c.a.n.client.config.impl.ClientWorker    : get changedGroupKeys:[]
2020-09-23 10:40:09.213  INFO 9000 --- [com.alibaba.nacos.client.Worker.longPolling.fixed-localhost_8848] c.a.n.client.config.impl.ClientWorker    : get changedGroupKeys:[]
2020-09-23 10:40:38.719  INFO 9000 --- [com.alibaba.nacos.client.Worker.longPolling.fixed-localhost_8848] c.a.n.client.config.impl.ClientWorker    : get changedGroupKeys:[]
2020-09-23 10:40:40.734  INFO 9000 --- [reactor-http-nio-2] c.x.gateway.filter.AuthGlobalFilter      : 【网关认证服务】请求地址：/auth/oauth/token
2020-09-23 10:40:40.736  INFO 9000 --- [reactor-http-nio-2] c.x.g.filter.GlobalRequestLogFilter      : 

================ Gateway Request Start  ================
===> POST: /auth/oauth/token
===Headers===  User-Agent: [PostmanRuntime/7.26.5]
===Headers===  Accept: [*/*]
===Headers===  Postman-Token: [9c80f7ab-8440-4693-95a7-d5f50b62f6c3]
===Headers===  Host: [localhost:8887]
===Headers===  Accept-Encoding: [gzip, deflate, br]
===Headers===  Connection: [keep-alive]
===Headers===  Content-Type: [application/x-www-form-urlencoded]
===Headers===  Content-Length: [120]
================  Gateway Request End  =================

2020-09-23 10:40:42.563  INFO 9000 --- [reactor-http-nio-2] c.x.g.filter.GlobalResponseLogFilter     : 

================ Gateway Response Start  ================
<=== 200 POST: /auth/oauth/token
===Headers===  transfer-encoding: [chunked]
===Headers===  Cache-Control: [no-store]
===Headers===  Pragma: [no-cache]
===Headers===  X-Content-Type-Options: [nosniff]
===Headers===  X-XSS-Protection: [1; mode=block]
===Headers===  X-Frame-Options: [DENY]
===Headers===  Content-Type: [application/json;charset=UTF-8]
===Headers===  Date: [Wed, 23 Sep 2020 02:40:42 GMT]
================  Gateway Response End  =================

2020-09-23 10:41:08.227  INFO 9000 --- [com.alibaba.nacos.client.Worker.longPolling.fixed-localhost_8848] c.a.n.client.config.impl.ClientWorker    : get changedGroupKeys:[]
2020-09-23 10:41:37.737  INFO 9000 --- [com.alibaba.nacos.client.Worker.longPolling.fixed-localhost_8848] c.a.n.client.config.impl.ClientWorker    : get changedGroupKeys:[]
2020-09-23 10:41:38.386  INFO 9000 --- [reactor-http-nio-2] c.x.gateway.filter.AuthGlobalFilter      : 【网关认证服务】请求地址：/auth/oauth/token
2020-09-23 10:41:38.387  INFO 9000 --- [reactor-http-nio-2] c.x.g.filter.GlobalRequestLogFilter      : 

================ Gateway Request Start  ================
===> POST: /auth/oauth/token
===Headers===  User-Agent: [PostmanRuntime/7.26.5]
===Headers===  Accept: [*/*]
===Headers===  Postman-Token: [0c3d277f-481d-47e4-bde2-8bb9ed4a2f86]
===Headers===  Host: [localhost:8887]
===Headers===  Accept-Encoding: [gzip, deflate, br]
===Headers===  Connection: [keep-alive]
===Headers===  Content-Type: [application/x-www-form-urlencoded]
===Headers===  Content-Length: [120]
================  Gateway Request End  =================

2020-09-23 10:42:07.246  INFO 9000 --- [com.alibaba.nacos.client.Worker.longPolling.fixed-localhost_8848] c.a.n.client.config.impl.ClientWorker    : get changedGroupKeys:[]
2020-09-23 10:42:36.750  INFO 9000 --- [com.alibaba.nacos.client.Worker.longPolling.fixed-localhost_8848] c.a.n.client.config.impl.ClientWorker    : get changedGroupKeys:[]
2020-09-23 10:43:06.259  INFO 9000 --- [com.alibaba.nacos.client.Worker.longPolling.fixed-localhost_8848] c.a.n.client.config.impl.ClientWorker    : get changedGroupKeys:[]
2020-09-23 10:43:32.175  INFO 9000 --- [reactor-http-nio-2] c.x.g.filter.GlobalResponseLogFilter     : 

================ Gateway Response Start  ================
<=== 200 POST: /auth/oauth/token
===Headers===  transfer-encoding: [chunked]
===Headers===  Cache-Control: [no-store]
===Headers===  Pragma: [no-cache]
===Headers===  X-Content-Type-Options: [nosniff]
===Headers===  X-XSS-Protection: [1; mode=block]
===Headers===  X-Frame-Options: [DENY]
===Headers===  Content-Type: [application/json;charset=UTF-8]
===Headers===  Date: [Wed, 23 Sep 2020 02:43:32 GMT]
================  Gateway Response End  =================

2020-09-23 10:43:35.766  INFO 9000 --- [com.alibaba.nacos.client.Worker.longPolling.fixed-localhost_8848] c.a.n.client.config.impl.ClientWorker    : get changedGroupKeys:[]
2020-09-23 10:44:05.268  INFO 9000 --- [com.alibaba.nacos.client.Worker.longPolling.fixed-localhost_8848] c.a.n.client.config.impl.ClientWorker    : get changedGroupKeys:[]
2020-09-23 10:44:34.784  INFO 9000 --- [com.alibaba.nacos.client.Worker.longPolling.fixed-localhost_8848] c.a.n.client.config.impl.ClientWorker    : get changedGroupKeys:[]
2020-09-23 10:45:04.295  INFO 9000 --- [com.alibaba.nacos.client.Worker.longPolling.fixed-localhost_8848] c.a.n.client.config.impl.ClientWorker    : get changedGroupKeys:[]
2020-09-23 10:45:33.799  INFO 9000 --- [com.alibaba.nacos.client.Worker.longPolling.fixed-localhost_8848] c.a.n.client.config.impl.ClientWorker    : get changedGroupKeys:[]
2020-09-23 10:46:03.305  INFO 9000 --- [com.alibaba.nacos.client.Worker.longPolling.fixed-localhost_8848] c.a.n.client.config.impl.ClientWorker    : get changedGroupKeys:[]
2020-09-23 10:46:32.810  INFO 9000 --- [com.alibaba.nacos.client.Worker.longPolling.fixed-localhost_8848] c.a.n.client.config.impl.ClientWorker    : get changedGroupKeys:[]
2020-09-23 10:47:02.312  INFO 9000 --- [com.alibaba.nacos.client.Worker.longPolling.fixed-localhost_8848] c.a.n.client.config.impl.ClientWorker    : get changedGroupKeys:[]
2020-09-23 10:47:31.876  INFO 9000 --- [com.alibaba.nacos.client.Worker.longPolling.fixed-localhost_8848] c.a.n.client.config.impl.ClientWorker    : get changedGroupKeys:[]
2020-09-23 10:48:01.383  INFO 9000 --- [com.alibaba.nacos.client.Worker.longPolling.fixed-localhost_8848] c.a.n.client.config.impl.ClientWorker    : get changedGroupKeys:[]
2020-09-23 10:48:30.888  INFO 9000 --- [com.alibaba.nacos.client.Worker.longPolling.fixed-localhost_8848] c.a.n.client.config.impl.ClientWorker    : get changedGroupKeys:[]
2020-09-23 10:48:57.468  INFO 9000 --- [reactor-http-nio-2] c.x.gateway.filter.AuthGlobalFilter      : 【网关认证服务】请求地址：/auth/oauth/token
2020-09-23 10:48:57.470  INFO 9000 --- [reactor-http-nio-2] c.x.g.filter.GlobalRequestLogFilter      : 

================ Gateway Request Start  ================
===> POST: /auth/oauth/token
===Headers===  User-Agent: [PostmanRuntime/7.26.5]
===Headers===  Accept: [*/*]
===Headers===  Postman-Token: [984a262a-39ca-4142-b280-feaddf409f24]
===Headers===  Host: [localhost:8887]
===Headers===  Accept-Encoding: [gzip, deflate, br]
===Headers===  Connection: [keep-alive]
===Headers===  Content-Type: [application/x-www-form-urlencoded]
===Headers===  Content-Length: [120]
================  Gateway Request End  =================

2020-09-23 10:48:59.292  INFO 9000 --- [reactor-http-nio-2] c.x.g.filter.GlobalResponseLogFilter     : 

================ Gateway Response Start  ================
<=== 200 POST: /auth/oauth/token
===Headers===  transfer-encoding: [chunked]
===Headers===  Cache-Control: [no-store]
===Headers===  Pragma: [no-cache]
===Headers===  X-Content-Type-Options: [nosniff]
===Headers===  X-XSS-Protection: [1; mode=block]
===Headers===  X-Frame-Options: [DENY]
===Headers===  Content-Type: [application/json;charset=UTF-8]
===Headers===  Date: [Wed, 23 Sep 2020 02:48:59 GMT]
================  Gateway Response End  =================

2020-09-23 10:49:00.397  INFO 9000 --- [com.alibaba.nacos.client.Worker.longPolling.fixed-localhost_8848] c.a.n.client.config.impl.ClientWorker    : get changedGroupKeys:[]
2020-09-23 10:49:16.809  INFO 9000 --- [reactor-http-nio-2] c.x.gateway.filter.AuthGlobalFilter      : 【网关认证服务】请求地址：/list
2020-09-23 10:49:16.812  INFO 9000 --- [reactor-http-nio-2] c.x.g.filter.GlobalRequestLogFilter      : 

================ Gateway Request Start  ================
===> GET: /list
===Headers===  Authorization: [eyJhbGciOiJIUzI1NiIsInR5cCI6IkpXVCJ9.eyJhdWQiOlsicmVzMSJdLCJ1c2VyX25hbWUiOiJrYXJsIiwic2NvcGUiOlsiUk9MRV9BRE1JTiIsIlJPTEVfVVNFUiIsIlJPTEVfQVBJIl0sIlVzZXJJbmZvIjoie1wicmVhbE5hbWVcIjpcIuWHr1wiLFwicGhvbmVcIjpcIjE3Njc0NzAxMjQ4XCIsXCJ1c2VySWRcIjoxNSxcImVtYWlsXCI6XCIxNjExODE4Njk4QHFxLmNvbVwiLFwic3RhdHVzXCI6XCIwXCJ9IiwiZXhwIjoxNjAwODQ5MzM5LCJhdXRob3JpdGllcyI6WyLml6Xlv5fnm5HmjqciLCJEcnVpZCBNb25pdG9yIiwiUmVkaXPmk43kvZzlt6XlhbciLCLmnYPpmZDnrqHnkIYiLCLlj43ppojmhI_op4EiLCLmk43kvZzml6Xlv5ciLCLmtYvor5Xoh6rliqjms6jlhowiLCLlj4LmlbDnrqHnkIYiLCLns7vnu5_ml6Xlv5ciLCLns7vnu5_nrqHnkIYiLCLmlbDmja7lupPmjqfliLblj7AiLCLnlKjmiLfnrqHnkIYiLCLlvIDlj5Hlt6XlhbciLCLop5LoibLnrqHnkIYiXSwianRpIjoiMDAzYzVjNTItY2FjYi00MzNjLWI2N2ItMzFiNjg2Y2Q5MWM0IiwiY2xpZW50X2lkIjoiYzEifQ.9LxwGVdCq5w3GNswmOSdHLNgAzfgVqLRKUPlfXsIwqg]
===Headers===  User-Agent: [PostmanRuntime/7.26.5]
===Headers===  Accept: [*/*]
===Headers===  Postman-Token: [eb579434-d61e-4b3b-a114-5f1f2807df52]
===Headers===  Host: [localhost:8887]
===Headers===  Accept-Encoding: [gzip, deflate, br]
===Headers===  Connection: [keep-alive]
================  Gateway Request End  =================

2020-09-23 10:49:29.900  INFO 9000 --- [com.alibaba.nacos.client.Worker.longPolling.fixed-localhost_8848] c.a.n.client.config.impl.ClientWorker    : get changedGroupKeys:[]
2020-09-23 10:49:59.405  INFO 9000 --- [com.alibaba.nacos.client.Worker.longPolling.fixed-localhost_8848] c.a.n.client.config.impl.ClientWorker    : get changedGroupKeys:[]
2020-09-23 10:50:28.922  INFO 9000 --- [com.alibaba.nacos.client.Worker.longPolling.fixed-localhost_8848] c.a.n.client.config.impl.ClientWorker    : get changedGroupKeys:[]
2020-09-23 10:50:58.428  INFO 9000 --- [com.alibaba.nacos.client.Worker.longPolling.fixed-localhost_8848] c.a.n.client.config.impl.ClientWorker    : get changedGroupKeys:[]
2020-09-23 10:51:27.932  INFO 9000 --- [com.alibaba.nacos.client.Worker.longPolling.fixed-localhost_8848] c.a.n.client.config.impl.ClientWorker    : get changedGroupKeys:[]
2020-09-23 10:51:57.438  INFO 9000 --- [com.alibaba.nacos.client.Worker.longPolling.fixed-localhost_8848] c.a.n.client.config.impl.ClientWorker    : get changedGroupKeys:[]
2020-09-23 10:52:26.944  INFO 9000 --- [com.alibaba.nacos.client.Worker.longPolling.fixed-localhost_8848] c.a.n.client.config.impl.ClientWorker    : get changedGroupKeys:[]
2020-09-23 10:52:56.447  INFO 9000 --- [com.alibaba.nacos.client.Worker.longPolling.fixed-localhost_8848] c.a.n.client.config.impl.ClientWorker    : get changedGroupKeys:[]
2020-09-23 10:53:25.952  INFO 9000 --- [com.alibaba.nacos.client.Worker.longPolling.fixed-localhost_8848] c.a.n.client.config.impl.ClientWorker    : get changedGroupKeys:[]
2020-09-23 10:53:55.459  INFO 9000 --- [com.alibaba.nacos.client.Worker.longPolling.fixed-localhost_8848] c.a.n.client.config.impl.ClientWorker    : get changedGroupKeys:[]
2020-09-23 10:54:01.591  INFO 9000 --- [reactor-http-nio-2] c.x.g.filter.GlobalResponseLogFilter     : 

================ Gateway Response Start  ================
<=== 200 GET: /list
===Headers===  transfer-encoding: [chunked]
===Headers===  X-Content-Type-Options: [nosniff]
===Headers===  X-XSS-Protection: [1; mode=block]
===Headers===  Cache-Control: [no-cache, no-store, max-age=0, must-revalidate]
===Headers===  Pragma: [no-cache]
===Headers===  Expires: [0]
===Headers===  X-Frame-Options: [DENY]
===Headers===  Content-Type: [application/json]
===Headers===  Date: [Wed, 23 Sep 2020 02:54:01 GMT]
================  Gateway Response End  =================

2020-09-23 10:54:24.985  INFO 9000 --- [com.alibaba.nacos.client.Worker.longPolling.fixed-localhost_8848] c.a.n.client.config.impl.ClientWorker    : get changedGroupKeys:[]
2020-09-23 10:54:54.515  INFO 9000 --- [com.alibaba.nacos.client.Worker.longPolling.fixed-localhost_8848] c.a.n.client.config.impl.ClientWorker    : get changedGroupKeys:[]
2020-09-23 10:55:24.022  INFO 9000 --- [com.alibaba.nacos.client.Worker.longPolling.fixed-localhost_8848] c.a.n.client.config.impl.ClientWorker    : get changedGroupKeys:[]
2020-09-23 10:55:53.529  INFO 9000 --- [com.alibaba.nacos.client.Worker.longPolling.fixed-localhost_8848] c.a.n.client.config.impl.ClientWorker    : get changedGroupKeys:[]
2020-09-23 10:56:23.035  INFO 9000 --- [com.alibaba.nacos.client.Worker.longPolling.fixed-localhost_8848] c.a.n.client.config.impl.ClientWorker    : get changedGroupKeys:[]
2020-09-23 10:56:52.559  INFO 9000 --- [com.alibaba.nacos.client.Worker.longPolling.fixed-localhost_8848] c.a.n.client.config.impl.ClientWorker    : get changedGroupKeys:[]
2020-09-23 10:57:22.083  INFO 9000 --- [com.alibaba.nacos.client.Worker.longPolling.fixed-localhost_8848] c.a.n.client.config.impl.ClientWorker    : get changedGroupKeys:[]
2020-09-23 10:57:51.588  INFO 9000 --- [com.alibaba.nacos.client.Worker.longPolling.fixed-localhost_8848] c.a.n.client.config.impl.ClientWorker    : get changedGroupKeys:[]
2020-09-23 10:58:21.093  INFO 9000 --- [com.alibaba.nacos.client.Worker.longPolling.fixed-localhost_8848] c.a.n.client.config.impl.ClientWorker    : get changedGroupKeys:[]
2020-09-23 10:58:50.597  INFO 9000 --- [com.alibaba.nacos.client.Worker.longPolling.fixed-localhost_8848] c.a.n.client.config.impl.ClientWorker    : get changedGroupKeys:[]
2020-09-23 10:59:09.810  INFO 9000 --- [reactor-http-nio-2] c.x.gateway.filter.AuthGlobalFilter      : 【网关认证服务】请求地址：/list
2020-09-23 10:59:09.815  INFO 9000 --- [reactor-http-nio-2] c.x.g.filter.GlobalRequestLogFilter      : 

================ Gateway Request Start  ================
===> GET: /list
===Headers===  Authorization: [eyJhbGciOiJIUzI1NiIsInR5cCI6IkpXVCJ9.eyJhdWQiOlsicmVzMSJdLCJ1c2VyX25hbWUiOiJrYXJsIiwic2NvcGUiOlsiUk9MRV9BRE1JTiIsIlJPTEVfVVNFUiIsIlJPTEVfQVBJIl0sIlVzZXJJbmZvIjoie1wicmVhbE5hbWVcIjpcIuWHr1wiLFwicGhvbmVcIjpcIjE3Njc0NzAxMjQ4XCIsXCJ1c2VySWRcIjoxNSxcImVtYWlsXCI6XCIxNjExODE4Njk4QHFxLmNvbVwiLFwic3RhdHVzXCI6XCIwXCJ9IiwiZXhwIjoxNjAwODQ5MzM5LCJhdXRob3JpdGllcyI6WyLml6Xlv5fnm5HmjqciLCJEcnVpZCBNb25pdG9yIiwiUmVkaXPmk43kvZzlt6XlhbciLCLmnYPpmZDnrqHnkIYiLCLlj43ppojmhI_op4EiLCLmk43kvZzml6Xlv5ciLCLmtYvor5Xoh6rliqjms6jlhowiLCLlj4LmlbDnrqHnkIYiLCLns7vnu5_ml6Xlv5ciLCLns7vnu5_nrqHnkIYiLCLmlbDmja7lupPmjqfliLblj7AiLCLnlKjmiLfnrqHnkIYiLCLlvIDlj5Hlt6XlhbciLCLop5LoibLnrqHnkIYiXSwianRpIjoiMDAzYzVjNTItY2FjYi00MzNjLWI2N2ItMzFiNjg2Y2Q5MWM0IiwiY2xpZW50X2lkIjoiYzEifQ.9LxwGVdCq5w3GNswmOSdHLNgAzfgVqLRKUPlfXsIwqg]
===Headers===  User-Agent: [PostmanRuntime/7.26.5]
===Headers===  Accept: [*/*]
===Headers===  Postman-Token: [9a07aa84-7b59-41b0-aaad-7959147defd8]
===Headers===  Host: [localhost:8887]
===Headers===  Accept-Encoding: [gzip, deflate, br]
===Headers===  Connection: [keep-alive]
================  Gateway Request End  =================

2020-09-23 10:59:17.071  INFO 9000 --- [reactor-http-nio-2] c.x.g.filter.GlobalResponseLogFilter     : 

================ Gateway Response Start  ================
<=== 500 GET: /list
===Headers===  transfer-encoding: [chunked]
===Headers===  X-Content-Type-Options: [nosniff]
===Headers===  X-XSS-Protection: [1; mode=block]
===Headers===  Cache-Control: [no-cache, no-store, max-age=0, must-revalidate]
===Headers===  Pragma: [no-cache]
===Headers===  Expires: [0]
===Headers===  X-Frame-Options: [DENY]
===Headers===  Content-Type: [application/json]
===Headers===  Date: [Wed, 23 Sep 2020 02:59:17 GMT]
================  Gateway Response End  =================

2020-09-23 10:59:20.104  INFO 9000 --- [com.alibaba.nacos.client.Worker.longPolling.fixed-localhost_8848] c.a.n.client.config.impl.ClientWorker    : get changedGroupKeys:[]
2020-09-23 10:59:49.608  INFO 9000 --- [com.alibaba.nacos.client.Worker.longPolling.fixed-localhost_8848] c.a.n.client.config.impl.ClientWorker    : get changedGroupKeys:[]
